before Br =  |  0.14  0.72  0.19  0.16 |
             | -0.03  0.11  0.20  0.06 |
             | -0.03  0.11  0.20  0.06 |
             |  0.86  0.28  0.81  0.84 |

before Bi =  |  0.00  0.00  0.00  0.00 |
             |  0.34  0.44  0.34  0.36 |
             | -0.34 -0.44 -0.34 -0.36 |
             |  0.00  0.00  0.00  0.00 |

iter    0 val 0.302789300 (1.111424262 from ideal, 1.302789300 from prev)
iter    1 val 1.414213562 (0.000000000 from ideal, 1.111424262 from prev)

A[0][0] =  |  0.24+0.00i -0.40-0.16i |
           | -0.40+0.16i  0.76+0.00i |

A[0][1] =  |  0.76+0.00i  0.40+0.16i |
           |  0.40-0.16i  0.24+0.00i |

A[0][2] =  |  0.00+0.00i  0.00+0.00i |
           |  0.00-0.00i -0.00+0.00i |

A[1][0] =  |  0.18+0.00i  0.06+0.38i |
           |  0.06-0.38i  0.82+0.00i |

A[1][1] =  |  0.82+0.00i -0.06-0.38i |
           | -0.06+0.38i  0.18+0.00i |

A[1][2] =  |  0.00+0.00i  0.00-0.00i |
           |  0.00+0.00i -0.00+0.00i |

A[2][0] =  |  0.82+0.00i -0.06-0.38i |
           | -0.06+0.38i  0.18+0.00i |

A[2][1] =  |  0.18+0.00i  0.06+0.38i |
           |  0.06-0.38i  0.82+0.00i |

A[2][2] =  |  0.00+0.00i -0.00-0.00i |
           | -0.00+0.00i -0.00+0.00i |

A[3][0] =  |  0.76+0.00i  0.40+0.16i |
           |  0.40-0.16i  0.24+0.00i |

A[3][1] =  |  0.24+0.00i -0.40-0.16i |
           | -0.40+0.16i  0.76+0.00i |

A[3][2] =  |  0.00+0.00i -0.00-0.00i |
           | -0.00+0.00i -0.00+0.00i |

B[0][0] =  |  0.09+0.00i -0.24-0.16i |
           | -0.24+0.16i  0.91+0.00i |

B[0][1] =  |  0.91+0.00i  0.24+0.16i |
           |  0.24-0.16i  0.09+0.00i |

B[1][0] =  |  0.45+0.00i  0.33-0.38i |
           |  0.33+0.38i  0.55+0.00i |

B[1][1] =  |  0.55+0.00i -0.33+0.38i |
           | -0.33-0.38i  0.45+0.00i |

moments 0 1 =  | (0.5000,0.0000) (0.5000,0.0000) |
               | (0.5000,0.0000) (0.5000,0.0000) |
final result = 1.41421 <= 1.41421 (0.00000 away)
