before Br =  |  0.84  0.55  0.20  0.60  0.16  0.57 |
             | -0.36  0.19  0.33 -0.47  0.24  0.43 |
             | -0.36  0.19  0.33 -0.47  0.24  0.43 |
             |  0.16  0.45  0.80  0.40  0.84  0.43 |

before Bi =  |  0.00  0.00  0.00  0.00  0.00  0.00 |
             | -0.06  0.46 -0.23 -0.14 -0.28 -0.25 |
             |  0.06 -0.46  0.23  0.14  0.28  0.25 |
             |  0.00  0.00  0.00  0.00  0.00  0.00 |

iter    0 val 1.533604510 (2.709036177 from ideal, 2.533604510 from prev)
iter    1 val 4.109163863 (0.133476824 from ideal, 2.575559353 from prev)
iter    2 val 4.198160631 (0.044480056 from ideal, 0.088996768 from prev)
iter    3 val 4.228207874 (0.014432813 from ideal, 0.030047243 from prev)
iter    4 val 4.238369949 (0.004270738 from ideal, 0.010162075 from prev)
iter    5 val 4.241466565 (0.001174122 from ideal, 0.003096616 from prev)
iter    6 val 4.242332150 (0.000308537 from ideal, 0.000865585 from prev)
iter    7 val 4.242561639 (0.000079049 from ideal, 0.000229489 from prev)
iter    8 val 4.242620719 (0.000019968 from ideal, 0.000059080 from prev)
iter    9 val 4.242635684 (0.000005003 from ideal, 0.000014965 from prev)
iter   10 val 4.242639436 (0.000001251 from ideal, 0.000003753 from prev)
iter   11 val 4.242640369 (0.000000318 from ideal, 0.000000933 from prev)
iter   12 val 4.242640598 (0.000000089 from ideal, 0.000000229 from prev)
iter   13 val 4.242640654 (0.000000034 from ideal, 0.000000055 from prev)
iter   14 val 4.242640666 (0.000000021 from ideal, 0.000000013 from prev)
iter   15 val 4.242640669 (0.000000018 from ideal, 0.000000003 from prev)
iter   16 val 4.242640669 (0.000000018 from ideal, 0.000000000 from prev)
iter   17 val 4.242640669 (0.000000018 from ideal, 0.000000000 from prev)
iter   18 val 4.242640669 (0.000000018 from ideal, 0.000000000 from prev)
iter   19 val 4.242640669 (0.000000018 from ideal, 0.000000000 from prev)
iter   20 val 4.242640669 (0.000000018 from ideal, 0.000000000 from prev)
iter   21 val 4.242640669 (0.000000018 from ideal, 0.000000000 from prev)
iter   22 val 4.242640669 (0.000000018 from ideal, 0.000000000 from prev)
iter   23 val 4.242640669 (0.000000018 from ideal, 0.000000000 from prev)
iter   24 val 4.242640669 (0.000000018 from ideal, 0.000000000 from prev)
iter   25 val 4.242640669 (0.000000018 from ideal, 0.000000000 from prev)

A[0][0] =  |  0.74+0.00i -0.40+0.19i |
           | -0.40-0.19i  0.26+0.00i |

A[0][1] =  |  0.26+0.00i  0.40-0.19i |
           |  0.40+0.19i  0.74+0.00i |

A[0][2] =  |  0.00+0.00i  0.00-0.00i |
           |  0.00+0.00i -0.00+0.00i |

A[1][0] =  |  0.51+0.00i  0.22+0.45i |
           |  0.22-0.45i  0.49+0.00i |

A[1][1] =  |  0.49+0.00i -0.22-0.45i |
           | -0.22+0.45i  0.51+0.00i |

A[1][2] =  |  0.00+0.00i  0.00-0.00i |
           |  0.00+0.00i -0.00+0.00i |

A[2][0] =  |  0.49+0.00i -0.22-0.45i |
           | -0.22+0.45i  0.51+0.00i |

A[2][1] =  |  0.51+0.00i  0.22+0.45i |
           |  0.22-0.45i  0.49+0.00i |

A[2][2] =  |  0.00+0.00i -0.00-0.00i |
           | -0.00+0.00i -0.00+0.00i |

A[3][0] =  |  0.26+0.00i  0.40-0.19i |
           |  0.40+0.19i  0.74+0.00i |

A[3][1] =  |  0.74+0.00i -0.40+0.19i |
           | -0.40-0.19i  0.26+0.00i |

A[3][2] =  |  0.00+0.00i  0.00+0.00i |
           |  0.00-0.00i -0.00+0.00i |

A[4][0] =  |  0.94+0.00i  0.06+0.23i |
           |  0.06-0.23i  0.06+0.00i |

A[4][1] =  |  0.06+0.00i -0.06-0.23i |
           | -0.06+0.23i  0.94+0.00i |

A[4][2] =  |  0.00+0.00i -0.00-0.00i |
           | -0.00+0.00i -0.00+0.00i |

A[5][0] =  |  0.32+0.00i -0.24+0.40i |
           | -0.24-0.40i  0.68+0.00i |

A[5][1] =  |  0.68+0.00i  0.24-0.40i |
           |  0.24+0.40i  0.32+0.00i |

A[5][2] =  |  0.00+0.00i -0.00+0.00i |
           | -0.00-0.00i -0.00+0.00i |

A[6][0] =  |  0.68+0.00i  0.24-0.40i |
           |  0.24+0.40i  0.32+0.00i |

A[6][1] =  |  0.32+0.00i -0.24+0.40i |
           | -0.24-0.40i  0.68+0.00i |

A[6][2] =  |  0.00+0.00i  0.00-0.00i |
           |  0.00+0.00i -0.00+0.00i |

A[7][0] =  |  0.06+0.00i -0.06-0.23i |
           | -0.06+0.23i  0.94+0.00i |

A[7][1] =  |  0.94+0.00i  0.06+0.23i |
           |  0.06-0.23i  0.06+0.00i |

A[7][2] =  |  0.00+0.00i  0.00-0.00i |
           |  0.00+0.00i -0.00+0.00i |

A[8][0] =  |  0.70+0.00i  0.46+0.05i |
           |  0.46-0.05i  0.30+0.00i |

A[8][1] =  |  0.30+0.00i -0.46-0.05i |
           | -0.46+0.05i  0.70+0.00i |

A[8][2] =  |  0.00+0.00i  0.00-0.00i |
           |  0.00+0.00i -0.00+0.00i |

A[9][0] =  |  0.08+0.00i  0.16+0.21i |
           |  0.16-0.21i  0.92+0.00i |

A[9][1] =  |  0.92+0.00i -0.16-0.21i |
           | -0.16+0.21i  0.08+0.00i |

A[9][2] =  |  0.00+0.00i  0.00-0.00i |
           |  0.00+0.00i -0.00+0.00i |

A[10][0] =  |  0.92+0.00i -0.16-0.21i |
            | -0.16+0.21i  0.08+0.00i |

A[10][1] =  |  0.08+0.00i  0.16+0.21i |
            |  0.16-0.21i  0.92+0.00i |

A[10][2] =  |  0.00+0.00i -0.00+0.00i |
            | -0.00-0.00i -0.00+0.00i |

A[11][0] =  |  0.30+0.00i -0.46-0.05i |
            | -0.46+0.05i  0.70+0.00i |

A[11][1] =  |  0.70+0.00i  0.46+0.05i |
            |  0.46-0.05i  0.30+0.00i |

A[11][2] =  |  0.00+0.00i -0.00-0.00i |
            | -0.00+0.00i -0.00+0.00i |

B[0][0] =  |  0.68+0.00i -0.12-0.45i |
           | -0.12+0.45i  0.32+0.00i |

B[0][1] =  |  0.32+0.00i  0.12+0.45i |
           |  0.12-0.45i  0.68+0.00i |

B[1][0] =  |  0.34+0.00i  0.44-0.19i |
           |  0.44+0.19i  0.66+0.00i |

B[1][1] =  |  0.66+0.00i -0.44+0.19i |
           | -0.44-0.19i  0.34+0.00i |

B[2][0] =  |  0.06+0.00i -0.21-0.12i |
           | -0.21+0.12i  0.94+0.00i |

B[2][1] =  |  0.94+0.00i  0.21+0.12i |
           |  0.21-0.12i  0.06+0.00i |

moments 0 1 =  | (0.5000,0.0000) (0.5000,0.0000) |
               | (0.5000,0.0000) (0.5000,0.0000) |

moments 0 2 =  | (0.5000,0.0000) (0.5000,0.0000) |
               | (0.5000,0.0000) (0.5000,0.0000) |

moments 1 2 =  | (0.5000,0.0000) (0.5000,0.0000) |
               | (0.5000,0.0000) (0.5000,0.0000) |
final result = 4.24264 <= 4.24264 (0.00000 away)
