before Br =  |  0.42  0.01  0.50  0.55  0.48  0.44  0.17  0.45  0.45 |
             |  0.14 -0.03  0.14  0.15  0.02 -0.18 -0.07 -0.09 -0.42 |
             |  0.07 -0.09 -0.25 -0.12 -0.11 -0.10 -0.30 -0.43  0.03 |
             |  0.14 -0.03  0.14  0.15  0.02 -0.18 -0.07 -0.09 -0.42 |
             |  0.22  0.12  0.33  0.33  0.28  0.38  0.29  0.13  0.46 |
             | -0.22  0.32 -0.18 -0.20 -0.25 -0.18  0.06  0.07 -0.10 |
             |  0.07 -0.09 -0.25 -0.12 -0.11 -0.10 -0.30 -0.43  0.03 |
             | -0.22  0.32 -0.18 -0.20 -0.25 -0.18  0.06  0.07 -0.10 |
             |  0.35  0.87  0.17  0.12  0.24  0.18  0.54  0.42  0.09 |

before Bi =  |  0.00  0.00  0.00  0.00  0.00  0.00  0.00  0.00  0.00 |
             | -0.27  0.02 -0.38 -0.40 -0.37  0.36 -0.21 -0.22  0.17 |
             |  0.38  0.03  0.15  0.22  0.32 -0.27  0.05  0.04 -0.20 |
             |  0.27 -0.02  0.38  0.40  0.37 -0.36  0.21  0.22 -0.17 |
             |  0.00  0.00  0.00  0.00  0.00  0.00  0.00  0.00  0.00 |
             |  0.18  0.07 -0.15 -0.03 -0.07  0.19 -0.39 -0.22  0.18 |
             | -0.38 -0.03 -0.15 -0.22 -0.32  0.27 -0.05 -0.04  0.20 |
             | -0.18 -0.07  0.15  0.03  0.07 -0.19  0.39  0.22 -0.18 |
             |  0.00  0.00  0.00  0.00  0.00  0.00  0.00  0.00  0.00 |

iter    0 val 1.283376671 (6.065092558 from ideal, 2.283376671 from prev)
iter    1 val 7.218686532 (0.129782697 from ideal, 5.935309861 from prev)
iter    2 val 7.241082793 (0.107386435 from ideal, 0.022396261 from prev)
iter    3 val 7.256730006 (0.091739223 from ideal, 0.015647212 from prev)
iter    4 val 7.268042928 (0.080426300 from ideal, 0.011312923 from prev)
iter    5 val 7.276626179 (0.071843049 from ideal, 0.008583251 from prev)
iter    6 val 7.283468759 (0.065000470 from ideal, 0.006842580 from prev)
iter    7 val 7.289155867 (0.059313362 from ideal, 0.005687108 from prev)
iter    8 val 7.294023650 (0.054445578 from ideal, 0.004867784 from prev)
iter    9 val 7.298262888 (0.050206340 from ideal, 0.004239238 from prev)
iter   10 val 7.301983889 (0.046485339 from ideal, 0.003721001 from prev)
iter   11 val 7.305257708 (0.043211521 from ideal, 0.003273819 from prev)
iter   12 val 7.308133549 (0.040335679 from ideal, 0.002875841 from prev)
iter   13 val 7.310658029 (0.037811199 from ideal, 0.002524480 from prev)
iter   14 val 7.312876430 (0.035592799 from ideal, 0.002218401 from prev)
iter   15 val 7.314835143 (0.033634085 from ideal, 0.001958713 from prev)
iter   16 val 7.316581125 (0.031888103 from ideal, 0.001745982 from prev)
iter   17 val 7.318160327 (0.030308902 from ideal, 0.001579202 from prev)
iter   18 val 7.319615988 (0.028853240 from ideal, 0.001455662 from prev)
iter   19 val 7.320987280 (0.027481948 from ideal, 0.001371292 from prev)
iter   20 val 7.322308158 (0.026161070 from ideal, 0.001320878 from prev)
iter   21 val 7.323606724 (0.024862505 from ideal, 0.001298566 from prev)
iter   22 val 7.324904935 (0.023564293 from ideal, 0.001298211 from prev)
iter   23 val 7.326218441 (0.022250788 from ideal, 0.001313506 from prev)
iter   24 val 7.327556744 (0.020912485 from ideal, 0.001338303 from prev)
iter   25 val 7.328923432 (0.019545796 from ideal, 0.001366689 from prev)
iter   26 val 7.330316628 (0.018152600 from ideal, 0.001393196 from prev)
iter   27 val 7.331729534 (0.016739695 from ideal, 0.001412905 from prev)
iter   28 val 7.333151221 (0.015318008 from ideal, 0.001421687 from prev)
iter   29 val 7.334567563 (0.013901666 from ideal, 0.001416342 from prev)
iter   30 val 7.335962374 (0.012506855 from ideal, 0.001394811 from prev)
iter   31 val 7.337318593 (0.011150636 from ideal, 0.001356219 from prev)
iter   32 val 7.338619541 (0.009849688 from ideal, 0.001300948 from prev)
iter   33 val 7.339850035 (0.008619194 from ideal, 0.001230494 from prev)
iter   34 val 7.340997353 (0.007471876 from ideal, 0.001147318 from prev)
iter   35 val 7.342051890 (0.006417338 from ideal, 0.001054538 from prev)
iter   36 val 7.343007529 (0.005461699 from ideal, 0.000955639 from prev)
iter   37 val 7.343861672 (0.004607556 from ideal, 0.000854143 from prev)
iter   38 val 7.344615001 (0.003854227 from ideal, 0.000753329 from prev)
iter   39 val 7.345271020 (0.003198208 from ideal, 0.000656018 from prev)
iter   40 val 7.345835464 (0.002633764 from ideal, 0.000564445 from prev)
iter   41 val 7.346315658 (0.002153571 from ideal, 0.000480193 from prev)
iter   42 val 7.346719903 (0.001749325 from ideal, 0.000404245 from prev)
iter   43 val 7.347056913 (0.001412315 from ideal, 0.000337011 from prev)
iter   44 val 7.347335372 (0.001133857 from ideal, 0.000278458 from prev)
iter   45 val 7.347563570 (0.000905658 from ideal, 0.000228198 from prev)
iter   46 val 7.347749196 (0.000720032 from ideal, 0.000185626 from prev)
iter   47 val 7.347899174 (0.000570054 from ideal, 0.000149978 from prev)
iter   48 val 7.348019616 (0.000449612 from ideal, 0.000120442 from prev)
iter   49 val 7.348115807 (0.000353421 from ideal, 0.000096191 from prev)
iter   50 val 7.348192256 (0.000276972 from ideal, 0.000076449 from prev)
iter   51 val 7.348252749 (0.000216479 from ideal, 0.000060493 from prev)
iter   52 val 7.348300428 (0.000168800 from ideal, 0.000047679 from prev)
iter   53 val 7.348337877 (0.000131351 from ideal, 0.000037449 from prev)
iter   54 val 7.348367200 (0.000102029 from ideal, 0.000029322 from prev)
iter   55 val 7.348390096 (0.000079132 from ideal, 0.000022897 from prev)
iter   56 val 7.348407930 (0.000061298 from ideal, 0.000017834 from prev)
iter   57 val 7.348421791 (0.000047438 from ideal, 0.000013860 from prev)
iter   58 val 7.348432545 (0.000036684 from ideal, 0.000010754 from prev)
iter   59 val 7.348440871 (0.000028357 from ideal, 0.000008327 from prev)
iter   60 val 7.348447312 (0.000021917 from ideal, 0.000006440 from prev)
iter   61 val 7.348452283 (0.000016946 from ideal, 0.000004971 from prev)
iter   62 val 7.348456118 (0.000013111 from ideal, 0.000003835 from prev)
iter   63 val 7.348459070 (0.000010159 from ideal, 0.000002952 from prev)
iter   64 val 7.348461345 (0.000007884 from ideal, 0.000002275 from prev)
iter   65 val 7.348463092 (0.000006136 from ideal, 0.000001748 from prev)
iter   66 val 7.348464436 (0.000004793 from ideal, 0.000001343 from prev)
iter   67 val 7.348465467 (0.000003762 from ideal, 0.000001031 from prev)
iter   68 val 7.348466258 (0.000002971 from ideal, 0.000000791 from prev)
iter   69 val 7.348466864 (0.000002365 from ideal, 0.000000606 from prev)
iter   70 val 7.348467328 (0.000001900 from ideal, 0.000000465 from prev)
iter   71 val 7.348467684 (0.000001544 from ideal, 0.000000356 from prev)
iter   72 val 7.348467955 (0.000001273 from ideal, 0.000000271 from prev)
iter   73 val 7.348468163 (0.000001065 from ideal, 0.000000208 from prev)
iter   74 val 7.348468323 (0.000000906 from ideal, 0.000000159 from prev)
iter   75 val 7.348468445 (0.000000784 from ideal, 0.000000122 from prev)
iter   76 val 7.348468537 (0.000000692 from ideal, 0.000000092 from prev)
iter   77 val 7.348468608 (0.000000620 from ideal, 0.000000071 from prev)
iter   78 val 7.348468661 (0.000000567 from ideal, 0.000000053 from prev)
iter   79 val 7.348468702 (0.000000526 from ideal, 0.000000041 from prev)
iter   80 val 7.348468734 (0.000000494 from ideal, 0.000000032 from prev)
iter   81 val 7.348468756 (0.000000472 from ideal, 0.000000022 from prev)
iter   82 val 7.348468776 (0.000000453 from ideal, 0.000000019 from prev)
iter   83 val 7.348468789 (0.000000439 from ideal, 0.000000013 from prev)
iter   84 val 7.348468799 (0.000000429 from ideal, 0.000000010 from prev)
iter   85 val 7.348468807 (0.000000421 from ideal, 0.000000008 from prev)
iter   86 val 7.348468810 (0.000000418 from ideal, 0.000000003 from prev)
iter   87 val 7.348468816 (0.000000412 from ideal, 0.000000006 from prev)
iter   88 val 7.348468819 (0.000000410 from ideal, 0.000000003 from prev)
iter   89 val 7.348468823 (0.000000406 from ideal, 0.000000004 from prev)
iter   90 val 7.348468823 (0.000000405 from ideal, 0.000000000 from prev)
iter   91 val 7.348468824 (0.000000404 from ideal, 0.000000001 from prev)
iter   92 val 7.348468825 (0.000000404 from ideal, 0.000000001 from prev)
iter   93 val 7.348468825 (0.000000403 from ideal, 0.000000001 from prev)
iter   94 val 7.348468827 (0.000000402 from ideal, 0.000000001 from prev)
iter   95 val 7.348468828 (0.000000401 from ideal, 0.000000001 from prev)

A[0][0] =  |  0.63+0.00i -0.31-0.15i  0.34-0.02i |
           | -0.31+0.15i  0.19+0.00i -0.16+0.09i |
           |  0.34+0.02i -0.16-0.09i  0.19+0.00i |

A[0][1] =  |  0.10+0.00i  0.27+0.09i  0.09-0.05i |
           |  0.27-0.09i  0.79+0.00i  0.21-0.20i |
           |  0.09+0.05i  0.21+0.20i  0.11+0.00i |

A[0][2] =  |  0.27+0.00i  0.04+0.06i -0.43+0.07i |
           |  0.04-0.06i  0.02+0.00i -0.05+0.11i |
           | -0.43-0.07i -0.05-0.11i  0.71+0.00i |

A[1][0] =  |  0.74+0.00i -0.02+0.08i  0.39+0.19i |
           | -0.02-0.08i  0.01+0.00i  0.01-0.05i |
           |  0.39-0.19i  0.01+0.05i  0.26+0.00i |

A[1][1] =  |  0.13+0.00i -0.14+0.16i -0.23-0.13i |
           | -0.14-0.16i  0.35+0.00i  0.08+0.42i |
           | -0.23+0.13i  0.08-0.42i  0.52+0.00i |

A[1][2] =  |  0.13+0.00i  0.17-0.24i -0.16-0.06i |
           |  0.17+0.24i  0.64+0.00i -0.09-0.37i |
           | -0.16+0.06i -0.09+0.37i  0.23+0.00i |

A[2][0] =  |  0.61+0.00i -0.05+0.10i  0.38-0.29i |
           | -0.05-0.10i  0.02+0.00i -0.08-0.04i |
           |  0.38+0.29i -0.08+0.04i  0.37+0.00i |

A[2][1] =  |  0.36+0.00i  0.04-0.26i -0.33+0.23i |
           |  0.04+0.26i  0.19+0.00i -0.20-0.22i |
           | -0.33-0.23i -0.20+0.22i  0.45+0.00i |

A[2][2] =  |  0.03+0.00i  0.01+0.16i -0.05+0.06i |
           |  0.01-0.16i  0.79+0.00i  0.27+0.25i |
           | -0.05-0.06i  0.27-0.25i  0.18+0.00i |

A[3][0] =  |  0.33+0.00i -0.25-0.08i -0.39-0.02i |
           | -0.25+0.08i  0.20+0.00i  0.30-0.09i |
           | -0.39+0.02i  0.30+0.09i  0.46+0.00i |

A[3][1] =  |  0.54+0.00i  0.37+0.28i  0.17-0.09i |
           |  0.37-0.28i  0.39+0.00i  0.07-0.15i |
           |  0.17+0.09i  0.07+0.15i  0.07+0.00i |

A[3][2] =  |  0.13+0.00i -0.12-0.19i  0.22+0.11i |
           | -0.12+0.19i  0.41+0.00i -0.37+0.23i |
           |  0.22-0.11i -0.37-0.23i  0.47+0.00i |

A[4][0] =  |  0.05+0.00i -0.14-0.07i -0.14+0.09i |
           | -0.14+0.07i  0.45+0.00i  0.25-0.40i |
           | -0.14-0.09i  0.25+0.40i  0.50+0.00i |

A[4][1] =  |  0.19+0.00i -0.23+0.14i  0.06-0.28i |
           | -0.23-0.14i  0.37+0.00i -0.27+0.30i |
           |  0.06+0.28i -0.27-0.30i  0.44+0.00i |

A[4][2] =  |  0.75+0.00i  0.37-0.07i  0.08+0.20i |
           |  0.37+0.07i  0.18+0.00i  0.02+0.10i |
           |  0.08-0.20i  0.02-0.10i  0.06+0.00i |

A[5][0] =  |  0.03+0.00i -0.07-0.09i -0.08-0.09i |
           | -0.07+0.09i  0.45+0.00i  0.49-0.00i |
           | -0.08+0.09i  0.49+0.00i  0.52+0.00i |

A[5][1] =  |  0.51+0.00i  0.05-0.32i  0.03+0.38i |
           |  0.05+0.32i  0.20+0.00i -0.23+0.06i |
           |  0.03-0.38i -0.23-0.06i  0.29+0.00i |

A[5][2] =  |  0.46+0.00i  0.02+0.40i  0.05-0.29i |
           |  0.02-0.40i  0.35+0.00i -0.25-0.05i |
           |  0.05+0.29i -0.25+0.05i  0.19+0.00i |

A[6][0] =  |  0.10+0.00i  0.20+0.01i -0.19+0.11i |
           |  0.20-0.01i  0.40+0.00i -0.37+0.25i |
           | -0.19-0.11i -0.37-0.25i  0.50+0.00i |

A[6][1] =  |  0.22+0.00i  0.20+0.16i  0.32-0.03i |
           |  0.20-0.16i  0.31+0.00i  0.27-0.27i |
           |  0.32+0.03i  0.27+0.27i  0.47+0.00i |

A[6][2] =  |  0.68+0.00i -0.41-0.18i -0.12-0.08i |
           | -0.41+0.18i  0.29+0.00i  0.09+0.02i |
           | -0.12+0.08i  0.09-0.02i  0.03+0.00i |

A[7][0] =  |  0.34+0.00i  0.43-0.09i -0.17+0.06i |
           |  0.43+0.09i  0.57+0.00i -0.23+0.03i |
           | -0.17-0.06i -0.23-0.03i  0.09+0.00i |

A[7][1] =  |  0.38+0.00i -0.27-0.10i -0.02-0.39i |
           | -0.27+0.10i  0.22+0.00i  0.12+0.27i |
           | -0.02+0.39i  0.12-0.27i  0.41+0.00i |

A[7][2] =  |  0.29+0.00i -0.16+0.19i  0.19+0.33i |
           | -0.16-0.19i  0.21+0.00i  0.11-0.31i |
           |  0.19-0.33i  0.11+0.31i  0.50+0.00i |

A[8][0] =  |  0.18+0.00i  0.20+0.29i -0.14-0.03i |
           |  0.20-0.29i  0.71+0.00i -0.20+0.19i |
           | -0.14+0.03i -0.20-0.19i  0.11+0.00i |

A[8][1] =  |  0.57+0.00i -0.29-0.15i -0.09+0.36i |
           | -0.29+0.15i  0.19+0.00i -0.05-0.21i |
           | -0.09-0.36i -0.05+0.21i  0.25+0.00i |

A[8][2] =  |  0.25+0.00i  0.08-0.14i  0.23-0.33i |
           |  0.08+0.14i  0.10+0.00i  0.26+0.01i |
           |  0.23+0.33i  0.26-0.01i  0.64+0.00i |

A[9][0] =  |  0.78+0.00i -0.26+0.12i  0.25-0.17i |
           | -0.26-0.12i  0.11+0.00i -0.11+0.02i |
           |  0.25+0.17i -0.11-0.02i  0.12+0.00i |

A[9][1] =  |  0.09+0.00i  0.10+0.12i -0.09+0.23i |
           |  0.10-0.12i  0.25+0.00i  0.20+0.35i |
           | -0.09-0.23i  0.20-0.35i  0.66+0.00i |

A[9][2] =  |  0.13+0.00i  0.17-0.24i -0.16-0.06i |
           |  0.17+0.24i  0.64+0.00i -0.09-0.37i |
           | -0.16+0.06i -0.09+0.37i  0.23+0.00i |

A[10][0] =  |  0.49+0.00i -0.20-0.01i  0.43+0.15i |
            | -0.20+0.01i  0.09+0.00i -0.18-0.05i |
            |  0.43-0.15i -0.18+0.05i  0.43+0.00i |

A[10][1] =  |  0.48+0.00i  0.19-0.15i -0.39-0.21i |
            |  0.19+0.15i  0.12+0.00i -0.09-0.20i |
            | -0.39+0.21i -0.09+0.20i  0.40+0.00i |

A[10][2] =  |  0.03+0.00i  0.01+0.16i -0.05+0.06i |
            |  0.01-0.16i  0.79+0.00i  0.27+0.25i |
            | -0.05-0.06i  0.27-0.25i  0.18+0.00i |

A[11][0] =  |  0.71+0.00i  0.09-0.09i  0.43-0.09i |
            |  0.09+0.09i  0.02+0.00i  0.07+0.04i |
            |  0.43+0.09i  0.07-0.04i  0.27+0.00i |

A[11][1] =  |  0.02+0.00i -0.13+0.02i  0.01+0.02i |
            | -0.13-0.02i  0.96+0.00i -0.02-0.15i |
            |  0.01-0.02i -0.02+0.15i  0.02+0.00i |

A[11][2] =  |  0.27+0.00i  0.04+0.06i -0.43+0.07i |
            |  0.04-0.06i  0.02+0.00i -0.05+0.11i |
            | -0.43-0.07i -0.05-0.11i  0.71+0.00i |

A[12][0] =  |  0.24+0.00i -0.21-0.26i -0.26-0.04i |
            | -0.21+0.26i  0.46+0.00i  0.27-0.26i |
            | -0.26+0.04i  0.27+0.26i  0.30+0.00i |

A[12][1] =  |  0.30+0.00i  0.19-0.14i  0.22+0.33i |
            |  0.19+0.14i  0.19+0.00i -0.02+0.31i |
            |  0.22-0.33i -0.02-0.31i  0.52+0.00i |

A[12][2] =  |  0.46+0.00i  0.02+0.40i  0.05-0.29i |
            |  0.02-0.40i  0.35+0.00i -0.25-0.05i |
            |  0.05+0.29i -0.25+0.05i  0.19+0.00i |

A[13][0] =  |  0.07+0.00i -0.16+0.10i -0.11+0.14i |
            | -0.16-0.10i  0.49+0.00i  0.44-0.16i |
            | -0.11-0.14i  0.44+0.16i  0.44+0.00i |

A[13][1] =  |  0.80+0.00i  0.28+0.09i -0.11-0.25i |
            |  0.28-0.09i  0.11+0.00i -0.07-0.07i |
            | -0.11+0.25i -0.07+0.07i  0.09+0.00i |

A[13][2] =  |  0.13+0.00i -0.12-0.19i  0.22+0.11i |
            | -0.12+0.19i  0.41+0.00i -0.37+0.23i |
            |  0.22-0.11i -0.37-0.23i  0.47+0.00i |

A[14][0] =  |  0.10+0.00i -0.09-0.08i -0.24-0.13i |
            | -0.09+0.08i  0.15+0.00i  0.33-0.07i |
            | -0.24+0.13i  0.33+0.07i  0.75+0.00i |

A[14][1] =  |  0.15+0.00i -0.28+0.15i  0.15-0.07i |
            | -0.28-0.15i  0.67+0.00i -0.35-0.03i |
            |  0.15+0.07i -0.35+0.03i  0.19+0.00i |

A[14][2] =  |  0.75+0.00i  0.37-0.07i  0.08+0.20i |
            |  0.37+0.07i  0.18+0.00i  0.02+0.10i |
            |  0.08-0.20i  0.02-0.10i  0.06+0.00i |

A[15][0] =  |  0.18+0.00i  0.31+0.13i -0.15-0.10i |
            |  0.31-0.13i  0.63+0.00i -0.34-0.06i |
            | -0.15+0.10i -0.34+0.06i  0.19+0.00i |

A[15][1] =  |  0.14+0.00i  0.10+0.04i  0.28+0.18i |
            |  0.10-0.04i  0.08+0.00i  0.25+0.05i |
            |  0.28-0.18i  0.25-0.05i  0.78+0.00i |

A[15][2] =  |  0.68+0.00i -0.41-0.18i -0.12-0.08i |
            | -0.41+0.18i  0.29+0.00i  0.09+0.02i |
            | -0.12+0.08i  0.09-0.02i  0.03+0.00i |

A[16][0] =  |  0.04+0.00i  0.17+0.02i -0.07+0.07i |
            |  0.17-0.02i  0.72+0.00i -0.24+0.34i |
            | -0.07-0.07i -0.24-0.34i  0.24+0.00i |

A[16][1] =  |  0.67+0.00i -0.01-0.21i -0.12-0.40i |
            | -0.01+0.21i  0.07+0.00i  0.13-0.03i |
            | -0.12+0.40i  0.13+0.03i  0.26+0.00i |

A[16][2] =  |  0.29+0.00i -0.16+0.19i  0.19+0.33i |
            | -0.16-0.19i  0.21+0.00i  0.11-0.31i |
            |  0.19-0.33i  0.11+0.31i  0.50+0.00i |

A[17][0] =  |  0.40+0.00i  0.35+0.06i -0.28+0.17i |
            |  0.35-0.06i  0.33+0.00i -0.22+0.20i |
            | -0.28-0.17i -0.22-0.20i  0.28+0.00i |

A[17][1] =  |  0.35+0.00i -0.44+0.08i  0.06+0.16i |
            | -0.44-0.08i  0.57+0.00i -0.04-0.21i |
            |  0.06-0.16i -0.04+0.21i  0.08+0.00i |

A[17][2] =  |  0.25+0.00i  0.08-0.14i  0.23-0.33i |
            |  0.08+0.14i  0.10+0.00i  0.26+0.01i |
            |  0.23+0.33i  0.26-0.01i  0.64+0.00i |

A[18][0] =  |  0.24+0.00i  0.31+0.21i  0.10-0.18i |
            |  0.31-0.21i  0.59+0.00i -0.02-0.32i |
            |  0.10+0.18i -0.02+0.32i  0.18+0.00i |

A[18][1] =  |  0.08+0.00i  0.10-0.03i  0.02+0.25i |
            |  0.10+0.03i  0.12+0.00i -0.08+0.31i |
            |  0.02-0.25i -0.08-0.31i  0.79+0.00i |

A[18][2] =  |  0.68+0.00i -0.41-0.18i -0.12-0.08i |
            | -0.41+0.18i  0.29+0.00i  0.09+0.02i |
            | -0.12+0.08i  0.09-0.02i  0.03+0.00i |

A[19][0] =  |  0.18+0.00i  0.15+0.28i  0.18+0.11i |
            |  0.15-0.28i  0.58+0.00i  0.32-0.19i |
            |  0.18-0.11i  0.32+0.19i  0.24+0.00i |

A[19][1] =  |  0.69+0.00i -0.03-0.09i -0.39-0.22i |
            | -0.03+0.09i  0.01+0.00i  0.05-0.04i |
            | -0.39+0.22i  0.05+0.04i  0.29+0.00i |

A[19][2] =  |  0.13+0.00i -0.12-0.19i  0.22+0.11i |
            | -0.12+0.19i  0.41+0.00i -0.37+0.23i |
            |  0.22-0.11i -0.37-0.23i  0.47+0.00i |

A[20][0] =  |  0.44+0.00i  0.38+0.03i  0.30-0.10i |
            |  0.38-0.03i  0.32+0.00i  0.25-0.11i |
            |  0.30+0.10i  0.25+0.11i  0.23+0.00i |

A[20][1] =  |  0.28+0.00i -0.42-0.10i  0.13+0.03i |
            | -0.42+0.10i  0.66+0.00i -0.20-0.00i |
            |  0.13-0.03i -0.20+0.00i  0.06+0.00i |

A[20][2] =  |  0.27+0.00i  0.04+0.06i -0.43+0.07i |
            |  0.04-0.06i  0.02+0.00i -0.05+0.11i |
            | -0.43-0.07i -0.05-0.11i  0.71+0.00i |

A[21][0] =  |  0.47+0.00i -0.33+0.16i -0.06-0.34i |
            | -0.33-0.16i  0.28+0.00i -0.07+0.25i |
            | -0.06+0.34i -0.07-0.25i  0.25+0.00i |

A[21][1] =  |  0.40+0.00i  0.16+0.08i  0.22+0.40i |
            |  0.16-0.08i  0.08+0.00i  0.17+0.12i |
            |  0.22-0.40i  0.17-0.12i  0.53+0.00i |

A[21][2] =  |  0.13+0.00i  0.17-0.24i -0.16-0.06i |
            |  0.17+0.24i  0.64+0.00i -0.09-0.37i |
            | -0.16+0.06i -0.09+0.37i  0.23+0.00i |

A[22][0] =  |  0.06+0.00i -0.18+0.02i  0.01-0.15i |
            | -0.18-0.02i  0.55+0.00i -0.07+0.46i |
            |  0.01+0.15i -0.07-0.46i  0.39+0.00i |

A[22][1] =  |  0.65+0.00i  0.34-0.21i -0.20-0.18i |
            |  0.34+0.21i  0.24+0.00i -0.05-0.15i |
            | -0.20+0.18i -0.05+0.15i  0.11+0.00i |

A[22][2] =  |  0.29+0.00i -0.16+0.19i  0.19+0.33i |
            | -0.16-0.19i  0.21+0.00i  0.11-0.31i |
            |  0.19-0.33i  0.11+0.31i  0.50+0.00i |

A[23][0] =  |  0.17+0.00i -0.13+0.02i -0.14-0.32i |
            | -0.13-0.02i  0.11+0.00i  0.07+0.27i |
            | -0.14+0.32i  0.07-0.27i  0.72+0.00i |

A[23][1] =  |  0.08+0.00i -0.23+0.05i  0.05+0.12i |
            | -0.23-0.05i  0.71+0.00i -0.09-0.38i |
            |  0.05-0.12i -0.09+0.38i  0.22+0.00i |

A[23][2] =  |  0.75+0.00i  0.37-0.07i  0.08+0.20i |
            |  0.37+0.07i  0.18+0.00i  0.02+0.10i |
            |  0.08-0.20i  0.02-0.10i  0.06+0.00i |

A[24][0] =  |  0.48+0.00i -0.15-0.38i -0.21+0.20i |
            | -0.15+0.38i  0.34+0.00i -0.09-0.23i |
            | -0.21-0.20i -0.09+0.23i  0.18+0.00i |

A[24][1] =  |  0.06+0.00i  0.13-0.02i  0.16+0.09i |
            |  0.13+0.02i  0.31+0.00i  0.34+0.28i |
            |  0.16-0.09i  0.34-0.28i  0.63+0.00i |

A[24][2] =  |  0.46+0.00i  0.02+0.40i  0.05-0.29i |
            |  0.02-0.40i  0.35+0.00i -0.25-0.05i |
            |  0.05+0.29i -0.25+0.05i  0.19+0.00i |

A[25][0] =  |  0.36+0.00i -0.16-0.19i  0.08+0.40i |
            | -0.16+0.19i  0.17+0.00i -0.25-0.14i |
            |  0.08-0.40i -0.25+0.14i  0.47+0.00i |

A[25][1] =  |  0.60+0.00i  0.15+0.03i -0.03-0.46i |
            |  0.15-0.03i  0.04+0.00i -0.03-0.11i |
            | -0.03+0.46i -0.03+0.11i  0.36+0.00i |

A[25][2] =  |  0.03+0.00i  0.01+0.16i -0.05+0.06i |
            |  0.01-0.16i  0.79+0.00i  0.27+0.25i |
            | -0.05-0.06i  0.27-0.25i  0.18+0.00i |

A[26][0] =  |  0.59+0.00i  0.11-0.16i -0.26+0.37i |
            |  0.11+0.16i  0.06+0.00i -0.15+0.00i |
            | -0.26-0.37i -0.15-0.00i  0.34+0.00i |

A[26][1] =  |  0.15+0.00i -0.20+0.30i  0.03-0.04i |
            | -0.20-0.30i  0.83+0.00i -0.11-0.01i |
            |  0.03+0.04i -0.11+0.01i  0.01+0.00i |

A[26][2] =  |  0.25+0.00i  0.08-0.14i  0.23-0.33i |
            |  0.08+0.14i  0.10+0.00i  0.26+0.01i |
            |  0.23+0.33i  0.26-0.01i  0.64+0.00i |

B[0][0] =  |  0.71+0.00i -0.15-0.01i  0.43+0.05i |
           | -0.15+0.01i  0.03+0.00i -0.09-0.00i |
           |  0.43-0.05i -0.09+0.00i  0.26+0.00i |

B[0][1] =  |  0.11+0.00i -0.18+0.09i -0.23+0.01i |
           | -0.18-0.09i  0.37+0.00i  0.40+0.19i |
           | -0.23-0.01i  0.40-0.19i  0.52+0.00i |

B[0][2] =  |  0.18+0.00i  0.32-0.08i -0.19-0.06i |
           |  0.32+0.08i  0.60+0.00i -0.31-0.18i |
           | -0.19+0.06i -0.31+0.18i  0.22+0.00i |

B[1][0] =  |  0.28+0.00i  0.32-0.20i  0.23+0.06i |
           |  0.32+0.20i  0.52+0.00i  0.22+0.24i |
           |  0.23-0.06i  0.22-0.24i  0.20+0.00i |

B[1][1] =  |  0.22+0.00i -0.25-0.08i -0.07+0.31i |
           | -0.25+0.08i  0.31+0.00i -0.03-0.38i |
           | -0.07-0.31i -0.03+0.38i  0.47+0.00i |

B[1][2] =  |  0.50+0.00i -0.08+0.28i -0.15-0.38i |
           | -0.08-0.28i  0.17+0.00i -0.19+0.14i |
           | -0.15+0.38i -0.19-0.14i  0.33+0.00i |

B[2][0] =  |  0.15+0.00i  0.15-0.01i  0.16-0.29i |
           |  0.15+0.01i  0.15+0.00i  0.17-0.27i |
           |  0.16+0.29i  0.17+0.27i  0.70+0.00i |

B[2][1] =  |  0.70+0.00i  0.18+0.10i -0.24+0.33i |
           |  0.18-0.10i  0.06+0.00i -0.01+0.12i |
           | -0.24-0.33i -0.01-0.12i  0.24+0.00i |

B[2][2] =  |  0.15+0.00i -0.33-0.10i  0.08-0.04i |
           | -0.33+0.10i  0.79+0.00i -0.16+0.15i |
           |  0.08+0.04i -0.16-0.15i  0.06+0.00i |

moments 0 1 =  | (0.3334,0.0000) (0.3333,-0.0000) (0.3333,-0.0000) |
               | (0.3333,0.0000) (0.3333,0.0000) (0.3334,0.0000) |
               | (0.3333,0.0000) (0.3334,0.0000) (0.3334,0.0000) |

moments 0 2 =  | (0.3334,-0.0000) (0.3333,0.0000) (0.3333,-0.0000) |
               | (0.3333,0.0000) (0.3333,0.0000) (0.3334,0.0000) |
               | (0.3334,-0.0000) (0.3334,0.0000) (0.3333,0.0000) |

moments 1 2 =  | (0.3334,0.0000) (0.3333,-0.0000) (0.3333,0.0000) |
               | (0.3333,0.0000) (0.3334,0.0000) (0.3333,0.0000) |
               | (0.3333,-0.0000) (0.3333,0.0000) (0.3334,0.0000) |
final result = 7.34847 <= 7.34847 (0.00000 away)
