before Br =  |  0.25  0.28  0.06  0.16  0.01  0.01  0.36  0.01  0.28  0.31 |
             | -0.04  0.09 -0.04 -0.08 -0.04 -0.05  0.06 -0.04  0.34 -0.28 |
             | -0.14 -0.15  0.12  0.22  0.01 -0.05 -0.13 -0.04  0.01  0.14 |
             | -0.02 -0.17 -0.04  0.00 -0.05  0.05  0.12  0.05  0.03 -0.16 |
             |  0.11  0.23  0.03 -0.06 -0.02  0.02  0.04 -0.03  0.26  0.03 |
             | -0.04  0.09 -0.04 -0.08 -0.04 -0.05  0.06 -0.04  0.34 -0.28 |
             |  0.26  0.05  0.06  0.07  0.32  0.22  0.06  0.18  0.43  0.34 |
             | -0.09 -0.09 -0.07 -0.02  0.05  0.26 -0.09  0.23  0.01 -0.12 |
             | -0.11 -0.05 -0.11  0.05  0.29 -0.23 -0.06 -0.18  0.04  0.20 |
             | -0.27  0.02 -0.04  0.10  0.17 -0.11 -0.11  0.10  0.32 -0.14 |
             | -0.14 -0.15  0.12  0.22  0.01 -0.05 -0.13 -0.04  0.01  0.14 |
             | -0.09 -0.09 -0.07 -0.02  0.05  0.26 -0.09  0.23  0.01 -0.12 |
             |  0.13  0.18  0.27  0.50  0.13  0.32  0.15  0.51  0.00  0.07 |
             |  0.06  0.08 -0.10  0.12 -0.11 -0.23  0.06 -0.16  0.00 -0.07 |
             |  0.05  0.02  0.07  0.11  0.03 -0.14  0.15  0.04  0.01 -0.01 |
             | -0.02 -0.17 -0.04  0.00 -0.05  0.05  0.12  0.05  0.03 -0.16 |
             | -0.11 -0.05 -0.11  0.05  0.29 -0.23 -0.06 -0.18  0.04  0.20 |
             |  0.06  0.08 -0.10  0.12 -0.11 -0.23  0.06 -0.16  0.00 -0.07 |
             |  0.05  0.10  0.59  0.07  0.46  0.39  0.16  0.21  0.02  0.12 |
             |  0.10 -0.15  0.06  0.11  0.14  0.08  0.19 -0.13  0.00 -0.09 |
             |  0.11  0.23  0.03 -0.06 -0.02  0.02  0.04 -0.03  0.26  0.03 |
             | -0.27  0.02 -0.04  0.10  0.17 -0.11 -0.11  0.10  0.32 -0.14 |
             |  0.05  0.02  0.07  0.11  0.03 -0.14  0.15  0.04  0.01 -0.01 |
             |  0.10 -0.15  0.06  0.11  0.14  0.08  0.19 -0.13  0.00 -0.09 |
             |  0.30  0.39  0.03  0.19  0.09  0.06  0.27  0.09  0.27  0.16 |

before Bi =  |  0.00  0.00  0.00  0.00  0.00  0.00  0.00  0.00  0.00  0.00 |
             |  0.26  0.06 -0.04  0.07 -0.02 -0.00 -0.13 -0.01 -0.03  0.16 |
             | -0.11 -0.16 -0.01  0.19 -0.03 -0.01  0.19 -0.06  0.00  0.03 |
             | -0.11  0.02  0.18  0.11  0.01 -0.03  0.21 -0.00 -0.07  0.10 |
             | -0.25 -0.24  0.02  0.17 -0.01  0.01  0.31  0.01  0.08 -0.22 |
             | -0.26 -0.06  0.04 -0.07  0.02  0.00  0.13  0.01  0.03 -0.16 |
             |  0.00  0.00  0.00  0.00  0.00  0.00  0.00  0.00  0.00  0.00 |
             |  0.16 -0.02  0.10 -0.19  0.20  0.05 -0.02  0.19  0.00 -0.10 |
             |  0.03  0.04 -0.14 -0.05 -0.25  0.18  0.08  0.06 -0.09 -0.01 |
             | -0.07 -0.13  0.01 -0.05  0.01 -0.04  0.07 -0.08  0.13  0.19 |
             |  0.11  0.16  0.01 -0.19  0.03  0.01 -0.19  0.06 -0.00 -0.03 |
             | -0.16  0.02 -0.10  0.19 -0.20 -0.05  0.02 -0.19 -0.00  0.10 |
             |  0.00  0.00  0.00  0.00  0.00  0.00  0.00  0.00  0.00  0.00 |
             |  0.05 -0.11  0.38  0.14 -0.22  0.26 -0.14  0.28 -0.00  0.06 |
             |  0.19  0.26  0.06  0.29 -0.10 -0.03 -0.14 -0.22  0.00 -0.10 |
             |  0.11 -0.02 -0.18 -0.11 -0.01  0.03 -0.21  0.00  0.07 -0.10 |
             | -0.03 -0.04  0.14  0.05  0.25 -0.18 -0.08 -0.06  0.09  0.01 |
             | -0.05  0.11 -0.38 -0.14  0.22 -0.26  0.14 -0.28  0.00 -0.06 |
             |  0.00  0.00  0.00  0.00  0.00  0.00  0.00  0.00  0.00  0.00 |
             |  0.06  0.13 -0.12  0.04  0.14  0.13  0.08  0.05  0.08  0.11 |
             |  0.25  0.24 -0.02 -0.17  0.01 -0.01 -0.31 -0.01 -0.08  0.22 |
             |  0.07  0.13 -0.01  0.05 -0.01  0.04 -0.07  0.08 -0.13 -0.19 |
             | -0.19 -0.26 -0.06 -0.29  0.10  0.03  0.14  0.22 -0.00  0.10 |
             | -0.06 -0.13  0.12 -0.04 -0.14 -0.13 -0.08 -0.05 -0.08 -0.11 |
             |  0.00  0.00  0.00  0.00  0.00  0.00  0.00  0.00  0.00  0.00 |

iter    0 val 1.884919564 (2.587216391 from ideal, 2.884919564 from prev)
iter    1 val 4.416260890 (0.055875065 from ideal, 2.531341326 from prev)
iter    2 val 4.427299182 (0.044836773 from ideal, 0.011038292 from prev)
iter    3 val 4.434616171 (0.037519784 from ideal, 0.007316989 from prev)
iter    4 val 4.439750722 (0.032385233 from ideal, 0.005134551 from prev)
iter    5 val 4.443550545 (0.028585410 from ideal, 0.003799823 from prev)
iter    6 val 4.446498811 (0.025637144 from ideal, 0.002948266 from prev)
iter    7 val 4.448879755 (0.023256200 from ideal, 0.002380944 from prev)
iter    8 val 4.450865188 (0.021270767 from ideal, 0.001985433 from prev)
iter    9 val 4.452561409 (0.019574546 from ideal, 0.001696221 from prev)
iter   10 val 4.454035745 (0.018100210 from ideal, 0.001474336 from prev)
iter   11 val 4.455331873 (0.016804082 from ideal, 0.001296128 from prev)
iter   12 val 4.456479200 (0.015656755 from ideal, 0.001147326 from prev)
iter   13 val 4.457498593 (0.014637362 from ideal, 0.001019394 from prev)
iter   14 val 4.458405661 (0.013730294 from ideal, 0.000907068 from prev)
iter   15 val 4.459212821 (0.012923134 from ideal, 0.000807160 from prev)
iter   16 val 4.459930638 (0.012205317 from ideal, 0.000717817 from prev)
iter   17 val 4.460568445 (0.011567510 from ideal, 0.000637806 from prev)
iter   18 val 4.461134608 (0.011001347 from ideal, 0.000566163 from prev)
iter   19 val 4.461636829 (0.010499126 from ideal, 0.000502222 from prev)
iter   20 val 4.462082161 (0.010053794 from ideal, 0.000445332 from prev)
iter   21 val 4.462477076 (0.009658879 from ideal, 0.000394915 from prev)
iter   22 val 4.462827443 (0.009308512 from ideal, 0.000350367 from prev)
iter   23 val 4.463138616 (0.008997339 from ideal, 0.000311173 from prev)
iter   24 val 4.463415335 (0.008720620 from ideal, 0.000276719 from prev)
iter   25 val 4.463661836 (0.008474119 from ideal, 0.000246502 from prev)
iter   26 val 4.463881870 (0.008254085 from ideal, 0.000220034 from prev)
iter   27 val 4.464078867 (0.008057088 from ideal, 0.000196996 from prev)
iter   28 val 4.464255678 (0.007880277 from ideal, 0.000176811 from prev)
iter   29 val 4.464414908 (0.007721047 from ideal, 0.000159230 from prev)
iter   30 val 4.464558830 (0.007577125 from ideal, 0.000143921 from prev)
iter   31 val 4.464689403 (0.007446552 from ideal, 0.000130573 from prev)
iter   32 val 4.464808348 (0.007327607 from ideal, 0.000118945 from prev)
iter   33 val 4.464917172 (0.007218783 from ideal, 0.000108824 from prev)
iter   34 val 4.465017205 (0.007118750 from ideal, 0.000100032 from prev)
iter   35 val 4.465109602 (0.007026353 from ideal, 0.000092397 from prev)
iter   36 val 4.465195380 (0.006940575 from ideal, 0.000085778 from prev)
iter   37 val 4.465275414 (0.006860541 from ideal, 0.000080034 from prev)
iter   38 val 4.465350500 (0.006785455 from ideal, 0.000075086 from prev)
iter   39 val 4.465421332 (0.006714623 from ideal, 0.000070832 from prev)
iter   40 val 4.465488512 (0.006647443 from ideal, 0.000067180 from prev)
iter   41 val 4.465552573 (0.006583382 from ideal, 0.000064061 from prev)
iter   42 val 4.465613987 (0.006521968 from ideal, 0.000061414 from prev)
iter   43 val 4.465673178 (0.006462777 from ideal, 0.000059190 from prev)
iter   44 val 4.465730515 (0.006405440 from ideal, 0.000057338 from prev)
iter   45 val 4.465786336 (0.006349619 from ideal, 0.000055821 from prev)
iter   46 val 4.465840930 (0.006295025 from ideal, 0.000054594 from prev)
iter   47 val 4.465894569 (0.006241386 from ideal, 0.000053639 from prev)
iter   48 val 4.465947495 (0.006188460 from ideal, 0.000052926 from prev)
iter   49 val 4.465999919 (0.006136036 from ideal, 0.000052425 from prev)
iter   50 val 4.466052038 (0.006083917 from ideal, 0.000052119 from prev)
iter   51 val 4.466104020 (0.006031935 from ideal, 0.000051981 from prev)
iter   52 val 4.466156027 (0.005979928 from ideal, 0.000052007 from prev)
iter   53 val 4.466208199 (0.005927756 from ideal, 0.000052172 from prev)
iter   54 val 4.466260671 (0.005875284 from ideal, 0.000052472 from prev)
iter   55 val 4.466313554 (0.005822401 from ideal, 0.000052883 from prev)
iter   56 val 4.466366957 (0.005768998 from ideal, 0.000053403 from prev)
iter   57 val 4.466420975 (0.005714980 from ideal, 0.000054019 from prev)
iter   58 val 4.466475685 (0.005660270 from ideal, 0.000054709 from prev)
iter   59 val 4.466531190 (0.005604765 from ideal, 0.000055505 from prev)
iter   60 val 4.466587548 (0.005548407 from ideal, 0.000056358 from prev)
iter   61 val 4.466644823 (0.005491132 from ideal, 0.000057276 from prev)
iter   62 val 4.466703070 (0.005432885 from ideal, 0.000058247 from prev)
iter   63 val 4.466762341 (0.005373614 from ideal, 0.000059270 from prev)
iter   64 val 4.466822676 (0.005313279 from ideal, 0.000060335 from prev)
iter   65 val 4.466884116 (0.005251839 from ideal, 0.000061440 from prev)
iter   66 val 4.466946688 (0.005189267 from ideal, 0.000062572 from prev)
iter   67 val 4.467010419 (0.005125536 from ideal, 0.000063732 from prev)
iter   68 val 4.467075329 (0.005060626 from ideal, 0.000064910 from prev)
iter   69 val 4.467141430 (0.004994525 from ideal, 0.000066101 from prev)
iter   70 val 4.467208729 (0.004927226 from ideal, 0.000067299 from prev)
iter   71 val 4.467277232 (0.004858723 from ideal, 0.000068503 from prev)
iter   72 val 4.467346937 (0.004789018 from ideal, 0.000069705 from prev)
iter   73 val 4.467417823 (0.004718132 from ideal, 0.000070886 from prev)
iter   74 val 4.467489878 (0.004646077 from ideal, 0.000072055 from prev)
iter   75 val 4.467563087 (0.004572868 from ideal, 0.000073208 from prev)
iter   76 val 4.467637435 (0.004498520 from ideal, 0.000074349 from prev)
iter   77 val 4.467712884 (0.004423071 from ideal, 0.000075448 from prev)
iter   78 val 4.467789414 (0.004346541 from ideal, 0.000076530 from prev)
iter   79 val 4.467866965 (0.004268990 from ideal, 0.000077551 from prev)
iter   80 val 4.467945504 (0.004190451 from ideal, 0.000078539 from prev)
iter   81 val 4.468024988 (0.004110967 from ideal, 0.000079483 from prev)
iter   82 val 4.468105354 (0.004030601 from ideal, 0.000080366 from prev)
iter   83 val 4.468186547 (0.003949408 from ideal, 0.000081193 from prev)
iter   84 val 4.468268503 (0.003867452 from ideal, 0.000081956 from prev)
iter   85 val 4.468351158 (0.003784797 from ideal, 0.000082656 from prev)
iter   86 val 4.468434442 (0.003701513 from ideal, 0.000083284 from prev)
iter   87 val 4.468518288 (0.003617667 from ideal, 0.000083846 from prev)
iter   88 val 4.468602612 (0.003533343 from ideal, 0.000084324 from prev)
iter   89 val 4.468687338 (0.003448617 from ideal, 0.000084726 from prev)
iter   90 val 4.468772383 (0.003363572 from ideal, 0.000085046 from prev)
iter   91 val 4.468857666 (0.003278289 from ideal, 0.000085283 from prev)
iter   92 val 4.468943096 (0.003192859 from ideal, 0.000085430 from prev)
iter   93 val 4.469028583 (0.003107372 from ideal, 0.000085487 from prev)
iter   94 val 4.469114034 (0.003021921 from ideal, 0.000085451 from prev)
iter   95 val 4.469199374 (0.002936581 from ideal, 0.000085340 from prev)
iter   96 val 4.469284485 (0.002851470 from ideal, 0.000085112 from prev)
iter   97 val 4.469369284 (0.002766671 from ideal, 0.000084799 from prev)
iter   98 val 4.469453690 (0.002682265 from ideal, 0.000084405 from prev)
iter   99 val 4.469537593 (0.002598362 from ideal, 0.000083904 from prev)
iter  100 val 4.469620904 (0.002515051 from ideal, 0.000083311 from prev)
iter  101 val 4.469703528 (0.002432427 from ideal, 0.000082624 from prev)
iter  102 val 4.469785361 (0.002350594 from ideal, 0.000081833 from prev)
iter  103 val 4.469866344 (0.002269611 from ideal, 0.000080982 from prev)
iter  104 val 4.469946364 (0.002189591 from ideal, 0.000080020 from prev)
iter  105 val 4.470025341 (0.002110614 from ideal, 0.000078978 from prev)
iter  106 val 4.470103190 (0.002032765 from ideal, 0.000077848 from prev)
iter  107 val 4.470179834 (0.001956121 from ideal, 0.000076644 from prev)
iter  108 val 4.470255193 (0.001880762 from ideal, 0.000075359 from prev)
iter  109 val 4.470329186 (0.001806769 from ideal, 0.000073993 from prev)
iter  110 val 4.470401761 (0.001734194 from ideal, 0.000072576 from prev)
iter  111 val 4.470472842 (0.001663113 from ideal, 0.000071081 from prev)
iter  112 val 4.470542366 (0.001593589 from ideal, 0.000069523 from prev)
iter  113 val 4.470610286 (0.001525669 from ideal, 0.000067920 from prev)
iter  114 val 4.470676549 (0.001459406 from ideal, 0.000066263 from prev)
iter  115 val 4.470741109 (0.001394846 from ideal, 0.000064559 from prev)
iter  116 val 4.470803931 (0.001332024 from ideal, 0.000062822 from prev)
iter  117 val 4.470864981 (0.001270974 from ideal, 0.000061050 from prev)
iter  118 val 4.470924230 (0.001211725 from ideal, 0.000059249 from prev)
iter  119 val 4.470981658 (0.001154297 from ideal, 0.000057428 from prev)
iter  120 val 4.471037247 (0.001098708 from ideal, 0.000055589 from prev)
iter  121 val 4.471090989 (0.001044966 from ideal, 0.000053742 from prev)
iter  122 val 4.471142878 (0.000993077 from ideal, 0.000051889 from prev)
iter  123 val 4.471192916 (0.000943039 from ideal, 0.000050038 from prev)
iter  124 val 4.471241109 (0.000894846 from ideal, 0.000048192 from prev)
iter  125 val 4.471287468 (0.000848487 from ideal, 0.000046359 from prev)
iter  126 val 4.471332009 (0.000803946 from ideal, 0.000044541 from prev)
iter  127 val 4.471374753 (0.000761202 from ideal, 0.000042743 from prev)
iter  128 val 4.471415723 (0.000720232 from ideal, 0.000040970 from prev)
iter  129 val 4.471454949 (0.000681006 from ideal, 0.000039226 from prev)
iter  130 val 4.471492463 (0.000643492 from ideal, 0.000037514 from prev)
iter  131 val 4.471528298 (0.000607657 from ideal, 0.000035834 from prev)
iter  132 val 4.471562495 (0.000573460 from ideal, 0.000034197 from prev)
iter  133 val 4.471595094 (0.000540861 from ideal, 0.000032599 from prev)
iter  134 val 4.471626138 (0.000509817 from ideal, 0.000031044 from prev)
iter  135 val 4.471655672 (0.000480283 from ideal, 0.000029533 from prev)
iter  136 val 4.471683741 (0.000452214 from ideal, 0.000028069 from prev)
iter  137 val 4.471710394 (0.000425561 from ideal, 0.000026653 from prev)
iter  138 val 4.471735678 (0.000400277 from ideal, 0.000025285 from prev)
iter  139 val 4.471759644 (0.000376311 from ideal, 0.000023966 from prev)
iter  140 val 4.471782340 (0.000353615 from ideal, 0.000022696 from prev)
iter  141 val 4.471803816 (0.000332139 from ideal, 0.000021476 from prev)
iter  142 val 4.471824117 (0.000311838 from ideal, 0.000020301 from prev)
iter  143 val 4.471843304 (0.000292651 from ideal, 0.000019186 from prev)
iter  144 val 4.471861416 (0.000274539 from ideal, 0.000018113 from prev)
iter  145 val 4.471878504 (0.000257451 from ideal, 0.000017088 from prev)
iter  146 val 4.471894615 (0.000241340 from ideal, 0.000016111 from prev)
iter  147 val 4.471909794 (0.000226161 from ideal, 0.000015178 from prev)
iter  148 val 4.471924087 (0.000211868 from ideal, 0.000014293 from prev)
iter  149 val 4.471937537 (0.000198418 from ideal, 0.000013450 from prev)
iter  150 val 4.471950187 (0.000185768 from ideal, 0.000012650 from prev)
iter  151 val 4.471962079 (0.000173876 from ideal, 0.000011892 from prev)
iter  152 val 4.471973251 (0.000162704 from ideal, 0.000011172 from prev)
iter  153 val 4.471983743 (0.000152212 from ideal, 0.000010492 from prev)
iter  154 val 4.471993591 (0.000142364 from ideal, 0.000009848 from prev)
iter  155 val 4.472002831 (0.000133124 from ideal, 0.000009240 from prev)
iter  156 val 4.472011496 (0.000124459 from ideal, 0.000008665 from prev)
iter  157 val 4.472019620 (0.000116335 from ideal, 0.000008124 from prev)
iter  158 val 4.472027232 (0.000108723 from ideal, 0.000007612 from prev)
iter  159 val 4.472034364 (0.000101591 from ideal, 0.000007132 from prev)
iter  160 val 4.472041041 (0.000094914 from ideal, 0.000006678 from prev)
iter  161 val 4.472047294 (0.000088661 from ideal, 0.000006253 from prev)
iter  162 val 4.472053144 (0.000082811 from ideal, 0.000005849 from prev)
iter  163 val 4.472058620 (0.000077335 from ideal, 0.000005476 from prev)
iter  164 val 4.472063735 (0.000072220 from ideal, 0.000005115 from prev)
iter  165 val 4.472068528 (0.000067427 from ideal, 0.000004793 from prev)
iter  166 val 4.472073006 (0.000062949 from ideal, 0.000004478 from prev)
iter  167 val 4.472077189 (0.000058766 from ideal, 0.000004183 from prev)
iter  168 val 4.472081096 (0.000054859 from ideal, 0.000003907 from prev)
iter  169 val 4.472084755 (0.000051200 from ideal, 0.000003659 from prev)
iter  170 val 4.472088169 (0.000047786 from ideal, 0.000003414 from prev)
iter  171 val 4.472091358 (0.000044597 from ideal, 0.000003189 from prev)
iter  172 val 4.472094336 (0.000041619 from ideal, 0.000002978 from prev)
iter  173 val 4.472097113 (0.000038842 from ideal, 0.000002777 from prev)
iter  174 val 4.472099712 (0.000036243 from ideal, 0.000002599 from prev)
iter  175 val 4.472102136 (0.000033819 from ideal, 0.000002424 from prev)
iter  176 val 4.472104398 (0.000031557 from ideal, 0.000002262 from prev)
iter  177 val 4.472106510 (0.000029445 from ideal, 0.000002112 from prev)
iter  178 val 4.472108480 (0.000027475 from ideal, 0.000001970 from prev)
iter  179 val 4.472110318 (0.000025637 from ideal, 0.000001838 from prev)
iter  180 val 4.472112033 (0.000023922 from ideal, 0.000001715 from prev)
iter  181 val 4.472113633 (0.000022322 from ideal, 0.000001601 from prev)
iter  182 val 4.472115126 (0.000020829 from ideal, 0.000001492 from prev)
iter  183 val 4.472116516 (0.000019439 from ideal, 0.000001390 from prev)
iter  184 val 4.472117817 (0.000018138 from ideal, 0.000001300 from prev)
iter  185 val 4.472119028 (0.000016927 from ideal, 0.000001211 from prev)
iter  186 val 4.472120157 (0.000015798 from ideal, 0.000001129 from prev)
iter  187 val 4.472121210 (0.000014745 from ideal, 0.000001053 from prev)
iter  188 val 4.472122193 (0.000013762 from ideal, 0.000000983 from prev)
iter  189 val 4.472123108 (0.000012847 from ideal, 0.000000915 from prev)
iter  190 val 4.472123963 (0.000011992 from ideal, 0.000000855 from prev)
iter  191 val 4.472124752 (0.000011203 from ideal, 0.000000789 from prev)
iter  192 val 4.472125500 (0.000010455 from ideal, 0.000000748 from prev)
iter  193 val 4.472126193 (0.000009762 from ideal, 0.000000693 from prev)
iter  194 val 4.472126838 (0.000009117 from ideal, 0.000000645 from prev)
iter  195 val 4.472127438 (0.000008517 from ideal, 0.000000601 from prev)
iter  196 val 4.472128000 (0.000007955 from ideal, 0.000000561 from prev)
iter  197 val 4.472128520 (0.000007435 from ideal, 0.000000520 from prev)
iter  198 val 4.472129009 (0.000006946 from ideal, 0.000000489 from prev)
iter  199 val 4.472129463 (0.000006492 from ideal, 0.000000454 from prev)
iter  200 val 4.472129887 (0.000006068 from ideal, 0.000000423 from prev)
iter  201 val 4.472130282 (0.000005673 from ideal, 0.000000395 from prev)
iter  202 val 4.472130650 (0.000005305 from ideal, 0.000000368 from prev)
iter  203 val 4.472130992 (0.000004963 from ideal, 0.000000343 from prev)
iter  204 val 4.472131311 (0.000004644 from ideal, 0.000000319 from prev)
iter  205 val 4.472131609 (0.000004346 from ideal, 0.000000298 from prev)
iter  206 val 4.472131883 (0.000004072 from ideal, 0.000000274 from prev)
iter  207 val 4.472132145 (0.000003810 from ideal, 0.000000262 from prev)
iter  208 val 4.472132386 (0.000003569 from ideal, 0.000000241 from prev)
iter  209 val 4.472132610 (0.000003345 from ideal, 0.000000224 from prev)
iter  210 val 4.472132819 (0.000003136 from ideal, 0.000000209 from prev)
iter  211 val 4.472133013 (0.000002942 from ideal, 0.000000193 from prev)
iter  212 val 4.472133192 (0.000002763 from ideal, 0.000000180 from prev)
iter  213 val 4.472133365 (0.000002590 from ideal, 0.000000173 from prev)
iter  214 val 4.472133523 (0.000002432 from ideal, 0.000000158 from prev)
iter  215 val 4.472133670 (0.000002285 from ideal, 0.000000148 from prev)
iter  216 val 4.472133807 (0.000002148 from ideal, 0.000000136 from prev)
iter  217 val 4.472133934 (0.000002021 from ideal, 0.000000127 from prev)
iter  218 val 4.472134052 (0.000001903 from ideal, 0.000000118 from prev)
iter  219 val 4.472134164 (0.000001791 from ideal, 0.000000112 from prev)
iter  220 val 4.472134268 (0.000001687 from ideal, 0.000000104 from prev)
iter  221 val 4.472134362 (0.000001593 from ideal, 0.000000094 from prev)
iter  222 val 4.472134454 (0.000001501 from ideal, 0.000000092 from prev)
iter  223 val 4.472134537 (0.000001418 from ideal, 0.000000083 from prev)
iter  224 val 4.472134615 (0.000001340 from ideal, 0.000000078 from prev)
iter  225 val 4.472134687 (0.000001268 from ideal, 0.000000072 from prev)
iter  226 val 4.472134755 (0.000001200 from ideal, 0.000000068 from prev)
iter  227 val 4.472134818 (0.000001137 from ideal, 0.000000063 from prev)
iter  228 val 4.472134876 (0.000001079 from ideal, 0.000000059 from prev)
iter  229 val 4.472134931 (0.000001024 from ideal, 0.000000054 from prev)
iter  230 val 4.472134981 (0.000000974 from ideal, 0.000000051 from prev)
iter  231 val 4.472135029 (0.000000926 from ideal, 0.000000047 from prev)
iter  232 val 4.472135073 (0.000000882 from ideal, 0.000000044 from prev)
iter  233 val 4.472135114 (0.000000841 from ideal, 0.000000041 from prev)
iter  234 val 4.472135152 (0.000000803 from ideal, 0.000000038 from prev)
iter  235 val 4.472135188 (0.000000767 from ideal, 0.000000036 from prev)
iter  236 val 4.472135221 (0.000000734 from ideal, 0.000000033 from prev)
iter  237 val 4.472135252 (0.000000703 from ideal, 0.000000031 from prev)
iter  238 val 4.472135274 (0.000000681 from ideal, 0.000000022 from prev)
iter  239 val 4.472135300 (0.000000655 from ideal, 0.000000027 from prev)
iter  240 val 4.472135333 (0.000000622 from ideal, 0.000000032 from prev)
iter  241 val 4.472135355 (0.000000600 from ideal, 0.000000022 from prev)
iter  242 val 4.472135377 (0.000000578 from ideal, 0.000000022 from prev)
iter  243 val 4.472135395 (0.000000560 from ideal, 0.000000018 from prev)
iter  244 val 4.472135416 (0.000000539 from ideal, 0.000000021 from prev)
iter  245 val 4.472135434 (0.000000521 from ideal, 0.000000018 from prev)
iter  246 val 4.472135450 (0.000000505 from ideal, 0.000000016 from prev)
iter  247 val 4.472135465 (0.000000490 from ideal, 0.000000015 from prev)
iter  248 val 4.472135479 (0.000000476 from ideal, 0.000000014 from prev)
iter  249 val 4.472135490 (0.000000465 from ideal, 0.000000011 from prev)
iter  250 val 4.472135503 (0.000000452 from ideal, 0.000000012 from prev)
iter  251 val 4.472135515 (0.000000440 from ideal, 0.000000012 from prev)
iter  252 val 4.472135527 (0.000000428 from ideal, 0.000000012 from prev)
iter  253 val 4.472135534 (0.000000421 from ideal, 0.000000008 from prev)
iter  254 val 4.472135545 (0.000000410 from ideal, 0.000000011 from prev)
iter  255 val 4.472135555 (0.000000400 from ideal, 0.000000009 from prev)
iter  256 val 4.472135562 (0.000000393 from ideal, 0.000000007 from prev)
iter  257 val 4.472135570 (0.000000385 from ideal, 0.000000008 from prev)
iter  258 val 4.472135576 (0.000000379 from ideal, 0.000000006 from prev)
iter  259 val 4.472135577 (0.000000378 from ideal, 0.000000001 from prev)
iter  260 val 4.472135589 (0.000000366 from ideal, 0.000000012 from prev)
iter  261 val 4.472135594 (0.000000361 from ideal, 0.000000005 from prev)
iter  262 val 4.472135599 (0.000000356 from ideal, 0.000000005 from prev)
iter  263 val 4.472135604 (0.000000351 from ideal, 0.000000005 from prev)
iter  264 val 4.472135609 (0.000000346 from ideal, 0.000000005 from prev)
iter  265 val 4.472135613 (0.000000342 from ideal, 0.000000004 from prev)
iter  266 val 4.472135617 (0.000000338 from ideal, 0.000000004 from prev)
iter  267 val 4.472135620 (0.000000335 from ideal, 0.000000003 from prev)
iter  268 val 4.472135623 (0.000000332 from ideal, 0.000000004 from prev)
iter  269 val 4.472135627 (0.000000328 from ideal, 0.000000003 from prev)
iter  270 val 4.472135627 (0.000000328 from ideal, 0.000000001 from prev)
iter  271 val 4.472135632 (0.000000323 from ideal, 0.000000005 from prev)

A[0][0] =  |  0.09+0.00i  0.22-0.09i  0.02+0.02i  0.00-0.07i -0.12+0.09i |
           |  0.22+0.09i  0.61+0.00i  0.04+0.06i  0.07-0.16i -0.37+0.10i |
           |  0.02-0.02i  0.04-0.06i  0.01+0.00i -0.01-0.02i -0.01+0.04i |
           |  0.00+0.07i  0.07+0.16i -0.01+0.02i  0.05+0.00i -0.07-0.08i |
           | -0.12-0.09i -0.37-0.10i -0.01-0.04i -0.07+0.08i  0.24+0.00i |

A[0][1] =  |  0.06+0.00i -0.02+0.03i -0.11-0.07i  0.12+0.10i -0.00+0.11i |
           | -0.02-0.03i  0.02+0.00i -0.00+0.07i  0.01-0.09i  0.06-0.03i |
           | -0.11+0.07i -0.00-0.07i  0.29+0.00i -0.34-0.02i -0.14-0.21i |
           |  0.12-0.10i  0.01+0.09i -0.34+0.02i  0.41+0.00i  0.18+0.24i |
           | -0.00-0.11i  0.06+0.03i -0.14+0.21i  0.18-0.24i  0.22+0.00i |

A[0][2] =  |  0.85+0.00i -0.20+0.06i  0.08+0.06i -0.12-0.03i  0.12-0.21i |
           | -0.20-0.06i  0.37+0.00i -0.04-0.14i -0.08+0.24i  0.31-0.07i |
           |  0.08-0.06i -0.04+0.14i  0.70+0.00i  0.35+0.04i  0.15+0.17i |
           | -0.12+0.03i -0.08-0.24i  0.35-0.04i  0.54+0.00i -0.11-0.16i |
           |  0.12+0.21i  0.31+0.07i  0.15-0.17i -0.11+0.16i  0.54+0.00i |

A[1][0] =  |  0.07+0.00i  0.10-0.17i  0.07-0.04i -0.01+0.00i -0.06+0.14i |
           |  0.10+0.17i  0.54+0.00i  0.18+0.11i -0.02-0.01i -0.40+0.07i |
           |  0.07+0.04i  0.18-0.11i  0.08+0.00i -0.01+0.00i -0.12+0.10i |
           | -0.01-0.00i -0.02+0.01i -0.01-0.00i  0.00+0.00i  0.01-0.01i |
           | -0.06-0.14i -0.40-0.07i -0.12-0.10i  0.01+0.01i  0.31+0.00i |

A[1][1] =  |  0.23+0.00i  0.05+0.07i -0.07-0.29i  0.07-0.25i -0.01-0.11i |
           |  0.05-0.07i  0.03+0.00i -0.10-0.04i -0.06-0.07i -0.03-0.02i |
           | -0.07+0.29i -0.10+0.04i  0.40+0.00i  0.29+0.17i  0.14+0.03i |
           |  0.07+0.25i -0.06+0.07i  0.29-0.17i  0.29+0.00i  0.11-0.04i |
           | -0.01+0.11i -0.03+0.02i  0.14-0.03i  0.11+0.04i  0.05+0.00i |

A[1][2] =  |  0.70+0.00i -0.15+0.10i  0.01+0.33i -0.07+0.25i  0.06-0.03i |
           | -0.15-0.10i  0.43+0.00i -0.08-0.07i  0.07+0.08i  0.43-0.05i |
           |  0.01-0.33i -0.08+0.07i  0.52+0.00i -0.29-0.18i -0.01-0.13i |
           | -0.07-0.25i  0.07-0.08i -0.29+0.18i  0.71+0.00i -0.12+0.05i |
           |  0.06+0.03i  0.43+0.05i -0.01+0.13i -0.12-0.05i  0.64+0.00i |

A[2][0] =  |  0.15+0.00i  0.17-0.24i  0.01-0.02i -0.06+0.00i -0.14+0.14i |
           |  0.17+0.24i  0.56+0.00i  0.05-0.02i -0.07-0.10i -0.37-0.08i |
           |  0.01+0.02i  0.05+0.02i  0.00+0.00i -0.00-0.01i -0.03-0.02i |
           | -0.06-0.00i -0.07+0.10i -0.00+0.01i  0.02+0.00i  0.06-0.05i |
           | -0.14-0.14i -0.37+0.08i -0.03+0.02i  0.06+0.05i  0.25+0.00i |

A[2][1] =  |  0.25+0.00i -0.19+0.04i -0.13+0.21i  0.03+0.14i -0.21-0.15i |
           | -0.19-0.04i  0.15+0.00i  0.13-0.14i -0.01-0.11i  0.14+0.15i |
           | -0.13-0.21i  0.13+0.14i  0.24+0.00i  0.10-0.10i -0.02+0.26i |
           |  0.03-0.14i -0.01+0.11i  0.10+0.10i  0.09+0.00i -0.12+0.10i |
           | -0.21+0.15i  0.14-0.15i -0.02-0.26i -0.12-0.10i  0.28+0.00i |

A[2][2] =  |  0.60+0.00i  0.02+0.21i  0.12-0.18i  0.03-0.14i  0.36+0.02i |
           |  0.02-0.21i  0.29+0.00i -0.17+0.16i  0.07+0.21i  0.23-0.07i |
           |  0.12+0.18i -0.17-0.16i  0.76+0.00i -0.10+0.11i  0.04-0.24i |
           |  0.03+0.14i  0.07-0.21i -0.10-0.11i  0.89+0.00i  0.06-0.05i |
           |  0.36-0.02i  0.23+0.07i  0.04+0.24i  0.06+0.05i  0.47+0.00i |

A[3][0] =  |  0.06+0.00i  0.11-0.10i  0.02-0.03i -0.05-0.04i -0.11+0.12i |
           |  0.11+0.10i  0.39+0.00i  0.10-0.02i -0.03-0.15i -0.42+0.06i |
           |  0.02+0.03i  0.10+0.02i  0.03+0.00i  0.00-0.04i -0.12-0.01i |
           | -0.05+0.04i -0.03+0.15i  0.00+0.04i  0.06+0.00i  0.01-0.17i |
           | -0.11-0.12i -0.42-0.06i -0.12+0.01i  0.01+0.17i  0.47+0.00i |

A[3][1] =  |  0.11+0.00i  0.19-0.07i  0.01+0.09i  0.05+0.15i  0.14-0.08i |
           |  0.19+0.07i  0.38+0.00i -0.03+0.16i -0.01+0.29i  0.29-0.05i |
           |  0.01-0.09i -0.03-0.16i  0.07+0.00i  0.12-0.02i -0.05-0.12i |
           |  0.05-0.15i -0.01-0.29i  0.12+0.02i  0.22+0.00i -0.05-0.21i |
           |  0.14+0.08i  0.29+0.05i -0.05+0.12i -0.05+0.21i  0.23+0.00i |

A[3][2] =  |  0.83+0.00i -0.30+0.17i -0.04-0.05i -0.00-0.11i -0.03-0.04i |
           | -0.30-0.17i  0.24+0.00i -0.07-0.14i  0.04-0.13i  0.13-0.01i |
           | -0.04+0.05i -0.07+0.14i  0.90+0.00i -0.12+0.06i  0.16+0.13i |
           | -0.00+0.11i  0.04+0.13i -0.12-0.06i  0.72+0.00i  0.04+0.39i |
           | -0.03+0.04i  0.13+0.01i  0.16-0.13i  0.04-0.39i  0.31+0.00i |

A[4][0] =  |  0.11+0.00i  0.25-0.01i  0.07-0.02i -0.04-0.02i -0.16+0.03i |
           |  0.25+0.01i  0.57+0.00i  0.17-0.04i -0.09-0.05i -0.37+0.05i |
           |  0.07+0.02i  0.17+0.04i  0.06+0.00i -0.02-0.02i -0.12-0.01i |
           | -0.04+0.02i -0.09+0.05i -0.02+0.02i  0.02+0.00i  0.06-0.04i |
           | -0.16-0.03i -0.37-0.05i -0.12+0.01i  0.06+0.04i  0.25+0.00i |

A[4][1] =  |  0.45+0.00i -0.20+0.06i  0.26+0.09i -0.25-0.11i  0.20+0.12i |
           | -0.20-0.06i  0.09+0.00i -0.10-0.07i  0.09+0.08i -0.07-0.08i |
           |  0.26-0.09i -0.10+0.07i  0.17+0.00i -0.16-0.01i  0.14+0.03i |
           | -0.25+0.11i  0.09-0.08i -0.16+0.01i  0.16+0.00i -0.14-0.02i |
           |  0.20-0.12i -0.07+0.08i  0.14-0.03i -0.14+0.02i  0.12+0.00i |

A[4][2] =  |  0.44+0.00i -0.05-0.05i -0.33-0.07i  0.29+0.13i -0.04-0.15i |
           | -0.05+0.05i  0.34+0.00i -0.07+0.12i -0.00-0.03i  0.44+0.03i |
           | -0.33+0.07i -0.07-0.12i  0.78+0.00i  0.19+0.03i -0.02-0.01i |
           |  0.29-0.13i -0.00+0.03i  0.19-0.03i  0.82+0.00i  0.09+0.06i |
           | -0.04+0.15i  0.44-0.03i -0.02+0.01i  0.09-0.06i  0.63+0.00i |

A[5][0] =  |  0.56+0.00i  0.05+0.12i -0.33+0.24i -0.23-0.02i  0.09+0.01i |
           |  0.05-0.12i  0.03+0.00i  0.02+0.09i -0.02+0.05i  0.01-0.02i |
           | -0.33-0.24i  0.02-0.09i  0.29+0.00i  0.13+0.11i -0.05-0.05i |
           | -0.23+0.02i -0.02-0.05i  0.13-0.11i  0.10+0.00i -0.04+0.00i |
           |  0.09-0.01i  0.01+0.02i -0.05+0.05i -0.04-0.00i  0.02+0.00i |

A[5][1] =  |  0.08+0.00i -0.00-0.04i  0.01-0.11i -0.03+0.18i -0.11+0.09i |
           | -0.00+0.04i  0.02+0.00i  0.06+0.01i -0.10-0.02i -0.05-0.07i |
           |  0.01+0.11i  0.06-0.01i  0.17+0.00i -0.28-0.02i -0.16-0.16i |
           | -0.03-0.18i -0.10+0.02i -0.28+0.02i  0.45+0.00i  0.27+0.23i |
           | -0.11-0.09i -0.05+0.07i -0.16+0.16i  0.27-0.23i  0.28+0.00i |

A[5][2] =  |  0.37+0.00i -0.04-0.08i  0.32-0.12i  0.27-0.16i  0.02-0.10i |
           | -0.04+0.08i  0.94+0.00i -0.09-0.10i  0.13-0.03i  0.04+0.09i |
           |  0.32+0.12i -0.09+0.10i  0.53+0.00i  0.15-0.09i  0.21+0.20i |
           |  0.27+0.16i  0.13+0.03i  0.15+0.09i  0.46+0.00i -0.23-0.23i |
           |  0.02+0.10i  0.04-0.09i  0.21-0.20i -0.23+0.23i  0.70+0.00i |

A[6][0] =  |  0.47+0.00i -0.02+0.16i -0.28+0.30i -0.05+0.01i  0.23+0.03i |
           | -0.02-0.16i  0.05+0.00i  0.11+0.08i  0.01+0.02i -0.00-0.08i |
           | -0.28-0.30i  0.11-0.08i  0.36+0.00i  0.04+0.03i -0.11-0.16i |
           | -0.05-0.01i  0.01-0.02i  0.04-0.03i  0.01+0.00i -0.02-0.01i |
           |  0.23-0.03i -0.00+0.08i -0.11+0.16i -0.02+0.01i  0.11+0.00i |

A[6][1] =  |  0.18+0.00i  0.11+0.11i  0.05-0.21i  0.11-0.20i -0.04-0.15i |
           |  0.11-0.11i  0.13+0.00i -0.09-0.16i -0.05-0.19i -0.11-0.07i |
           |  0.05+0.21i -0.09+0.16i  0.26+0.00i  0.26+0.07i  0.16-0.09i |
           |  0.11+0.20i -0.05+0.19i  0.26-0.07i  0.29+0.00i  0.14-0.14i |
           | -0.04+0.15i -0.11+0.07i  0.16+0.09i  0.14+0.14i  0.13+0.00i |

A[6][2] =  |  0.34+0.00i -0.09-0.26i  0.23-0.09i -0.06+0.19i -0.19+0.12i |
           | -0.09+0.26i  0.82+0.00i -0.02+0.08i  0.04+0.17i  0.11+0.15i |
           |  0.23+0.09i -0.02-0.08i  0.38+0.00i -0.30-0.10i -0.05+0.26i |
           | -0.06-0.19i  0.04-0.17i -0.30+0.10i  0.71+0.00i -0.11+0.15i |
           | -0.19-0.12i  0.11-0.15i -0.05-0.26i -0.11-0.15i  0.75+0.00i |

A[7][0] =  |  0.45+0.00i  0.07+0.12i -0.34+0.14i -0.10-0.12i  0.20+0.16i |
           |  0.07-0.12i  0.04+0.00i -0.02+0.11i -0.05+0.01i  0.08-0.03i |
           | -0.34-0.14i -0.02-0.11i  0.31+0.00i  0.04+0.13i -0.10-0.19i |
           | -0.10+0.12i -0.05-0.01i  0.04-0.13i  0.06+0.00i -0.09+0.02i |
           |  0.20-0.16i  0.08+0.03i -0.10+0.19i -0.09-0.02i  0.15+0.00i |

A[7][1] =  |  0.09+0.00i -0.09+0.11i -0.00+0.11i  0.07+0.06i -0.19-0.07i |
           | -0.09-0.11i  0.22+0.00i  0.14-0.10i  0.00-0.15i  0.11+0.29i |
           | -0.00-0.11i  0.14+0.10i  0.14+0.00i  0.07-0.10i -0.07+0.24i |
           |  0.07-0.06i  0.00+0.15i  0.07+0.10i  0.10+0.00i -0.20+0.08i |
           | -0.19+0.07i  0.11-0.29i -0.07-0.24i -0.20-0.08i  0.45+0.00i |

A[7][2] =  |  0.46+0.00i  0.01-0.23i  0.35-0.25i  0.03+0.06i -0.01-0.09i |
           |  0.01+0.23i  0.74+0.00i -0.12-0.01i  0.05+0.14i -0.18-0.27i |
           |  0.35+0.25i -0.12+0.01i  0.55+0.00i -0.12-0.03i  0.18-0.05i |
           |  0.03-0.06i  0.05-0.14i -0.12+0.03i  0.84+0.00i  0.29-0.09i |
           | -0.01+0.09i -0.18+0.27i  0.18+0.05i  0.29+0.09i  0.40+0.00i |

A[8][0] =  |  0.52+0.00i -0.10+0.05i -0.42+0.15i -0.06-0.14i  0.12+0.05i |
           | -0.10-0.05i  0.03+0.00i  0.10+0.01i -0.00+0.03i -0.02-0.02i |
           | -0.42-0.15i  0.10-0.01i  0.38+0.00i  0.01+0.13i -0.08-0.08i |
           | -0.06+0.14i -0.00-0.03i  0.01-0.13i  0.04+0.00i -0.03+0.03i |
           |  0.12-0.05i -0.02+0.02i -0.08+0.08i -0.03-0.03i  0.03+0.00i |

A[8][1] =  |  0.12+0.00i  0.17-0.21i  0.05+0.01i  0.12+0.09i  0.04-0.08i |
           |  0.17+0.21i  0.60+0.00i  0.04+0.10i  0.01+0.33i  0.21-0.04i |
           |  0.05-0.01i  0.04-0.10i  0.02+0.00i  0.05+0.02i  0.01-0.04i |
           |  0.12-0.09i  0.01-0.33i  0.05-0.02i  0.18+0.00i -0.02-0.11i |
           |  0.04+0.08i  0.21+0.04i  0.01+0.04i -0.02+0.11i  0.07+0.00i |

A[8][2] =  |  0.36+0.00i -0.06+0.17i  0.37-0.17i -0.06+0.05i -0.17+0.03i |
           | -0.06-0.17i  0.37+0.00i -0.14-0.11i -0.00-0.36i -0.19+0.06i |
           |  0.37+0.17i -0.14+0.11i  0.60+0.00i -0.06-0.15i  0.08+0.12i |
           | -0.06-0.05i -0.00+0.36i -0.06+0.15i  0.78+0.00i  0.05+0.09i |
           | -0.17-0.03i -0.19-0.06i  0.08-0.12i  0.05-0.09i  0.89+0.00i |

A[9][0] =  |  0.36+0.00i  0.05+0.15i -0.41+0.15i -0.05-0.03i  0.11-0.00i |
           |  0.05-0.15i  0.07+0.00i  0.00+0.19i -0.02+0.02i  0.02-0.04i |
           | -0.41-0.15i  0.00-0.19i  0.53+0.00i  0.04+0.05i -0.12-0.05i |
           | -0.05+0.03i -0.02-0.02i  0.04-0.05i  0.01+0.00i -0.01+0.01i |
           |  0.11+0.00i  0.02+0.04i -0.12+0.05i -0.01-0.01i  0.03+0.00i |

A[9][1] =  |  0.26+0.00i -0.20-0.07i  0.25+0.01i -0.17-0.07i  0.15+0.16i |
           | -0.20+0.07i  0.18+0.00i -0.19+0.06i  0.16+0.01i -0.17-0.08i |
           |  0.25-0.01i -0.19-0.06i  0.23+0.00i -0.17-0.06i  0.15+0.15i |
           | -0.17+0.07i  0.16-0.01i -0.17+0.06i  0.14+0.00i -0.15-0.06i |
           |  0.15-0.16i -0.17+0.08i  0.15-0.15i -0.15+0.06i  0.19+0.00i |

A[9][2] =  |  0.38+0.00i  0.15-0.07i  0.16-0.16i  0.22+0.10i -0.26-0.16i |
           |  0.15+0.07i  0.76+0.00i  0.19-0.25i -0.14-0.02i  0.15+0.12i |
           |  0.16+0.16i  0.19+0.25i  0.24+0.00i  0.13+0.01i -0.03-0.10i |
           |  0.22-0.10i -0.14+0.02i  0.13-0.01i  0.85+0.00i  0.16+0.06i |
           | -0.26+0.16i  0.15-0.12i -0.03+0.10i  0.16-0.06i  0.78+0.00i |

A[10][0] =  |  0.07+0.00i -0.07+0.00i  0.12+0.02i  0.13-0.15i -0.04+0.05i |
            | -0.07-0.00i  0.07+0.00i -0.12-0.02i -0.13+0.15i  0.04-0.06i |
            |  0.12-0.02i -0.12+0.02i  0.21+0.00i  0.18-0.30i -0.06+0.11i |
            |  0.13+0.15i -0.13-0.15i  0.18+0.30i  0.58+0.00i -0.20+0.01i |
            | -0.04-0.05i  0.04+0.06i -0.06-0.11i -0.20-0.01i  0.07+0.00i |

A[10][1] =  |  0.08+0.00i -0.04-0.02i -0.04-0.16i  0.04+0.11i -0.05+0.16i |
            | -0.04+0.02i  0.03+0.00i  0.06+0.08i -0.05-0.05i -0.01-0.10i |
            | -0.04+0.16i  0.06-0.08i  0.35+0.00i -0.25+0.03i -0.30-0.20i |
            |  0.04-0.11i -0.05+0.05i -0.25-0.03i  0.18+0.00i  0.20+0.16i |
            | -0.05-0.16i -0.01+0.10i -0.30+0.20i  0.20-0.16i  0.37+0.00i |

A[10][2] =  |  0.86+0.00i  0.11+0.02i -0.07+0.14i -0.17+0.04i  0.09-0.21i |
            |  0.11-0.02i  0.90+0.00i  0.06-0.06i  0.18-0.10i -0.03+0.16i |
            | -0.07-0.14i  0.06+0.06i  0.44+0.00i  0.06+0.27i  0.36+0.09i |
            | -0.17-0.04i  0.18+0.10i  0.06-0.27i  0.24+0.00i  0.00-0.18i |
            |  0.09+0.21i -0.03-0.16i  0.36-0.09i  0.00+0.18i  0.56+0.00i |

A[11][0] =  |  0.05+0.00i -0.04-0.05i  0.00+0.10i  0.18-0.04i -0.05+0.04i |
            | -0.04+0.05i  0.08+0.00i -0.09-0.07i -0.10+0.20i  0.00-0.07i |
            |  0.00-0.10i -0.09+0.07i  0.17+0.00i -0.06-0.33i  0.06+0.09i |
            |  0.18+0.04i -0.10-0.20i -0.06+0.33i  0.63+0.00i -0.18+0.09i |
            | -0.05-0.04i  0.00+0.07i  0.06-0.09i -0.18-0.09i  0.06+0.00i |

A[11][1] =  |  0.26+0.00i  0.17+0.04i -0.17-0.25i  0.06-0.19i -0.12-0.13i |
            |  0.17-0.04i  0.12+0.00i -0.15-0.13i  0.01-0.14i -0.10-0.06i |
            | -0.17+0.25i -0.15+0.13i  0.34+0.00i  0.14+0.18i  0.20-0.03i |
            |  0.06+0.19i  0.01+0.14i  0.14-0.18i  0.16+0.00i  0.07-0.12i |
            | -0.12+0.13i -0.10+0.06i  0.20+0.03i  0.07+0.12i  0.12+0.00i |

A[11][2] =  |  0.69+0.00i -0.13+0.01i  0.17+0.15i -0.24+0.23i  0.17+0.09i |
            | -0.13-0.01i  0.80+0.00i  0.25+0.20i  0.09-0.06i  0.10+0.13i |
            |  0.17-0.15i  0.25-0.20i  0.48+0.00i -0.09+0.14i -0.26-0.05i |
            | -0.24-0.23i  0.09+0.06i -0.09-0.14i  0.21+0.00i  0.12+0.04i |
            |  0.17-0.09i  0.10-0.13i -0.26+0.05i  0.12-0.04i  0.81+0.00i |

A[12][0] =  |  0.05+0.00i -0.08+0.01i  0.07+0.01i  0.08-0.18i  0.02+0.01i |
            | -0.08-0.01i  0.12+0.00i -0.10-0.03i -0.14+0.25i -0.03-0.02i |
            |  0.07-0.01i -0.10+0.03i  0.09+0.00i  0.06-0.25i  0.03+0.01i |
            |  0.08+0.18i -0.14-0.25i  0.06+0.25i  0.73+0.00i -0.01+0.10i |
            |  0.02-0.01i -0.03+0.02i  0.03-0.01i -0.01-0.10i  0.01+0.00i |

A[12][1] =  |  0.19+0.00i -0.17+0.15i -0.10+0.16i -0.03+0.06i -0.17-0.19i |
            | -0.17-0.15i  0.25+0.00i  0.20-0.07i  0.07-0.03i  0.00+0.30i |
            | -0.10-0.16i  0.20+0.07i  0.18+0.00i  0.06-0.01i -0.07+0.24i |
            | -0.03-0.06i  0.07+0.03i  0.06+0.01i  0.02+0.00i -0.04+0.08i |
            | -0.17+0.19i  0.00-0.30i -0.07-0.24i -0.04-0.08i  0.35+0.00i |

A[12][2] =  |  0.76+0.00i  0.24-0.15i  0.03-0.17i -0.05+0.12i  0.15+0.18i |
            |  0.24+0.15i  0.63+0.00i -0.11+0.09i  0.07-0.22i  0.03-0.28i |
            |  0.03+0.17i -0.11-0.09i  0.73+0.00i -0.12+0.26i  0.04-0.25i |
            | -0.05-0.12i  0.07+0.22i -0.12-0.26i  0.25+0.00i  0.05-0.18i |
            |  0.15-0.18i  0.03+0.28i  0.04+0.25i  0.05+0.18i  0.64+0.00i |

A[13][0] =  |  0.08+0.00i -0.03+0.05i  0.10+0.06i  0.13-0.19i  0.02+0.06i |
            | -0.03-0.05i  0.04+0.00i -0.01-0.08i -0.16-0.01i  0.03-0.03i |
            |  0.10-0.06i -0.01+0.08i  0.17+0.00i  0.03-0.34i  0.07+0.06i |
            |  0.13+0.19i -0.16+0.01i  0.03+0.34i  0.66+0.00i -0.10+0.14i |
            |  0.02-0.06i  0.03+0.03i  0.07-0.06i -0.10-0.14i  0.05+0.00i |

A[13][1] =  |  0.18+0.00i  0.32-0.07i  0.07+0.09i  0.02+0.09i  0.14-0.06i |
            |  0.32+0.07i  0.58+0.00i  0.08+0.19i  0.01+0.16i  0.26-0.05i |
            |  0.07-0.09i  0.08-0.19i  0.07+0.00i  0.05+0.02i  0.02-0.09i |
            |  0.02-0.09i  0.01-0.16i  0.05-0.02i  0.05+0.00i -0.01-0.07i |
            |  0.14+0.06i  0.26+0.05i  0.02+0.09i -0.01+0.07i  0.12+0.00i |

A[13][2] =  |  0.74+0.00i -0.29+0.02i -0.17-0.15i -0.15+0.10i -0.16+0.00i |
            | -0.29-0.02i  0.38+0.00i -0.07-0.11i  0.15-0.16i -0.29+0.08i |
            | -0.17+0.15i -0.07+0.11i  0.75+0.00i -0.09+0.32i -0.09+0.03i |
            | -0.15-0.10i  0.15+0.16i -0.09-0.32i  0.30+0.00i  0.11-0.07i |
            | -0.16-0.00i -0.29-0.08i -0.09-0.03i  0.11+0.07i  0.83+0.00i |

A[14][0] =  |  0.04+0.00i -0.05-0.02i  0.02+0.07i  0.17+0.03i -0.01+0.00i |
            | -0.05+0.02i  0.07+0.00i -0.07-0.07i -0.22+0.06i  0.01-0.01i |
            |  0.02-0.07i -0.07+0.07i  0.13+0.00i  0.15-0.27i -0.00+0.03i |
            |  0.17-0.03i -0.22-0.06i  0.15+0.27i  0.75+0.00i -0.06+0.03i |
            | -0.01-0.00i  0.01+0.01i -0.00-0.03i -0.06-0.03i  0.01+0.00i |

A[14][1] =  |  0.43+0.00i -0.23-0.10i  0.18+0.10i -0.24+0.04i  0.22+0.18i |
            | -0.23+0.10i  0.14+0.00i -0.12-0.01i  0.12-0.07i -0.16-0.05i |
            |  0.18-0.10i -0.12+0.01i  0.10+0.00i -0.09+0.07i  0.14+0.02i |
            | -0.24-0.04i  0.12+0.07i -0.09-0.07i  0.13+0.00i -0.11-0.12i |
            |  0.22-0.18i -0.16+0.05i  0.14-0.02i -0.11+0.12i  0.20+0.00i |

A[14][2] =  |  0.53+0.00i  0.28+0.12i -0.20-0.17i  0.06-0.07i -0.21-0.19i |
            |  0.28-0.12i  0.79+0.00i  0.18+0.08i  0.10+0.01i  0.15+0.06i |
            | -0.20+0.17i  0.18-0.08i  0.77+0.00i -0.06+0.20i -0.13-0.05i |
            |  0.06+0.07i  0.10-0.01i -0.06-0.20i  0.11+0.00i  0.16+0.09i |
            | -0.21+0.19i  0.15-0.06i -0.13+0.05i  0.16-0.09i  0.80+0.00i |

A[15][0] =  |  0.38+0.00i -0.18-0.12i  0.17-0.17i  0.04+0.07i  0.04-0.35i |
            | -0.18+0.12i  0.12+0.00i -0.03+0.13i -0.04-0.02i  0.09+0.18i |
            |  0.17+0.17i -0.03-0.13i  0.15+0.00i -0.02+0.05i  0.18-0.14i |
            |  0.04-0.07i -0.04+0.02i -0.02-0.05i  0.02+0.00i -0.06-0.04i |
            |  0.04+0.35i  0.09-0.18i  0.18+0.14i -0.06+0.04i  0.34+0.00i |

A[15][1] =  |  0.08+0.00i -0.05-0.03i -0.12-0.06i  0.15+0.09i  0.09+0.14i |
            | -0.05+0.03i  0.04+0.00i  0.08-0.01i -0.11-0.00i -0.10-0.05i |
            | -0.12+0.06i  0.08+0.01i  0.20+0.00i -0.27-0.03i -0.22-0.13i |
            |  0.15-0.09i -0.11+0.00i -0.27+0.03i  0.36+0.00i  0.31+0.15i |
            |  0.09-0.14i -0.10+0.05i -0.22+0.13i  0.31-0.15i  0.32+0.00i |

A[15][2] =  |  0.54+0.00i  0.22+0.14i -0.05+0.23i -0.19-0.16i -0.13+0.22i |
            |  0.22-0.14i  0.85+0.00i -0.06-0.13i  0.15+0.02i  0.01-0.13i |
            | -0.05-0.23i -0.06+0.13i  0.65+0.00i  0.28-0.02i  0.04+0.27i |
            | -0.19+0.16i  0.15-0.02i  0.28+0.02i  0.62+0.00i -0.25-0.10i |
            | -0.13-0.22i  0.01+0.13i  0.04-0.27i -0.25+0.10i  0.34+0.00i |

A[16][0] =  |  0.28+0.00i -0.14-0.17i  0.17-0.11i -0.10+0.14i -0.03-0.28i |
            | -0.14+0.17i  0.17+0.00i -0.02+0.16i -0.03-0.13i  0.18+0.13i |
            |  0.17+0.11i -0.02-0.16i  0.16+0.00i -0.12+0.05i  0.10-0.19i |
            | -0.10-0.14i -0.03+0.13i -0.12-0.05i  0.11+0.00i -0.13+0.12i |
            | -0.03+0.28i  0.18-0.13i  0.10+0.19i -0.13-0.12i  0.29+0.00i |

A[16][1] =  |  0.18+0.00i  0.17+0.04i -0.12-0.16i -0.03-0.26i -0.04-0.06i |
            |  0.17-0.04i  0.18+0.00i -0.15-0.13i -0.08-0.25i -0.05-0.05i |
            | -0.12+0.16i -0.15+0.13i  0.24+0.00i  0.26+0.15i  0.08+0.00i |
            | -0.03+0.26i -0.08+0.25i  0.26-0.15i  0.38+0.00i  0.09-0.05i |
            | -0.04+0.06i -0.05+0.05i  0.08-0.00i  0.09+0.05i  0.03+0.00i |

A[16][2] =  |  0.55+0.00i -0.03+0.13i -0.05+0.28i  0.13+0.12i  0.07+0.34i |
            | -0.03-0.13i  0.65+0.00i  0.18-0.03i  0.11+0.38i -0.13-0.08i |
            | -0.05-0.28i  0.18+0.03i  0.61+0.00i -0.14-0.20i -0.18+0.19i |
            |  0.13-0.12i  0.11-0.38i -0.14+0.20i  0.51+0.00i  0.04-0.06i |
            |  0.07-0.34i -0.13+0.08i -0.18-0.19i  0.04+0.06i  0.68+0.00i |

A[17][0] =  |  0.29+0.00i -0.08-0.12i  0.28-0.21i -0.03+0.07i -0.03-0.25i |
            | -0.08+0.12i  0.07+0.00i  0.01+0.17i -0.02-0.03i  0.11+0.06i |
            |  0.28+0.21i  0.01-0.17i  0.41+0.00i -0.07+0.04i  0.15-0.25i |
            | -0.03-0.07i -0.02+0.03i -0.07-0.04i  0.02+0.00i -0.05+0.03i |
            | -0.03+0.25i  0.11-0.06i  0.15+0.25i -0.05-0.03i  0.21+0.00i |

A[17][1] =  |  0.13+0.00i -0.06+0.13i -0.01+0.23i  0.06+0.06i -0.16-0.07i |
            | -0.06-0.13i  0.17+0.00i  0.24-0.11i  0.03-0.10i  0.01+0.20i |
            | -0.01-0.23i  0.24+0.11i  0.41+0.00i  0.11-0.12i -0.11+0.29i |
            |  0.06-0.06i  0.03+0.10i  0.11+0.12i  0.06+0.00i -0.11+0.05i |
            | -0.16+0.07i  0.01-0.20i -0.11-0.29i -0.11-0.05i  0.23+0.00i |

A[17][2] =  |  0.58+0.00i  0.14-0.01i -0.27-0.02i -0.03-0.13i  0.18+0.32i |
            |  0.14+0.01i  0.77+0.00i -0.25-0.06i -0.02+0.12i -0.12-0.25i |
            | -0.27+0.02i -0.25+0.06i  0.18+0.00i -0.04+0.07i -0.04-0.04i |
            | -0.03+0.13i -0.02-0.12i -0.04-0.07i  0.92+0.00i  0.16-0.08i |
            |  0.18-0.32i -0.12+0.25i -0.04+0.04i  0.16+0.08i  0.56+0.00i |

A[18][0] =  |  0.35+0.00i -0.16+0.02i  0.13-0.26i -0.07+0.13i -0.11-0.29i |
            | -0.16-0.02i  0.08+0.00i -0.08+0.11i  0.04-0.05i  0.03+0.14i |
            |  0.13+0.26i -0.08-0.11i  0.23+0.00i -0.12-0.01i  0.17-0.19i |
            | -0.07-0.13i  0.04+0.05i -0.12+0.01i  0.06+0.00i -0.08+0.10i |
            | -0.11+0.29i  0.03-0.14i  0.17+0.19i -0.08-0.10i  0.28+0.00i |

A[18][1] =  |  0.14+0.00i  0.29+0.01i -0.04+0.07i  0.02+0.17i  0.07-0.02i |
            |  0.29-0.01i  0.58+0.00i -0.06+0.15i  0.05+0.33i  0.13-0.05i |
            | -0.04-0.07i -0.06-0.15i  0.04+0.00i  0.08-0.05i -0.03-0.03i |
            |  0.02-0.17i  0.05-0.33i  0.08+0.05i  0.20+0.00i -0.02-0.08i |
            |  0.07+0.02i  0.13+0.05i -0.03+0.03i -0.02+0.08i  0.04+0.00i |

A[18][2] =  |  0.51+0.00i -0.13-0.04i -0.09+0.18i  0.05-0.29i  0.04+0.32i |
            | -0.13+0.04i  0.34+0.00i  0.14-0.26i -0.09-0.28i -0.17-0.09i |
            | -0.09-0.18i  0.14+0.26i  0.72+0.00i  0.04+0.05i -0.14+0.22i |
            |  0.05+0.29i -0.09+0.28i  0.04-0.05i  0.74+0.00i  0.10-0.02i |
            |  0.04-0.32i -0.17+0.09i -0.14-0.22i  0.10+0.02i  0.68+0.00i |

A[19][0] =  |  0.27+0.00i -0.13-0.10i  0.09-0.21i  0.04+0.08i -0.20-0.27i |
            | -0.13+0.10i  0.10+0.00i  0.03+0.14i -0.05-0.02i  0.19+0.06i |
            |  0.09+0.21i  0.03-0.14i  0.19+0.00i -0.05+0.06i  0.14-0.24i |
            |  0.04-0.08i -0.05+0.02i -0.05-0.06i  0.03+0.00i -0.10+0.02i |
            | -0.20+0.27i  0.19-0.06i  0.14+0.24i -0.10-0.02i  0.41+0.00i |

A[19][1] =  |  0.36+0.00i -0.21-0.06i  0.12+0.11i -0.18-0.16i  0.11+0.30i |
            | -0.21+0.06i  0.14+0.00i -0.09-0.04i  0.13+0.06i -0.12-0.16i |
            |  0.12-0.11i -0.09+0.04i  0.07+0.00i -0.11+0.00i  0.13+0.07i |
            | -0.18+0.16i  0.13-0.06i -0.11-0.00i  0.15+0.00i -0.18-0.10i |
            |  0.11-0.30i -0.12+0.16i  0.13-0.07i -0.18+0.10i  0.28+0.00i |

A[19][2] =  |  0.37+0.00i  0.34+0.16i -0.21+0.10i  0.14+0.08i  0.09-0.03i |
            |  0.34-0.16i  0.77+0.00i  0.06-0.09i -0.08-0.04i -0.08+0.10i |
            | -0.21-0.10i  0.06+0.09i  0.73+0.00i  0.15-0.06i -0.27+0.17i |
            |  0.14-0.08i -0.08+0.04i  0.15+0.06i  0.82+0.00i  0.28+0.08i |
            |  0.09+0.03i -0.08-0.10i -0.27-0.17i  0.28-0.08i  0.31+0.00i |

A[20][0] =  |  0.03+0.00i  0.01+0.10i  0.09-0.00i  0.00+0.06i  0.05+0.08i |
            |  0.01-0.10i  0.33+0.00i  0.01-0.29i  0.20+0.01i  0.26-0.13i |
            |  0.09+0.00i  0.01+0.29i  0.26+0.00i -0.00+0.18i  0.12+0.23i |
            |  0.00-0.06i  0.20-0.01i -0.00-0.18i  0.12+0.00i  0.15-0.09i |
            |  0.05-0.08i  0.26+0.13i  0.12-0.23i  0.15+0.09i  0.25+0.00i |

A[20][1] =  |  0.04+0.00i -0.04-0.04i -0.10-0.08i  0.07+0.09i -0.03+0.10i |
            | -0.04+0.04i  0.08+0.00i  0.17-0.02i -0.15-0.02i -0.07-0.13i |
            | -0.10+0.08i  0.17+0.02i  0.34+0.00i -0.29-0.08i -0.10-0.28i |
            |  0.07-0.09i -0.15+0.02i -0.29+0.08i  0.27+0.00i  0.15+0.22i |
            | -0.03-0.10i -0.07+0.13i -0.10+0.28i  0.15-0.22i  0.26+0.00i |

A[20][2] =  |  0.92+0.00i  0.04-0.06i  0.00+0.08i -0.07-0.15i -0.01-0.18i |
            |  0.04+0.06i  0.59+0.00i -0.18+0.31i -0.05+0.01i -0.19+0.26i |
            |  0.00-0.08i -0.18-0.31i  0.40+0.00i  0.30-0.11i -0.02+0.05i |
            | -0.07+0.15i -0.05-0.01i  0.30+0.11i  0.61+0.00i -0.30-0.13i |
            | -0.01+0.18i -0.19-0.26i -0.02-0.05i -0.30+0.13i  0.49+0.00i |

A[21][0] =  |  0.09+0.00i -0.02+0.15i  0.11-0.02i -0.06+0.12i -0.02+0.18i |
            | -0.02-0.15i  0.25+0.00i -0.05-0.18i  0.20+0.07i  0.29-0.01i |
            |  0.11+0.02i -0.05+0.18i  0.14+0.00i -0.09+0.13i -0.05+0.21i |
            | -0.06-0.12i  0.20-0.07i -0.09-0.13i  0.18+0.00i  0.23-0.09i |
            | -0.02-0.18i  0.29+0.01i -0.05-0.21i  0.23+0.09i  0.34+0.00i |

A[21][1] =  |  0.30+0.00i  0.11+0.12i -0.09-0.26i -0.03-0.28i -0.16-0.07i |
            |  0.11-0.12i  0.09+0.00i -0.14-0.06i -0.13-0.09i -0.09+0.04i |
            | -0.09+0.26i -0.14+0.06i  0.25+0.00i  0.25+0.05i  0.10-0.12i |
            | -0.03+0.28i -0.13+0.09i  0.25-0.05i  0.26+0.00i  0.08-0.14i |
            | -0.16+0.07i -0.09-0.04i  0.10+0.12i  0.08+0.14i  0.10+0.00i |

A[21][2] =  |  0.60+0.00i -0.09-0.27i -0.02+0.28i  0.09+0.16i  0.18-0.11i |
            | -0.09+0.27i  0.66+0.00i  0.19+0.24i -0.08+0.02i -0.20-0.03i |
            | -0.02-0.28i  0.19-0.24i  0.62+0.00i -0.16-0.18i -0.05-0.09i |
            |  0.09-0.16i -0.08-0.02i -0.16+0.18i  0.56+0.00i -0.31+0.23i |
            |  0.18+0.11i -0.20+0.03i -0.05+0.09i -0.31-0.23i  0.56+0.00i |

A[22][0] =  |  0.08+0.00i  0.04+0.13i  0.07-0.09i  0.06+0.14i  0.12+0.08i |
            |  0.04-0.13i  0.22+0.00i -0.11-0.15i  0.25-0.03i  0.18-0.15i |
            |  0.07+0.09i -0.11+0.15i  0.15+0.00i -0.10+0.19i  0.01+0.20i |
            |  0.06-0.14i  0.25+0.03i -0.10-0.19i  0.29+0.00i  0.23-0.15i |
            |  0.12-0.08i  0.18+0.15i  0.01-0.20i  0.23+0.15i  0.25+0.00i |

A[22][1] =  |  0.22+0.00i -0.12+0.14i -0.12+0.16i  0.10+0.14i -0.14-0.21i |
            | -0.12-0.14i  0.16+0.00i  0.17-0.01i  0.03-0.14i -0.05+0.21i |
            | -0.12-0.16i  0.17+0.01i  0.19+0.00i  0.04-0.16i -0.07+0.23i |
            |  0.10-0.14i  0.03+0.14i  0.04+0.16i  0.14+0.00i -0.20-0.01i |
            | -0.14+0.21i -0.05-0.21i -0.07-0.23i -0.20+0.01i  0.30+0.00i |

A[22][2] =  |  0.70+0.00i  0.08-0.27i  0.06-0.07i -0.17-0.28i  0.02+0.14i |
            |  0.08+0.27i  0.62+0.00i -0.06+0.16i -0.28+0.17i -0.13-0.06i |
            |  0.06+0.07i -0.06-0.16i  0.66+0.00i  0.06-0.03i  0.06-0.42i |
            | -0.17+0.28i -0.28-0.17i  0.06+0.03i  0.57+0.00i -0.02+0.16i |
            |  0.02-0.14i -0.13+0.06i  0.06+0.42i -0.02-0.16i  0.45+0.00i |

A[23][0] =  |  0.06+0.00i -0.05+0.08i  0.13-0.00i -0.00+0.11i -0.01+0.12i |
            | -0.05-0.08i  0.15+0.00i -0.12-0.18i  0.16-0.09i  0.18-0.09i |
            |  0.13+0.00i -0.12+0.18i  0.31+0.00i -0.01+0.26i -0.02+0.29i |
            | -0.00-0.11i  0.16+0.09i -0.01-0.26i  0.22+0.00i  0.24+0.01i |
            | -0.01-0.12i  0.18+0.09i -0.02-0.29i  0.24-0.01i  0.27+0.00i |

A[23][1] =  |  0.16+0.00i  0.22-0.17i  0.06+0.14i  0.03+0.15i  0.04-0.08i |
            |  0.22+0.17i  0.49+0.00i -0.05+0.26i -0.11+0.25i  0.14-0.07i |
            |  0.06-0.14i -0.05-0.26i  0.15+0.00i  0.15+0.03i -0.05-0.07i |
            |  0.03-0.15i -0.11-0.25i  0.15-0.03i  0.16+0.00i -0.07-0.06i |
            |  0.04+0.08i  0.14+0.07i -0.05+0.07i -0.07+0.06i  0.05+0.00i |

A[23][2] =  |  0.79+0.00i -0.17+0.09i -0.20-0.14i -0.03-0.26i -0.03-0.04i |
            | -0.17-0.09i  0.36+0.00i  0.17-0.08i -0.05-0.16i -0.32+0.16i |
            | -0.20+0.14i  0.17+0.08i  0.54+0.00i -0.13-0.29i  0.07-0.22i |
            | -0.03+0.26i -0.05+0.16i -0.13+0.29i  0.63+0.00i -0.17+0.05i |
            | -0.03+0.04i -0.32-0.16i  0.07+0.22i -0.17-0.05i  0.68+0.00i |

A[24][0] =  |  0.03+0.00i  0.08+0.05i  0.03-0.06i  0.08+0.04i  0.08+0.06i |
            |  0.08-0.05i  0.26+0.00i -0.02-0.20i  0.25-0.02i  0.28+0.02i |
            |  0.03+0.06i -0.02+0.20i  0.16+0.00i -0.00+0.20i -0.04+0.22i |
            |  0.08-0.04i  0.25+0.02i -0.00-0.20i  0.24+0.00i  0.27+0.04i |
            |  0.08-0.06i  0.28-0.02i -0.04-0.22i  0.27-0.04i  0.31+0.00i |

A[24][1] =  |  0.42+0.00i -0.18-0.15i  0.16+0.07i -0.19-0.19i  0.25+0.15i |
            | -0.18+0.15i  0.13+0.00i -0.09+0.03i  0.15+0.01i -0.16+0.02i |
            |  0.16-0.07i -0.09-0.03i  0.07+0.00i -0.10-0.04i  0.12+0.02i |
            | -0.19+0.19i  0.15-0.01i -0.10+0.04i  0.17+0.00i -0.18+0.05i |
            |  0.25-0.15i -0.16-0.02i  0.12-0.02i -0.18-0.05i  0.21+0.00i |

A[24][2] =  |  0.55+0.00i  0.10+0.10i -0.19-0.01i  0.11+0.15i -0.33-0.21i |
            |  0.10-0.10i  0.61+0.00i  0.11+0.18i -0.40+0.01i -0.12-0.04i |
            | -0.19+0.01i  0.11-0.18i  0.77+0.00i  0.10-0.16i -0.09-0.24i |
            |  0.11-0.15i -0.40-0.01i  0.10+0.16i  0.59+0.00i -0.09-0.08i |
            | -0.33+0.21i -0.12+0.04i -0.09+0.24i -0.09+0.08i  0.48+0.00i |

B[0][0] =  |  0.09+0.00i  0.18+0.13i  0.04+0.02i -0.03+0.03i -0.13-0.11i |
           |  0.18-0.13i  0.56+0.00i  0.12-0.02i -0.03+0.10i -0.41-0.04i |
           |  0.04-0.02i  0.12+0.02i  0.02+0.00i -0.01+0.02i -0.08-0.02i |
           | -0.03-0.03i -0.03-0.10i -0.01-0.02i  0.02+0.00i  0.01+0.08i |
           | -0.13+0.11i -0.41+0.04i -0.08+0.02i  0.01-0.08i  0.31+0.00i |

B[0][1] =  |  0.49+0.00i  0.01-0.13i -0.38-0.21i -0.11+0.06i  0.16-0.05i |
           |  0.01+0.13i  0.03+0.00i  0.05-0.10i -0.02-0.03i  0.02+0.04i |
           | -0.38+0.21i  0.05+0.10i  0.39+0.00i  0.06-0.10i -0.10+0.11i |
           | -0.11-0.06i -0.02+0.03i  0.06+0.10i  0.03+0.00i -0.04-0.01i |
           |  0.16+0.05i  0.02-0.04i -0.10-0.11i -0.04+0.01i  0.06+0.00i |

B[0][2] =  |  0.05+0.00i -0.06+0.00i  0.07-0.05i  0.15+0.11i -0.01-0.04i |
           | -0.06-0.00i  0.07+0.00i -0.08+0.06i -0.16-0.14i  0.01+0.04i |
           |  0.07+0.05i -0.08-0.06i  0.15+0.00i  0.08+0.32i  0.02-0.06i |
           |  0.15-0.11i -0.16+0.14i  0.08-0.32i  0.70+0.00i -0.12-0.08i |
           | -0.01+0.04i  0.01-0.04i  0.02+0.06i -0.12+0.08i  0.03+0.00i |

B[0][3] =  |  0.32+0.00i -0.15+0.10i  0.18+0.21i -0.03-0.10i -0.07+0.31i |
           | -0.15-0.10i  0.10+0.00i -0.02-0.15i -0.02+0.06i  0.13-0.12i |
           |  0.18-0.21i -0.02+0.15i  0.23+0.00i -0.08-0.04i  0.16+0.22i |
           | -0.03+0.10i -0.02-0.06i -0.08+0.04i  0.03+0.00i -0.09-0.05i |
           | -0.07-0.31i  0.13+0.12i  0.16-0.22i -0.09+0.05i  0.31+0.00i |

B[0][4] =  |  0.05+0.00i  0.01-0.11i  0.09+0.04i  0.02-0.10i  0.05-0.11i |
           |  0.01+0.11i  0.25+0.00i -0.06+0.22i  0.23+0.01i  0.25+0.08i |
           |  0.09-0.04i -0.06-0.22i  0.20+0.00i -0.05-0.20i  0.01-0.24i |
           |  0.02+0.10i  0.23-0.01i -0.05+0.20i  0.21+0.00i  0.24+0.06i |
           |  0.05+0.11i  0.25-0.08i  0.01+0.24i  0.24-0.06i  0.29+0.00i |

B[1][0] =  |  0.06+0.00i -0.03+0.02i -0.08+0.10i  0.07-0.12i -0.02-0.13i |
           | -0.03-0.02i  0.03+0.00i  0.08-0.03i -0.09+0.04i -0.04+0.08i |
           | -0.08-0.10i  0.08+0.03i  0.28+0.00i -0.31+0.03i -0.20+0.21i |
           |  0.07+0.12i -0.09-0.04i -0.31-0.03i  0.34+0.00i  0.24-0.21i |
           | -0.02+0.13i -0.04-0.08i -0.20-0.21i  0.24+0.21i  0.30+0.00i |

B[1][1] =  |  0.23+0.00i  0.13-0.08i -0.09+0.25i  0.04+0.25i -0.08+0.11i |
           |  0.13+0.08i  0.10+0.00i -0.14+0.11i -0.07+0.16i -0.08+0.03i |
           | -0.09-0.25i -0.14-0.11i  0.30+0.00i  0.26-0.14i  0.15+0.05i |
           |  0.04-0.25i -0.07-0.16i  0.26+0.14i  0.28+0.00i  0.10+0.11i |
           | -0.08-0.11i -0.08-0.03i  0.15-0.05i  0.10-0.11i  0.08+0.00i |

B[1][2] =  |  0.17+0.00i -0.14-0.12i -0.08-0.19i  0.05-0.10i -0.19+0.15i |
           | -0.14+0.12i  0.19+0.00i  0.19+0.09i  0.03+0.11i  0.04-0.25i |
           | -0.08+0.19i  0.19-0.09i  0.23+0.00i  0.08+0.10i -0.07-0.27i |
           |  0.05+0.10i  0.03-0.11i  0.08-0.10i  0.07+0.00i -0.14-0.06i |
           | -0.19-0.15i  0.04+0.25i -0.07+0.27i -0.14+0.06i  0.33+0.00i |

B[1][3] =  |  0.14+0.00i  0.25+0.11i  0.03-0.09i  0.05-0.14i  0.09+0.07i |
           |  0.25-0.11i  0.55+0.00i -0.01-0.18i -0.01-0.29i  0.22+0.06i |
           |  0.03+0.09i -0.01+0.18i  0.06+0.00i  0.10-0.00i -0.02+0.07i |
           |  0.05+0.14i -0.01+0.29i  0.10+0.00i  0.16+0.00i -0.04+0.12i |
           |  0.09-0.07i  0.22-0.06i -0.02-0.07i -0.04-0.12i  0.09+0.00i |

B[1][4] =  |  0.40+0.00i -0.22+0.07i  0.21-0.08i -0.22+0.10i  0.20-0.20i |
           | -0.22-0.07i  0.13+0.00i -0.13+0.01i  0.14-0.02i -0.15+0.07i |
           |  0.21+0.08i -0.13-0.01i  0.12+0.00i -0.13+0.01i  0.14-0.06i |
           | -0.22-0.10i  0.14+0.02i -0.13-0.01i  0.15+0.00i -0.16+0.06i |
           |  0.20+0.20i -0.15-0.07i  0.14+0.06i -0.16-0.06i  0.20+0.00i |

moments 0 1 =  | (0.1999,0.0000) (0.2001,0.0000) (0.2000,0.0000) (0.2000,0.0000) (0.2000,-0.0000) |
               | (0.2003,-0.0000) (0.1999,-0.0000) (0.1998,0.0000) (0.2000,-0.0000) (0.2001,0.0000) |
               | (0.2000,0.0000) (0.1999,-0.0000) (0.2003,0.0000) (0.1998,0.0000) (0.2001,-0.0000) |
               | (0.2001,-0.0000) (0.2001,-0.0000) (0.1999,-0.0000) (0.2001,0.0000) (0.1998,0.0000) |
               | (0.1997,-0.0000) (0.2001,-0.0000) (0.2000,-0.0000) (0.2002,0.0000) (0.2000,-0.0000) |
final result = 4.47214 <= 4.47214 (0.00000 away)
