iter    0 val 0.708884299 (0.705329263 from ideal, 1.708884299 from prev)
iter    1 val 1.414213551 (0.000000012 from ideal, 0.705329252 from prev)
iter    2 val 1.414213543 (0.000000019 from ideal, 0.000000008 from prev)
iter    3 val 1.414213543 (0.000000019 from ideal, 0.000000000 from prev)
iter    4 val 1.414213543 (0.000000019 from ideal, 0.000000000 from prev)
iter    5 val 1.414213543 (0.000000019 from ideal, 0.000000000 from prev)
iter    6 val 1.414213543 (0.000000019 from ideal, 0.000000000 from prev)
iter    7 val 1.414213543 (0.000000019 from ideal, 0.000000000 from prev)
iter    8 val 1.414213543 (0.000000019 from ideal, 0.000000000 from prev)
iter    9 val 1.414213543 (0.000000019 from ideal, 0.000000000 from prev)
iter   10 val 1.414213543 (0.000000019 from ideal, 0.000000000 from prev)
iter   11 val 1.414213543 (0.000000019 from ideal, 0.000000000 from prev)
iter   12 val 1.414213543 (0.000000019 from ideal, 0.000000000 from prev)

A[0][0] = { { +0.821886858+0.000000000i , -0.045493471+0.379893658i },
            { -0.045493471-0.379893658i , +0.178113142+0.000000000i } }

A[0][1] = { { +0.178113138+0.000000000i , +0.045493471-0.379893658i },
            { +0.045493471+0.379893658i , +0.821886862+0.000000000i } }

A[0][2] = { { +0.000000003+0.000000000i , +0.000000000+0.000000000i },
            { +0.000000000-0.000000000i , -0.000000003+0.000000000i } }

A[1][0] = { { +0.741892871+0.000000000i , +0.408851572-0.155975080i },
            { +0.408851572+0.155975080i , +0.258107129+0.000000000i } }

A[1][1] = { { +0.258107125+0.000000000i , -0.408851572+0.155975080i },
            { -0.408851572-0.155975080i , +0.741892875+0.000000000i } }

A[1][2] = { { +0.000000003+0.000000000i , +0.000000000-0.000000000i },
            { +0.000000000+0.000000000i , -0.000000003+0.000000000i } }

A[2][0] = { { +0.258107125+0.000000000i , -0.408851572+0.155975080i },
            { -0.408851572-0.155975080i , +0.741892875+0.000000000i } }

A[2][1] = { { +0.741892871+0.000000000i , +0.408851572-0.155975080i },
            { +0.408851572+0.155975080i , +0.258107129+0.000000000i } }

A[2][2] = { { +0.000000003+0.000000000i , -0.000000000+0.000000000i },
            { -0.000000000-0.000000000i , -0.000000003+0.000000000i } }

A[3][0] = { { +0.178113138+0.000000000i , +0.045493471-0.379893658i },
            { +0.045493471+0.379893658i , +0.821886862+0.000000000i } }

A[3][1] = { { +0.821886858+0.000000000i , -0.045493471+0.379893658i },
            { -0.045493471-0.379893658i , +0.178113142+0.000000000i } }

A[3][2] = { { +0.000000003+0.000000000i , -0.000000000-0.000000000i },
            { -0.000000000+0.000000000i , -0.000000003+0.000000000i } }

B[0][0] = { { +0.898645349+0.000000000i , +0.256929548-0.158332225i },
            { +0.256929548+0.158332225i , +0.101354651+0.000000000i } }

B[0][1] = { { +0.101354651+0.000000000i , -0.256929548+0.158332225i },
            { -0.256929548-0.158332225i , +0.898645349+0.000000000i } }

B[1][0] = { { +0.443438238+0.000000000i , +0.321275937+0.378922868i },
            { +0.321275937-0.378922868i , +0.556561762+0.000000000i } }

B[1][1] = { { +0.556561762+0.000000000i , -0.321275937-0.378922868i },
            { -0.321275937+0.378922868i , +0.443438238+0.000000000i } }

moments 0 1 = { { +0.500002994+0.000000000i , +0.499997006+0.000000000i },
                { +0.499997006+0.000000000i , +0.500002994+0.000000000i } }
finished in 117 ms
final result = 1.41421 <= 1.41421 (0.00000 away)
