iter    0 val 5.158197738 (3.327083636 from ideal, 6.158197738 from prev)
iter    1 val 8.305164535 (0.180116840 from ideal, 3.146966797 from prev)
iter    2 val 8.409364649 (0.075916725 from ideal, 0.104200114 from prev)
iter    3 val 8.455192051 (0.030089323 from ideal, 0.045827402 from prev)
iter    4 val 8.475107438 (0.010173937 from ideal, 0.019915386 from prev)
iter    5 val 8.482254700 (0.003026674 from ideal, 0.007147263 from prev)
iter    6 val 8.484450193 (0.000831181 from ideal, 0.002195493 from prev)
iter    7 val 8.485063048 (0.000218326 from ideal, 0.000612855 from prev)
iter    8 val 8.485225307 (0.000056067 from ideal, 0.000162259 from prev)
iter    9 val 8.485267100 (0.000014274 from ideal, 0.000041793 from prev)
iter   10 val 8.485277723 (0.000003652 from ideal, 0.000010622 from prev)
iter   11 val 8.485280408 (0.000000966 from ideal, 0.000002686 from prev)
iter   12 val 8.485281088 (0.000000286 from ideal, 0.000000679 from prev)
iter   13 val 8.485281261 (0.000000113 from ideal, 0.000000173 from prev)
iter   14 val 8.485281306 (0.000000069 from ideal, 0.000000045 from prev)
iter   15 val 8.485281317 (0.000000057 from ideal, 0.000000012 from prev)
iter   16 val 8.485281321 (0.000000053 from ideal, 0.000000003 from prev)
iter   17 val 8.485281322 (0.000000052 from ideal, 0.000000001 from prev)
iter   18 val 8.485281322 (0.000000052 from ideal, 0.000000000 from prev)
iter   19 val 8.485281322 (0.000000052 from ideal, 0.000000000 from prev)
iter   20 val 8.485281322 (0.000000052 from ideal, 0.000000000 from prev)
iter   21 val 8.485281322 (0.000000052 from ideal, 0.000000000 from prev)
iter   22 val 8.485281322 (0.000000052 from ideal, 0.000000000 from prev)
iter   23 val 8.485281322 (0.000000052 from ideal, 0.000000000 from prev)
iter   24 val 8.485281322 (0.000000052 from ideal, 0.000000000 from prev)
iter   25 val 8.485281322 (0.000000052 from ideal, 0.000000000 from prev)
iter   26 val 8.485281322 (0.000000052 from ideal, 0.000000000 from prev)

A[0][0] = { { +0.465383496+0.000000000i , +0.207944555-0.453388087i },
            { +0.207944555+0.453388087i , +0.534616504+0.000000000i } }
(1.000000000,0.000000000)

A[0][1] = { { +0.534616501+0.000000000i , -0.207944555+0.453388087i },
            { -0.207944555-0.453388087i , +0.465383499+0.000000000i } }
(1.000000000,0.000000000)

A[0][2] = { { +0.000000003+0.000000000i , +0.000000000-0.000000000i },
            { +0.000000000+0.000000000i , -0.000000003+0.000000000i } }
(0.000000000,0.000000000)

A[1][0] = { { +0.990449273+0.000000000i , -0.068627950-0.068918165i },
            { -0.068627950+0.068918165i , +0.009550727+0.000000000i } }
(1.000000000,0.000000000)

A[1][1] = { { +0.009550723+0.000000000i , +0.068627950+0.068918165i },
            { +0.068627950-0.068918165i , +0.990449277+0.000000000i } }
(1.000000000,0.000000000)

A[1][2] = { { +0.000000003+0.000000000i , +0.000000000+0.000000000i },
            { +0.000000000-0.000000000i , -0.000000003+0.000000000i } }
(0.000000000,0.000000000)

A[2][0] = { { +0.009550723+0.000000000i , +0.068627950+0.068918165i },
            { +0.068627950-0.068918165i , +0.990449277+0.000000000i } }
(1.000000000,0.000000000)

A[2][1] = { { +0.990449273+0.000000000i , -0.068627950-0.068918165i },
            { -0.068627950+0.068918165i , +0.009550727+0.000000000i } }
(1.000000000,0.000000000)

A[2][2] = { { +0.000000003+0.000000000i , -0.000000000-0.000000000i },
            { -0.000000000+0.000000000i , -0.000000003+0.000000000i } }
(0.000000000,0.000000000)

A[3][0] = { { +0.534616501+0.000000000i , -0.207944555+0.453388087i },
            { -0.207944555-0.453388087i , +0.465383499+0.000000000i } }
(1.000000000,0.000000000)

A[3][1] = { { +0.465383496+0.000000000i , +0.207944555-0.453388087i },
            { +0.207944555+0.453388087i , +0.534616504+0.000000000i } }
(1.000000000,0.000000000)

A[3][2] = { { +0.000000003+0.000000000i , +0.000000000-0.000000000i },
            { +0.000000000+0.000000000i , -0.000000003+0.000000000i } }
(0.000000000,0.000000000)

A[4][0] = { { +0.663678654+0.000000000i , -0.248174501-0.402018298i },
            { -0.248174501+0.402018298i , +0.336321346+0.000000000i } }
(1.000000000,0.000000000)

A[4][1] = { { +0.336321343+0.000000000i , +0.248174501+0.402018298i },
            { +0.248174501-0.402018298i , +0.663678657+0.000000000i } }
(1.000000000,0.000000000)

A[4][2] = { { +0.000000003+0.000000000i , +0.000000000+0.000000000i },
            { +0.000000000-0.000000000i , -0.000000003+0.000000000i } }
(0.000000000,0.000000000)

A[5][0] = { { +0.792196012+0.000000000i , +0.387499505-0.120273112i },
            { +0.387499505+0.120273112i , +0.207803988+0.000000000i } }
(1.000000000,0.000000000)

A[5][1] = { { +0.207803984+0.000000000i , -0.387499505+0.120273112i },
            { -0.387499505-0.120273112i , +0.792196016+0.000000000i } }
(1.000000000,0.000000000)

A[5][2] = { { +0.000000003+0.000000000i , +0.000000000+0.000000000i },
            { +0.000000000-0.000000000i , -0.000000003+0.000000000i } }
(0.000000000,0.000000000)

A[6][0] = { { +0.207803984+0.000000000i , -0.387499505+0.120273112i },
            { -0.387499505-0.120273112i , +0.792196016+0.000000000i } }
(1.000000000,0.000000000)

A[6][1] = { { +0.792196012+0.000000000i , +0.387499505-0.120273112i },
            { +0.387499505+0.120273112i , +0.207803988+0.000000000i } }
(1.000000000,0.000000000)

A[6][2] = { { +0.000000003+0.000000000i , +0.000000000-0.000000000i },
            { +0.000000000+0.000000000i , -0.000000003+0.000000000i } }
(0.000000000,0.000000000)

A[7][0] = { { +0.336321343+0.000000000i , +0.248174501+0.402018298i },
            { +0.248174501-0.402018298i , +0.663678657+0.000000000i } }
(1.000000000,0.000000000)

A[7][1] = { { +0.663678654+0.000000000i , -0.248174501-0.402018298i },
            { -0.248174501+0.402018298i , +0.336321346+0.000000000i } }
(1.000000000,0.000000000)

A[7][2] = { { +0.000000003+0.000000000i , +0.000000000-0.000000000i },
            { +0.000000000+0.000000000i , -0.000000003+0.000000000i } }
(0.000000000,0.000000000)

A[8][0] = { { +0.698293283+0.000000000i , -0.456116656+0.051355294i },
            { -0.456116656-0.051355294i , +0.301706717+0.000000000i } }
(1.000000000,0.000000000)

A[8][1] = { { +0.301706714+0.000000000i , +0.456116656-0.051355294i },
            { +0.456116656+0.051355294i , +0.698293286+0.000000000i } }
(1.000000000,0.000000000)

A[8][2] = { { +0.000000003+0.000000000i , +0.000000000+0.000000000i },
            { +0.000000000-0.000000000i , -0.000000003+0.000000000i } }
(0.000000000,0.000000000)

A[9][0] = { { +0.826795994+0.000000000i , +0.179556289+0.333112466i },
            { +0.179556289-0.333112466i , +0.173204006+0.000000000i } }
(1.000000000,0.000000000)

A[9][1] = { { +0.173204003+0.000000000i , -0.179556289-0.333112466i },
            { -0.179556289+0.333112466i , +0.826795997+0.000000000i } }
(1.000000000,0.000000000)

A[9][2] = { { +0.000000003+0.000000000i , +0.000000000-0.000000000i },
            { +0.000000000+0.000000000i , -0.000000003+0.000000000i } }
(0.000000000,0.000000000)

A[10][0] = { { +0.173204003+0.000000000i , -0.179556289-0.333112466i },
             { -0.179556289+0.333112466i , +0.826795997+0.000000000i } }
(1.000000000,0.000000000)

A[10][1] = { { +0.826795994+0.000000000i , +0.179556289+0.333112466i },
             { +0.179556289-0.333112466i , +0.173204006+0.000000000i } }
(1.000000000,0.000000000)

A[10][2] = { { +0.000000003+0.000000000i , +0.000000000-0.000000000i },
             { +0.000000000+0.000000000i , -0.000000003+0.000000000i } }
(0.000000000,0.000000000)

A[11][0] = { { +0.301706714+0.000000000i , +0.456116656-0.051355294i },
             { +0.456116656+0.051355294i , +0.698293286+0.000000000i } }
(1.000000000,0.000000000)

A[11][1] = { { +0.698293283+0.000000000i , -0.456116656+0.051355294i },
             { -0.456116656-0.051355294i , +0.301706717+0.000000000i } }
(1.000000000,0.000000000)

A[11][2] = { { +0.000000003+0.000000000i , +0.000000000-0.000000000i },
             { +0.000000000+0.000000000i , -0.000000003+0.000000000i } }
(0.000000000,0.000000000)

B[0][0] = { { +0.822323487+0.000000000i , +0.098516015+0.369326635i },
            { +0.098516015-0.369326635i , +0.177676513+0.000000000i } }

B[0][1] = { { +0.177676513+0.000000000i , -0.098516015-0.369326635i },
            { -0.098516015+0.369326635i , +0.822323487+0.000000000i } }

B[1][0] = { { +0.871274950+0.000000000i , -0.195563912-0.271863324i },
            { -0.195563912+0.271863324i , +0.128725050+0.000000000i } }

B[1][1] = { { +0.128725050+0.000000000i , +0.195563912+0.271863324i },
            { +0.195563912-0.271863324i , +0.871274950+0.000000000i } }

B[2][0] = { { +0.590863150+0.000000000i , +0.449499676-0.199233352i },
            { +0.449499676+0.199233352i , +0.409136850+0.000000000i } }

B[2][1] = { { +0.409136850+0.000000000i , -0.449499676+0.199233352i },
            { -0.449499676-0.199233352i , +0.590863150+0.000000000i } }

moments 0 1 = { { +0.499996186+0.000000000i , +0.500003814+0.000000000i },
                { +0.500003814+0.000000000i , +0.499996186+0.000000000i } }

moments 0 2 = { { +0.499976122+0.000000000i , +0.500023878+0.000000000i },
                { +0.500023878+0.000000000i , +0.499976122+0.000000000i } }

moments 1 2 = { { +0.499987075+0.000000000i , +0.500012925+0.000000000i },
                { +0.500012925+0.000000000i , +0.499987075+0.000000000i } }
iterations = 26
time elapsed = 398 ms
final result = 8.48528 <= 8.48528 (0.00000 away)
