iter    0 val 3.763182219 (4.722099156 from ideal, 4.763182219 from prev)
iter    1 val 7.800518252 (0.684763122 from ideal, 4.037336034 from prev)
iter    2 val 8.083687592 (0.401593782 from ideal, 0.283169339 from prev)
iter    3 val 8.161506289 (0.323775085 from ideal, 0.077818698 from prev)
iter    4 val 8.192155413 (0.293125961 from ideal, 0.030649124 from prev)
iter    5 val 8.206739628 (0.278541746 from ideal, 0.014584215 from prev)
iter    6 val 8.214944376 (0.270336998 from ideal, 0.008204748 from prev)
iter    7 val 8.220434201 (0.264847173 from ideal, 0.005489825 from prev)
iter    8 val 8.224649367 (0.260632007 from ideal, 0.004215166 from prev)
iter    9 val 8.228130965 (0.257150409 from ideal, 0.003481598 from prev)
iter   10 val 8.231061014 (0.254220360 from ideal, 0.002930049 from prev)
iter   11 val 8.233495236 (0.251786138 from ideal, 0.002434222 from prev)
iter   12 val 8.235462308 (0.249819066 from ideal, 0.001967072 from prev)
iter   13 val 8.237000320 (0.248281054 from ideal, 0.001538012 from prev)
iter   14 val 8.238163393 (0.247117982 from ideal, 0.001163072 from prev)
iter   15 val 8.239015805 (0.246265570 from ideal, 0.000852412 from prev)
iter   16 val 8.239623197 (0.245658178 from ideal, 0.000607392 from prev)
iter   17 val 8.240045501 (0.245235873 from ideal, 0.000422304 from prev)
iter   18 val 8.240333029 (0.244948346 from ideal, 0.000287527 from prev)
iter   19 val 8.240525378 (0.244755996 from ideal, 0.000192349 from prev)
iter   20 val 8.240652192 (0.244629182 from ideal, 0.000126814 from prev)
iter   21 val 8.240734805 (0.244546569 from ideal, 0.000082613 from prev)
iter   22 val 8.240788103 (0.244493271 from ideal, 0.000053298 from prev)
iter   23 val 8.240822219 (0.244459155 from ideal, 0.000034116 from prev)
iter   24 val 8.240843919 (0.244437455 from ideal, 0.000021700 from prev)
iter   25 val 8.240857652 (0.244423722 from ideal, 0.000013733 from prev)
iter   26 val 8.240866308 (0.244415066 from ideal, 0.000008656 from prev)
iter   27 val 8.240871747 (0.244409627 from ideal, 0.000005439 from prev)
iter   28 val 8.240875156 (0.244406219 from ideal, 0.000003409 from prev)
iter   29 val 8.240877287 (0.244404087 from ideal, 0.000002132 from prev)
iter   30 val 8.240878619 (0.244402755 from ideal, 0.000001331 from prev)
iter   31 val 8.240879449 (0.244401925 from ideal, 0.000000830 from prev)
iter   32 val 8.240879967 (0.244401408 from ideal, 0.000000517 from prev)
iter   33 val 8.240880289 (0.244401085 from ideal, 0.000000322 from prev)
iter   34 val 8.240880489 (0.244400885 from ideal, 0.000000200 from prev)
iter   35 val 8.240880614 (0.244400760 from ideal, 0.000000125 from prev)
iter   36 val 8.240880692 (0.244400683 from ideal, 0.000000078 from prev)
iter   37 val 8.240880740 (0.244400634 from ideal, 0.000000048 from prev)
iter   38 val 8.240880770 (0.244400604 from ideal, 0.000000030 from prev)
iter   39 val 8.240880788 (0.244400586 from ideal, 0.000000019 from prev)
iter   40 val 8.240880800 (0.244400574 from ideal, 0.000000012 from prev)
iter   41 val 8.240880807 (0.244400567 from ideal, 0.000000007 from prev)
iter   42 val 8.240880812 (0.244400563 from ideal, 0.000000004 from prev)
iter   43 val 8.240880815 (0.244400560 from ideal, 0.000000003 from prev)
iter   44 val 8.240880816 (0.244400558 from ideal, 0.000000002 from prev)
iter   45 val 8.240880817 (0.244400557 from ideal, 0.000000001 from prev)
iter   46 val 8.240880818 (0.244400556 from ideal, 0.000000001 from prev)
iter   47 val 8.240880818 (0.244400556 from ideal, 0.000000000 from prev)
iter   48 val 8.240880819 (0.244400556 from ideal, 0.000000000 from prev)
iter   49 val 8.240880819 (0.244400555 from ideal, 0.000000000 from prev)
iter   50 val 8.240880819 (0.244400555 from ideal, 0.000000000 from prev)
iter   51 val 8.240880819 (0.244400555 from ideal, 0.000000000 from prev)

A[0][0] = { { +0.781810482+0.000000000i , +0.387260706+0.143568791i },
            { +0.387260706-0.143568791i , +0.218189518+0.000000000i } }

A[0][1] = { { +0.218189518+0.000000000i , -0.387260706-0.143568791i },
            { -0.387260706+0.143568791i , +0.781810482+0.000000000i } }

A[0][2] = { { +0.000000001+0.000000000i , -0.000000000-0.000000000i },
            { -0.000000000+0.000000000i , -0.000000001+0.000000000i } }

A[1][0] = { { +0.519802547+0.000000000i , -0.186271631+0.463584661i },
            { -0.186271631-0.463584661i , +0.480197453+0.000000000i } }

A[1][1] = { { +0.480197452+0.000000000i , +0.186271631-0.463584661i },
            { +0.186271631+0.463584661i , +0.519802548+0.000000000i } }

A[1][2] = { { +0.000000001+0.000000000i , +0.000000000+0.000000000i },
            { +0.000000000-0.000000000i , -0.000000001+0.000000000i } }

A[2][0] = { { +0.480197452+0.000000000i , +0.186271631-0.463584661i },
            { +0.186271631+0.463584661i , +0.519802548+0.000000000i } }

A[2][1] = { { +0.519802547+0.000000000i , -0.186271631+0.463584661i },
            { -0.186271631-0.463584661i , +0.480197453+0.000000000i } }

A[2][2] = { { +0.000000001+0.000000000i , -0.000000000-0.000000000i },
            { -0.000000000+0.000000000i , -0.000000001+0.000000000i } }

A[3][0] = { { +0.218189518+0.000000000i , -0.387260706-0.143568791i },
            { -0.387260706+0.143568791i , +0.781810482+0.000000000i } }

A[3][1] = { { +0.781810482+0.000000000i , +0.387260706+0.143568791i },
            { +0.387260706-0.143568791i , +0.218189518+0.000000000i } }

A[3][2] = { { +0.000000001+0.000000000i , +0.000000000-0.000000000i },
            { +0.000000000+0.000000000i , -0.000000001+0.000000000i } }

A[4][0] = { { +0.805703315+0.000000000i , -0.312457546+0.242725698i },
            { -0.312457546-0.242725698i , +0.194296685+0.000000000i } }

A[4][1] = { { +0.194296684+0.000000000i , +0.312457546-0.242725698i },
            { +0.312457546+0.242725698i , +0.805703316+0.000000000i } }

A[4][2] = { { +0.000000001+0.000000000i , -0.000000000-0.000000000i },
            { -0.000000000+0.000000000i , -0.000000001+0.000000000i } }

A[5][0] = { { +0.502904325+0.000000000i , +0.308499648+0.393471132i },
            { +0.308499648-0.393471132i , +0.497095675+0.000000000i } }

A[5][1] = { { +0.497095674+0.000000000i , -0.308499648-0.393471132i },
            { -0.308499648+0.393471132i , +0.502904326+0.000000000i } }

A[5][2] = { { +0.000000001+0.000000000i , +0.000000000+0.000000000i },
            { +0.000000000-0.000000000i , -0.000000001+0.000000000i } }

A[6][0] = { { +0.497095674+0.000000000i , -0.308499648-0.393471132i },
            { -0.308499648+0.393471132i , +0.502904326+0.000000000i } }

A[6][1] = { { +0.502904325+0.000000000i , +0.308499648+0.393471132i },
            { +0.308499648-0.393471132i , +0.497095675+0.000000000i } }

A[6][2] = { { +0.000000001+0.000000000i , -0.000000000-0.000000000i },
            { -0.000000000+0.000000000i , -0.000000001+0.000000000i } }

A[7][0] = { { +0.194296684+0.000000000i , +0.312457546-0.242725698i },
            { +0.312457546+0.242725698i , +0.805703316+0.000000000i } }

A[7][1] = { { +0.805703315+0.000000000i , -0.312457546+0.242725698i },
            { -0.312457546-0.242725698i , +0.194296685+0.000000000i } }

A[7][2] = { { +0.000000001+0.000000000i , -0.000000000-0.000000000i },
            { -0.000000000+0.000000000i , -0.000000001+0.000000000i } }

A[8][0] = { { +0.222288748+0.000000000i , +0.049021143+0.412884231i },
            { +0.049021143-0.412884231i , +0.777711252+0.000000000i } }

A[8][1] = { { +0.777711251+0.000000000i , -0.049021143-0.412884231i },
            { -0.049021143+0.412884231i , +0.222288749+0.000000000i } }

A[8][2] = { { +0.000000001+0.000000000i , +0.000000000+0.000000000i },
            { +0.000000000-0.000000000i , -0.000000001+0.000000000i } }

A[9][0] = { { +0.915441413+0.000000000i , +0.052897300+0.273148875i },
            { +0.052897300-0.273148875i , +0.084558587+0.000000000i } }

A[9][1] = { { +0.084558587+0.000000000i , -0.052897300-0.273148875i },
            { -0.052897300+0.273148875i , +0.915441413+0.000000000i } }

A[9][2] = { { +0.000000001+0.000000000i , +0.000000000+0.000000000i },
            { +0.000000000-0.000000000i , -0.000000001+0.000000000i } }

A[10][0] = { { +0.084558587+0.000000000i , -0.052897300-0.273148875i },
             { -0.052897300+0.273148875i , +0.915441413+0.000000000i } }

A[10][1] = { { +0.915441413+0.000000000i , +0.052897300+0.273148875i },
             { +0.052897300-0.273148875i , +0.084558587+0.000000000i } }

A[10][2] = { { +0.000000001+0.000000000i , +0.000000000+0.000000000i },
             { +0.000000000-0.000000000i , -0.000000001+0.000000000i } }

A[11][0] = { { +0.777711251+0.000000000i , -0.049021143-0.412884231i },
             { -0.049021143+0.412884231i , +0.222288749+0.000000000i } }

A[11][1] = { { +0.222288748+0.000000000i , +0.049021143+0.412884231i },
             { +0.049021143-0.412884231i , +0.777711252+0.000000000i } }

A[11][2] = { { +0.000000001+0.000000000i , -0.000000000-0.000000000i },
             { -0.000000000+0.000000000i , -0.000000001+0.000000000i } }

A[12][0] = { { +0.516898239+0.000000000i , -0.494771105+0.070114210i },
             { -0.494771105-0.070114210i , +0.483101761+0.000000000i } }

A[12][1] = { { +0.483101760+0.000000000i , +0.494771105-0.070114210i },
             { +0.494771105+0.070114210i , +0.516898240+0.000000000i } }

A[12][2] = { { +0.000000001+0.000000000i , +0.000000000-0.000000000i },
             { +0.000000000+0.000000000i , -0.000000001+0.000000000i } }

A[13][0] = { { +0.222294810+0.000000000i , +0.049027353+0.412887570i },
             { +0.049027353-0.412887570i , +0.777705190+0.000000000i } }

A[13][1] = { { +0.777705190+0.000000000i , -0.049027353-0.412887570i },
             { -0.049027353+0.412887570i , +0.222294810+0.000000000i } }

A[13][2] = { { +0.000000001+0.000000000i , +0.000000000+0.000000000i },
             { +0.000000000-0.000000000i , -0.000000001+0.000000000i } }

A[14][0] = { { +0.777705190+0.000000000i , -0.049027353-0.412887570i },
             { -0.049027353+0.412887570i , +0.222294810+0.000000000i } }

A[14][1] = { { +0.222294810+0.000000000i , +0.049027353+0.412887570i },
             { +0.049027353-0.412887570i , +0.777705190+0.000000000i } }

A[14][2] = { { +0.000000001+0.000000000i , +0.000000000-0.000000000i },
             { +0.000000000+0.000000000i , -0.000000001+0.000000000i } }

A[15][0] = { { +0.483101760+0.000000000i , +0.494771105-0.070114210i },
             { +0.494771105+0.070114210i , +0.516898240+0.000000000i } }

A[15][1] = { { +0.516898239+0.000000000i , -0.494771105+0.070114210i },
             { -0.494771105-0.070114210i , +0.483101761+0.000000000i } }

A[15][2] = { { +0.000000001+0.000000000i , -0.000000000-0.000000000i },
             { -0.000000000+0.000000000i , -0.000000001+0.000000000i } }

A[16][0] = { { +0.104364697+0.000000000i , -0.239173215+0.190443903i },
             { -0.239173215-0.190443903i , +0.895635303+0.000000000i } }

A[16][1] = { { +0.895635303+0.000000000i , +0.239173215-0.190443903i },
             { +0.239173215+0.190443903i , +0.104364697+0.000000000i } }

A[16][2] = { { +0.000000001+0.000000000i , -0.000000000-0.000000000i },
             { -0.000000000+0.000000000i , -0.000000001+0.000000000i } }

A[17][0] = { { +0.805714607+0.000000000i , -0.312451510+0.242719247i },
             { -0.312451510-0.242719247i , +0.194285393+0.000000000i } }

A[17][1] = { { +0.194285392+0.000000000i , +0.312451510-0.242719247i },
             { +0.312451510+0.242719247i , +0.805714608+0.000000000i } }

A[17][2] = { { +0.000000001+0.000000000i , +0.000000000+0.000000000i },
             { +0.000000000-0.000000000i , -0.000000001+0.000000000i } }

A[18][0] = { { +0.194285392+0.000000000i , +0.312451510-0.242719247i },
             { +0.312451510+0.242719247i , +0.805714608+0.000000000i } }

A[18][1] = { { +0.805714607+0.000000000i , -0.312451510+0.242719247i },
             { -0.312451510-0.242719247i , +0.194285393+0.000000000i } }

A[18][2] = { { +0.000000001+0.000000000i , +0.000000000-0.000000000i },
             { +0.000000000+0.000000000i , -0.000000001+0.000000000i } }

A[19][0] = { { +0.895635303+0.000000000i , +0.239173215-0.190443903i },
             { +0.239173215+0.190443903i , +0.104364697+0.000000000i } }

A[19][1] = { { +0.104364697+0.000000000i , -0.239173215+0.190443903i },
             { -0.239173215-0.190443903i , +0.895635303+0.000000000i } }

A[19][2] = { { +0.000000001+0.000000000i , +0.000000000-0.000000000i },
             { +0.000000000+0.000000000i , -0.000000001+0.000000000i } }

A[20][0] = { { +0.087463490+0.000000000i , +0.255606900+0.120327639i },
             { +0.255606900-0.120327639i , +0.912536510+0.000000000i } }

A[20][1] = { { +0.912536509+0.000000000i , -0.255606900-0.120327639i },
             { -0.255606900+0.120327639i , +0.087463491+0.000000000i } }

A[20][2] = { { +0.000000001+0.000000000i , -0.000000000+0.000000000i },
             { -0.000000000-0.000000000i , -0.000000001+0.000000000i } }

A[21][0] = { { +0.781817478+0.000000000i , +0.387258723+0.143560406i },
             { +0.387258723-0.143560406i , +0.218182522+0.000000000i } }

A[21][1] = { { +0.218182521+0.000000000i , -0.387258723-0.143560406i },
             { -0.387258723+0.143560406i , +0.781817479+0.000000000i } }

A[21][2] = { { +0.000000001+0.000000000i , +0.000000000+0.000000000i },
             { +0.000000000-0.000000000i , -0.000000001+0.000000000i } }

A[22][0] = { { +0.218182521+0.000000000i , -0.387258723-0.143560406i },
             { -0.387258723+0.143560406i , +0.781817479+0.000000000i } }

A[22][1] = { { +0.781817478+0.000000000i , +0.387258723+0.143560406i },
             { +0.387258723-0.143560406i , +0.218182522+0.000000000i } }

A[22][2] = { { +0.000000001+0.000000000i , -0.000000000-0.000000000i },
             { -0.000000000+0.000000000i , -0.000000001+0.000000000i } }

A[23][0] = { { +0.912536509+0.000000000i , -0.255606900-0.120327639i },
             { -0.255606900+0.120327639i , +0.087463491+0.000000000i } }

A[23][1] = { { +0.087463490+0.000000000i , +0.255606900+0.120327639i },
             { +0.255606900-0.120327639i , +0.912536510+0.000000000i } }

A[23][2] = { { +0.000000001+0.000000000i , -0.000000000-0.000000000i },
             { -0.000000000+0.000000000i , -0.000000001+0.000000000i } }

B[0][0] = { { +0.678869802+0.000000000i , +0.071492713-0.461404796i },
            { +0.071492713+0.461404796i , +0.321130198+0.000000000i } }

B[0][1] = { { +0.321130198+0.000000000i , -0.071492713+0.461404796i },
            { -0.071492713-0.461404796i , +0.678869802+0.000000000i } }

B[1][0] = { { +0.353466435+0.000000000i , -0.375675238-0.295628196i },
            { -0.375675238+0.295628196i , +0.646533565+0.000000000i } }

B[1][1] = { { +0.646533565+0.000000000i , +0.375675238+0.295628196i },
            { +0.375675238-0.295628196i , +0.353466435+0.000000000i } }

B[2][0] = { { +0.325872331+0.000000000i , +0.432285885-0.181131081i },
            { +0.432285885+0.181131081i , +0.674127669+0.000000000i } }

B[2][1] = { { +0.674127669+0.000000000i , -0.432285885+0.181131081i },
            { -0.432285885-0.181131081i , +0.325872331+0.000000000i } }

B[3][0] = { { +0.999542182+0.000000000i , +0.014887945+0.015360908i },
            { +0.014887945-0.015360908i , +0.000457818+0.000000000i } }

B[3][1] = { { +0.000457818+0.000000000i , -0.014887945-0.015360908i },
            { -0.014887945+0.015360908i , +0.999542182+0.000000000i } }

moments 0 1 = { { +0.666671592+0.000000000i , +0.333328408+0.000000000i },
                { +0.333328408+0.000000000i , +0.666671592+0.000000000i } }

moments 0 2 = { { +0.666667717+0.000000000i , +0.333332283+0.000000000i },
                { +0.333332283+0.000000000i , +0.666667717+0.000000000i } }

moments 0 3 = { { +0.666659588+0.000000000i , +0.333340412+0.000000000i },
                { +0.333340412+0.000000000i , +0.666659588+0.000000000i } }

moments 1 2 = { { +0.333327801+0.000000000i , +0.666672199+0.000000000i },
                { +0.666672199+0.000000000i , +0.333327801+0.000000000i } }

moments 1 3 = { { +0.333332307+0.000000000i , +0.666667693+0.000000000i },
                { +0.666667693+0.000000000i , +0.333332307+0.000000000i } }

moments 2 3 = { { +0.333338790+0.000000000i , +0.666661210+0.000000000i },
                { +0.666661210+0.000000000i , +0.333338790+0.000000000i } }
finished in 1414 ms
final result = 8.24088 <= 8.48528 (0.24440 away)
