before Br =  |  0.30  0.11  0.19  0.28  0.76  0.04  0.04  0.12  0.80  0.05  0.18  0.22  0.28  0.94  0.78 |
             | -0.37 -0.09  0.26 -0.26  0.03 -0.07 -0.07  0.18 -0.08  0.21 -0.05 -0.32  0.16 -0.16 -0.05 |
             | -0.07 -0.28  0.07  0.29 -0.32  0.06  0.00 -0.12  0.36  0.00  0.11  0.22  0.25  0.17 -0.07 |
             | -0.37 -0.09  0.26 -0.26  0.03 -0.07 -0.07  0.18 -0.08  0.21 -0.05 -0.32  0.16 -0.16 -0.05 |
             |  0.67  0.14  0.71  0.32  0.01  0.84  0.38  0.71  0.01  0.93  0.58  0.50  0.48  0.03  0.07 |
             |  0.15  0.16 -0.06 -0.36 -0.05 -0.28 -0.40 -0.33 -0.04  0.03  0.28 -0.37  0.04 -0.03  0.10 |
             | -0.07 -0.28  0.07  0.29 -0.32  0.06  0.00 -0.12  0.36  0.00  0.11  0.22  0.25  0.17 -0.07 |
             |  0.15  0.16 -0.06 -0.36 -0.05 -0.28 -0.40 -0.33 -0.04  0.03  0.28 -0.37  0.04 -0.03  0.10 |
             |  0.03  0.75  0.10  0.39  0.22  0.12  0.58  0.17  0.19  0.02  0.23  0.28  0.24  0.03  0.15 |

before Bi =  |  0.00  0.00  0.00  0.00  0.00  0.00  0.00  0.00  0.00  0.00  0.00  0.00  0.00  0.00  0.00 |
             | -0.24  0.08  0.26  0.16 -0.10 -0.16  0.10 -0.23 -0.04 -0.02 -0.32  0.08  0.33  0.04 -0.23 |
             | -0.07 -0.08 -0.12 -0.16  0.27  0.04 -0.15  0.08  0.16 -0.03 -0.17 -0.11 -0.09 -0.00 -0.33 |
             |  0.24 -0.08 -0.26 -0.16  0.10  0.16 -0.10  0.23  0.04  0.02  0.32 -0.08 -0.33 -0.04  0.23 |
             |  0.00  0.00  0.00  0.00  0.00  0.00  0.00  0.00  0.00  0.00  0.00  0.00  0.00  0.00  0.00 |
             |  0.04  0.28 -0.26 -0.02 -0.03  0.16  0.25 -0.11  0.00 -0.14  0.25  0.07 -0.34 -0.01  0.00 |
             |  0.07  0.08  0.12  0.16 -0.27 -0.04  0.15 -0.08 -0.16  0.03  0.17  0.11  0.09  0.00  0.33 |
             | -0.04 -0.28  0.26  0.02  0.03 -0.16 -0.25  0.11 -0.00  0.14 -0.25 -0.07  0.34  0.01 -0.00 |
             |  0.00  0.00  0.00  0.00  0.00  0.00  0.00  0.00  0.00  0.00  0.00  0.00  0.00  0.00  0.00 |

iter    0 val 9.795422931 (14.699474496 from ideal, 10.795422931 from prev)
iter    1 val 23.739690912 (0.755206516 from ideal, 13.944267980 from prev)
iter    2 val 23.850472511 (0.644424917 from ideal, 0.110781599 from prev)
iter    3 val 23.926677001 (0.568220427 from ideal, 0.076204490 from prev)
iter    4 val 23.981913002 (0.512984426 from ideal, 0.055236000 from prev)
iter    5 val 24.023498224 (0.471399204 from ideal, 0.041585222 from prev)
iter    6 val 24.055750279 (0.439147149 from ideal, 0.032252055 from prev)
iter    7 val 24.081399973 (0.413497454 from ideal, 0.025649694 from prev)
iter    8 val 24.102259319 (0.392638108 from ideal, 0.020859346 from prev)
iter    9 val 24.119569009 (0.375328419 from ideal, 0.017309690 from prev)
iter   10 val 24.134198258 (0.360699170 from ideal, 0.014629249 from prev)
iter   11 val 24.146766841 (0.348130587 from ideal, 0.012568583 from prev)
iter   12 val 24.157723446 (0.337173982 from ideal, 0.010956605 from prev)
iter   13 val 24.167397803 (0.327499625 from ideal, 0.009674357 from prev)
iter   14 val 24.176035907 (0.318861520 from ideal, 0.008638104 from prev)
iter   15 val 24.183823479 (0.311073949 from ideal, 0.007787572 from prev)
iter   16 val 24.190902831 (0.303994596 from ideal, 0.007079352 from prev)
iter   17 val 24.197384013 (0.297513415 from ideal, 0.006481181 from prev)
iter   18 val 24.203353053 (0.291544375 from ideal, 0.005969041 from prev)
iter   19 val 24.208877772 (0.286019656 from ideal, 0.005524719 from prev)
iter   20 val 24.214012045 (0.280885383 from ideal, 0.005134273 from prev)
iter   21 val 24.218798942 (0.276098486 from ideal, 0.004786897 from prev)
iter   22 val 24.223273160 (0.271624268 from ideal, 0.004474218 from prev)
iter   23 val 24.227462894 (0.267434533 from ideal, 0.004189734 from prev)
iter   24 val 24.231391308 (0.263506120 from ideal, 0.003928414 from prev)
iter   25 val 24.235077692 (0.259819735 from ideal, 0.003686384 from prev)
iter   26 val 24.238538407 (0.256359021 from ideal, 0.003460714 from prev)
iter   27 val 24.241787634 (0.253109793 from ideal, 0.003249228 from prev)
iter   28 val 24.244837948 (0.250059479 from ideal, 0.003050314 from prev)
iter   29 val 24.247700824 (0.247196604 from ideal, 0.002862876 from prev)
iter   30 val 24.250386959 (0.244510469 from ideal, 0.002686135 from prev)
iter   31 val 24.252906523 (0.241990905 from ideal, 0.002519564 from prev)
iter   32 val 24.255269322 (0.239628106 from ideal, 0.002362800 from prev)
iter   33 val 24.257484900 (0.237412527 from ideal, 0.002215578 from prev)
iter   34 val 24.259562577 (0.235334851 from ideal, 0.002077676 from prev)
iter   35 val 24.261511433 (0.233385995 from ideal, 0.001948857 from prev)
iter   36 val 24.263340293 (0.231557135 from ideal, 0.001828860 from prev)
iter   37 val 24.265057688 (0.229839740 from ideal, 0.001717394 from prev)
iter   38 val 24.266671798 (0.228225630 from ideal, 0.001614110 from prev)
iter   39 val 24.268190410 (0.226707017 from ideal, 0.001518612 from prev)
iter   40 val 24.269620874 (0.225276554 from ideal, 0.001430464 from prev)
iter   41 val 24.270970065 (0.223927363 from ideal, 0.001349191 from prev)
iter   42 val 24.272244377 (0.222653051 from ideal, 0.001274312 from prev)
iter   43 val 24.273449712 (0.221447716 from ideal, 0.001205335 from prev)
iter   44 val 24.274591482 (0.220305946 from ideal, 0.001141770 from prev)
iter   45 val 24.275674623 (0.219222805 from ideal, 0.001083141 from prev)
iter   46 val 24.276703618 (0.218193810 from ideal, 0.001028996 from prev)
iter   47 val 24.277682528 (0.217214900 from ideal, 0.000978910 from prev)
iter   48 val 24.278615019 (0.216282409 from ideal, 0.000932491 from prev)
iter   49 val 24.279504399 (0.215393029 from ideal, 0.000889380 from prev)
iter   50 val 24.280353650 (0.214543778 from ideal, 0.000849251 from prev)
iter   51 val 24.281165468 (0.213731960 from ideal, 0.000811818 from prev)
iter   52 val 24.281942290 (0.212955138 from ideal, 0.000776822 from prev)
iter   53 val 24.282686326 (0.212211102 from ideal, 0.000744036 from prev)
iter   54 val 24.283399588 (0.211497839 from ideal, 0.000713262 from prev)
iter   55 val 24.284083912 (0.210813516 from ideal, 0.000684324 from prev)
iter   56 val 24.284740980 (0.210156448 from ideal, 0.000657068 from prev)
iter   57 val 24.285372340 (0.209525088 from ideal, 0.000631360 from prev)
iter   58 val 24.285979424 (0.208918004 from ideal, 0.000607084 from prev)
iter   59 val 24.286563557 (0.208333871 from ideal, 0.000584133 from prev)
iter   60 val 24.287125970 (0.207771458 from ideal, 0.000562413 from prev)
iter   61 val 24.287667807 (0.207229621 from ideal, 0.000541837 from prev)
iter   62 val 24.288190139 (0.206707289 from ideal, 0.000522332 from prev)
iter   63 val 24.288693964 (0.206203464 from ideal, 0.000503825 from prev)
iter   64 val 24.289180224 (0.205717204 from ideal, 0.000486260 from prev)
iter   65 val 24.289649794 (0.205247634 from ideal, 0.000469570 from prev)
iter   66 val 24.290103478 (0.204793950 from ideal, 0.000453683 from prev)
iter   67 val 24.290542038 (0.204355390 from ideal, 0.000438560 from prev)
iter   68 val 24.290966184 (0.203931244 from ideal, 0.000424146 from prev)
iter   69 val 24.291376576 (0.203520852 from ideal, 0.000410392 from prev)
iter   70 val 24.291773828 (0.203123600 from ideal, 0.000397252 from prev)
iter   71 val 24.292158509 (0.202738919 from ideal, 0.000384681 from prev)
iter   72 val 24.292531169 (0.202366259 from ideal, 0.000372660 from prev)
iter   73 val 24.292892283 (0.202005145 from ideal, 0.000361114 from prev)
iter   74 val 24.293242297 (0.201655131 from ideal, 0.000350014 from prev)
iter   75 val 24.293581642 (0.201315785 from ideal, 0.000339346 from prev)
iter   76 val 24.293910710 (0.200986718 from ideal, 0.000329067 from prev)
iter   77 val 24.294229864 (0.200667563 from ideal, 0.000319155 from prev)
iter   78 val 24.294539435 (0.200357992 from ideal, 0.000309571 from prev)
iter   79 val 24.294839757 (0.200057671 from ideal, 0.000300322 from prev)
iter   80 val 24.295131108 (0.199766320 from ideal, 0.000291351 from prev)
iter   81 val 24.295413764 (0.199483664 from ideal, 0.000282656 from prev)
iter   82 val 24.295687971 (0.199209457 from ideal, 0.000274206 from prev)
iter   83 val 24.295953985 (0.198943443 from ideal, 0.000266014 from prev)
iter   84 val 24.296212015 (0.198685413 from ideal, 0.000258030 from prev)
iter   85 val 24.296462278 (0.198435150 from ideal, 0.000250263 from prev)
iter   86 val 24.296704969 (0.198192459 from ideal, 0.000242691 from prev)
iter   87 val 24.296940281 (0.197957147 from ideal, 0.000235312 from prev)
iter   88 val 24.297168393 (0.197729035 from ideal, 0.000228112 from prev)
iter   89 val 24.297389483 (0.197507945 from ideal, 0.000221090 from prev)
iter   90 val 24.297603720 (0.197293708 from ideal, 0.000214237 from prev)
iter   91 val 24.297811259 (0.197086169 from ideal, 0.000207539 from prev)
iter   92 val 24.298012269 (0.196885159 from ideal, 0.000201010 from prev)
iter   93 val 24.298206895 (0.196690533 from ideal, 0.000194626 from prev)
iter   94 val 24.298395276 (0.196502152 from ideal, 0.000188381 from prev)
iter   95 val 24.298577602 (0.196319826 from ideal, 0.000182326 from prev)
iter   96 val 24.298753984 (0.196143444 from ideal, 0.000176383 from prev)
iter   97 val 24.298924590 (0.195972838 from ideal, 0.000170606 from prev)
iter   98 val 24.299089543 (0.195807885 from ideal, 0.000164953 from prev)
iter   99 val 24.299248988 (0.195648440 from ideal, 0.000159444 from prev)
iter  100 val 24.299403061 (0.195494367 from ideal, 0.000154074 from prev)
iter  101 val 24.299551897 (0.195345531 from ideal, 0.000148836 from prev)
iter  102 val 24.299695640 (0.195201788 from ideal, 0.000143743 from prev)
iter  103 val 24.299834423 (0.195063005 from ideal, 0.000138783 from prev)
iter  104 val 24.299968367 (0.194929061 from ideal, 0.000133944 from prev)
iter  105 val 24.300097625 (0.194799803 from ideal, 0.000129258 from prev)
iter  106 val 24.300222310 (0.194675118 from ideal, 0.000124685 from prev)
iter  107 val 24.300342554 (0.194554874 from ideal, 0.000120244 from prev)
iter  108 val 24.300458485 (0.194438943 from ideal, 0.000115930 from prev)
iter  109 val 24.300570226 (0.194327202 from ideal, 0.000111741 from prev)
iter  110 val 24.300677903 (0.194219525 from ideal, 0.000107677 from prev)
iter  111 val 24.300781636 (0.194115792 from ideal, 0.000103733 from prev)
iter  112 val 24.300881544 (0.194015884 from ideal, 0.000099909 from prev)
iter  113 val 24.300977745 (0.193919683 from ideal, 0.000096201 from prev)
iter  114 val 24.301070356 (0.193827072 from ideal, 0.000092611 from prev)
iter  115 val 24.301159489 (0.193737939 from ideal, 0.000089133 from prev)
iter  116 val 24.301245255 (0.193652172 from ideal, 0.000085766 from prev)
iter  117 val 24.301327764 (0.193569664 from ideal, 0.000082509 from prev)
iter  118 val 24.301407122 (0.193490306 from ideal, 0.000079358 from prev)
iter  119 val 24.301483433 (0.193413994 from ideal, 0.000076312 from prev)
iter  120 val 24.301556802 (0.193340626 from ideal, 0.000073368 from prev)
iter  121 val 24.301627326 (0.193270102 from ideal, 0.000070524 from prev)
iter  122 val 24.301695103 (0.193202325 from ideal, 0.000067777 from prev)
iter  123 val 24.301760229 (0.193137199 from ideal, 0.000065127 from prev)
iter  124 val 24.301822797 (0.193074631 from ideal, 0.000062568 from prev)
iter  125 val 24.301882897 (0.193014531 from ideal, 0.000060100 from prev)
iter  126 val 24.301940616 (0.192956812 from ideal, 0.000057719 from prev)
iter  127 val 24.301996040 (0.192901388 from ideal, 0.000055424 from prev)
iter  128 val 24.302049252 (0.192848176 from ideal, 0.000053212 from prev)
iter  129 val 24.302100332 (0.192797096 from ideal, 0.000051081 from prev)
iter  130 val 24.302149360 (0.192748068 from ideal, 0.000049027 from prev)
iter  131 val 24.302196410 (0.192701018 from ideal, 0.000047050 from prev)
iter  132 val 24.302241556 (0.192655872 from ideal, 0.000045147 from prev)
iter  133 val 24.302284870 (0.192612558 from ideal, 0.000043314 from prev)
iter  134 val 24.302326421 (0.192571007 from ideal, 0.000041551 from prev)
iter  135 val 24.302366276 (0.192531152 from ideal, 0.000039855 from prev)
iter  136 val 24.302404499 (0.192492929 from ideal, 0.000038223 from prev)
iter  137 val 24.302441154 (0.192456274 from ideal, 0.000036654 from prev)
iter  138 val 24.302476300 (0.192421128 from ideal, 0.000035146 from prev)
iter  139 val 24.302509996 (0.192387432 from ideal, 0.000033696 from prev)
iter  140 val 24.302542299 (0.192355129 from ideal, 0.000032303 from prev)
iter  141 val 24.302573264 (0.192324164 from ideal, 0.000030964 from prev)
iter  142 val 24.302602942 (0.192294486 from ideal, 0.000029678 from prev)
iter  143 val 24.302631385 (0.192266043 from ideal, 0.000028443 from prev)
iter  144 val 24.302658642 (0.192238786 from ideal, 0.000027257 from prev)
iter  145 val 24.302684760 (0.192212668 from ideal, 0.000026118 from prev)
iter  146 val 24.302709784 (0.192187643 from ideal, 0.000025025 from prev)
iter  147 val 24.302733760 (0.192163668 from ideal, 0.000023975 from prev)
iter  148 val 24.302756727 (0.192140700 from ideal, 0.000022968 from prev)
iter  149 val 24.302778729 (0.192118699 from ideal, 0.000022002 from prev)
iter  150 val 24.302799803 (0.192097624 from ideal, 0.000021074 from prev)
iter  151 val 24.302819988 (0.192077440 from ideal, 0.000020185 from prev)
iter  152 val 24.302839320 (0.192058108 from ideal, 0.000019332 from prev)
iter  153 val 24.302857833 (0.192039595 from ideal, 0.000018513 from prev)
iter  154 val 24.302875561 (0.192021866 from ideal, 0.000017729 from prev)
iter  155 val 24.302892538 (0.192004890 from ideal, 0.000016976 from prev)
iter  156 val 24.302908792 (0.191988636 from ideal, 0.000016255 from prev)
iter  157 val 24.302924355 (0.191973072 from ideal, 0.000015563 from prev)
iter  158 val 24.302939256 (0.191958172 from ideal, 0.000014900 from prev)
iter  159 val 24.302953521 (0.191943907 from ideal, 0.000014265 from prev)
iter  160 val 24.302967177 (0.191930251 from ideal, 0.000013656 from prev)
iter  161 val 24.302980250 (0.191917178 from ideal, 0.000013073 from prev)
iter  162 val 24.302992764 (0.191904664 from ideal, 0.000012514 from prev)
iter  163 val 24.303004742 (0.191892686 from ideal, 0.000011978 from prev)
iter  164 val 24.303016207 (0.191881221 from ideal, 0.000011465 from prev)
iter  165 val 24.303027180 (0.191870248 from ideal, 0.000010973 from prev)
iter  166 val 24.303037683 (0.191859745 from ideal, 0.000010503 from prev)
iter  167 val 24.303047735 (0.191849693 from ideal, 0.000010052 from prev)
iter  168 val 24.303057354 (0.191840074 from ideal, 0.000009620 from prev)
iter  169 val 24.303066560 (0.191830868 from ideal, 0.000009206 from prev)
iter  170 val 24.303075370 (0.191822058 from ideal, 0.000008810 from prev)
iter  171 val 24.303083800 (0.191813627 from ideal, 0.000008431 from prev)
iter  172 val 24.303091868 (0.191805560 from ideal, 0.000008067 from prev)
iter  173 val 24.303099587 (0.191797841 from ideal, 0.000007720 from prev)
iter  174 val 24.303106974 (0.191790454 from ideal, 0.000007387 from prev)
iter  175 val 24.303114041 (0.191783386 from ideal, 0.000007068 from prev)
iter  176 val 24.303120804 (0.191776624 from ideal, 0.000006763 from prev)
iter  177 val 24.303127275 (0.191770153 from ideal, 0.000006471 from prev)
iter  178 val 24.303133466 (0.191763962 from ideal, 0.000006191 from prev)
iter  179 val 24.303139389 (0.191758039 from ideal, 0.000005923 from prev)
iter  180 val 24.303145056 (0.191752372 from ideal, 0.000005667 from prev)
iter  181 val 24.303150478 (0.191746950 from ideal, 0.000005422 from prev)
iter  182 val 24.303155665 (0.191741763 from ideal, 0.000005187 from prev)
iter  183 val 24.303160627 (0.191736801 from ideal, 0.000004962 from prev)
iter  184 val 24.303165374 (0.191732054 from ideal, 0.000004747 from prev)
iter  185 val 24.303169916 (0.191727512 from ideal, 0.000004541 from prev)
iter  186 val 24.303174260 (0.191723167 from ideal, 0.000004345 from prev)
iter  187 val 24.303178417 (0.191719011 from ideal, 0.000004156 from prev)
iter  188 val 24.303182393 (0.191715035 from ideal, 0.000003976 from prev)
iter  189 val 24.303186196 (0.191711231 from ideal, 0.000003804 from prev)
iter  190 val 24.303189835 (0.191707593 from ideal, 0.000003639 from prev)
iter  191 val 24.303193316 (0.191704112 from ideal, 0.000003481 from prev)
iter  192 val 24.303196646 (0.191700782 from ideal, 0.000003330 from prev)
iter  193 val 24.303199831 (0.191697597 from ideal, 0.000003185 from prev)
iter  194 val 24.303202878 (0.191694550 from ideal, 0.000003047 from prev)
iter  195 val 24.303205792 (0.191691635 from ideal, 0.000002915 from prev)
iter  196 val 24.303208580 (0.191688847 from ideal, 0.000002788 from prev)
iter  197 val 24.303211247 (0.191686180 from ideal, 0.000002667 from prev)
iter  198 val 24.303213799 (0.191683629 from ideal, 0.000002551 from prev)
iter  199 val 24.303216239 (0.191681189 from ideal, 0.000002440 from prev)
iter  200 val 24.303218573 (0.191678855 from ideal, 0.000002334 from prev)
iter  201 val 24.303220806 (0.191676622 from ideal, 0.000002233 from prev)
iter  202 val 24.303222942 (0.191674486 from ideal, 0.000002136 from prev)
iter  203 val 24.303224985 (0.191672443 from ideal, 0.000002043 from prev)
iter  204 val 24.303226939 (0.191670489 from ideal, 0.000001954 from prev)
iter  205 val 24.303228809 (0.191668619 from ideal, 0.000001869 from prev)
iter  206 val 24.303230597 (0.191666831 from ideal, 0.000001788 from prev)
iter  207 val 24.303232307 (0.191665121 from ideal, 0.000001710 from prev)
iter  208 val 24.303233943 (0.191663485 from ideal, 0.000001636 from prev)
iter  209 val 24.303235508 (0.191661920 from ideal, 0.000001565 from prev)
iter  210 val 24.303237005 (0.191660423 from ideal, 0.000001497 from prev)
iter  211 val 24.303238437 (0.191658991 from ideal, 0.000001432 from prev)
iter  212 val 24.303239807 (0.191657621 from ideal, 0.000001370 from prev)
iter  213 val 24.303241117 (0.191656311 from ideal, 0.000001310 from prev)
iter  214 val 24.303242370 (0.191655058 from ideal, 0.000001253 from prev)
iter  215 val 24.303243569 (0.191653859 from ideal, 0.000001199 from prev)
iter  216 val 24.303244715 (0.191652713 from ideal, 0.000001146 from prev)
iter  217 val 24.303245813 (0.191651615 from ideal, 0.000001097 from prev)
iter  218 val 24.303246862 (0.191650566 from ideal, 0.000001049 from prev)
iter  219 val 24.303247865 (0.191649562 from ideal, 0.000001004 from prev)
iter  220 val 24.303248826 (0.191648602 from ideal, 0.000000960 from prev)
iter  221 val 24.303249744 (0.191647684 from ideal, 0.000000918 from prev)
iter  222 val 24.303250622 (0.191646805 from ideal, 0.000000879 from prev)
iter  223 val 24.303251463 (0.191645965 from ideal, 0.000000840 from prev)
iter  224 val 24.303252266 (0.191645161 from ideal, 0.000000804 from prev)
iter  225 val 24.303253035 (0.191644393 from ideal, 0.000000769 from prev)
iter  226 val 24.303253777 (0.191643651 from ideal, 0.000000742 from prev)
iter  227 val 24.303254475 (0.191642953 from ideal, 0.000000697 from prev)
iter  228 val 24.303255167 (0.191642261 from ideal, 0.000000693 from prev)
iter  229 val 24.303255793 (0.191641635 from ideal, 0.000000626 from prev)
iter  230 val 24.303256409 (0.191641018 from ideal, 0.000000616 from prev)
iter  231 val 24.303256999 (0.191640429 from ideal, 0.000000589 from prev)
iter  232 val 24.303257562 (0.191639866 from ideal, 0.000000564 from prev)
iter  233 val 24.303258101 (0.191639326 from ideal, 0.000000539 from prev)
iter  234 val 24.303258617 (0.191638811 from ideal, 0.000000516 from prev)
iter  235 val 24.303259180 (0.191638248 from ideal, 0.000000563 from prev)
iter  236 val 24.303259585 (0.191637843 from ideal, 0.000000404 from prev)
iter  237 val 24.303260036 (0.191637391 from ideal, 0.000000452 from prev)
iter  238 val 24.303260468 (0.191636960 from ideal, 0.000000432 from prev)
iter  239 val 24.303260881 (0.191636546 from ideal, 0.000000413 from prev)
iter  240 val 24.303261277 (0.191636151 from ideal, 0.000000395 from prev)
iter  241 val 24.303261655 (0.191635773 from ideal, 0.000000378 from prev)
iter  242 val 24.303262017 (0.191635411 from ideal, 0.000000362 from prev)
iter  243 val 24.303262363 (0.191635065 from ideal, 0.000000346 from prev)
iter  244 val 24.303262694 (0.191634734 from ideal, 0.000000331 from prev)
iter  245 val 24.303263011 (0.191634417 from ideal, 0.000000317 from prev)
iter  246 val 24.303263313 (0.191634114 from ideal, 0.000000302 from prev)
iter  247 val 24.303263604 (0.191633824 from ideal, 0.000000291 from prev)
iter  248 val 24.303263881 (0.191633546 from ideal, 0.000000277 from prev)
iter  249 val 24.303264147 (0.191633281 from ideal, 0.000000265 from prev)
iter  250 val 24.303264401 (0.191633027 from ideal, 0.000000254 from prev)
iter  251 val 24.303264644 (0.191632784 from ideal, 0.000000243 from prev)
iter  252 val 24.303264877 (0.191632551 from ideal, 0.000000233 from prev)
iter  253 val 24.303265099 (0.191632329 from ideal, 0.000000222 from prev)
iter  254 val 24.303265312 (0.191632115 from ideal, 0.000000213 from prev)
iter  255 val 24.303265516 (0.191631912 from ideal, 0.000000203 from prev)
iter  256 val 24.303265711 (0.191631717 from ideal, 0.000000195 from prev)
iter  257 val 24.303265897 (0.191631531 from ideal, 0.000000186 from prev)
iter  258 val 24.303266076 (0.191631352 from ideal, 0.000000178 from prev)
iter  259 val 24.303266246 (0.191631181 from ideal, 0.000000171 from prev)
iter  260 val 24.303266410 (0.191631018 from ideal, 0.000000163 from prev)
iter  261 val 24.303266566 (0.191630862 from ideal, 0.000000156 from prev)
iter  262 val 24.303266716 (0.191630712 from ideal, 0.000000150 from prev)
iter  263 val 24.303266859 (0.191630569 from ideal, 0.000000143 from prev)
iter  264 val 24.303266996 (0.191630432 from ideal, 0.000000137 from prev)
iter  265 val 24.303267128 (0.191630300 from ideal, 0.000000132 from prev)
iter  266 val 24.303267253 (0.191630175 from ideal, 0.000000125 from prev)
iter  267 val 24.303267373 (0.191630055 from ideal, 0.000000120 from prev)
iter  268 val 24.303267488 (0.191629940 from ideal, 0.000000115 from prev)
iter  269 val 24.303267598 (0.191629830 from ideal, 0.000000110 from prev)
iter  270 val 24.303267703 (0.191629724 from ideal, 0.000000105 from prev)
iter  271 val 24.303267804 (0.191629624 from ideal, 0.000000101 from prev)
iter  272 val 24.303267901 (0.191629527 from ideal, 0.000000097 from prev)
iter  273 val 24.303267993 (0.191629435 from ideal, 0.000000092 from prev)
iter  274 val 24.303268082 (0.191629346 from ideal, 0.000000088 from prev)
iter  275 val 24.303268166 (0.191629262 from ideal, 0.000000085 from prev)
iter  276 val 24.303268246 (0.191629182 from ideal, 0.000000080 from prev)
iter  277 val 24.303268325 (0.191629103 from ideal, 0.000000079 from prev)
iter  278 val 24.303268399 (0.191629029 from ideal, 0.000000074 from prev)
iter  279 val 24.303268470 (0.191628958 from ideal, 0.000000071 from prev)
iter  280 val 24.303268538 (0.191628890 from ideal, 0.000000068 from prev)
iter  281 val 24.303268603 (0.191628825 from ideal, 0.000000065 from prev)
iter  282 val 24.303268666 (0.191628762 from ideal, 0.000000062 from prev)
iter  283 val 24.303268725 (0.191628702 from ideal, 0.000000060 from prev)
iter  284 val 24.303268783 (0.191628645 from ideal, 0.000000057 from prev)
iter  285 val 24.303268837 (0.191628591 from ideal, 0.000000055 from prev)
iter  286 val 24.303268890 (0.191628538 from ideal, 0.000000052 from prev)
iter  287 val 24.303268940 (0.191628488 from ideal, 0.000000050 from prev)
iter  288 val 24.303268988 (0.191628440 from ideal, 0.000000048 from prev)
iter  289 val 24.303269035 (0.191628393 from ideal, 0.000000047 from prev)
iter  290 val 24.303269078 (0.191628350 from ideal, 0.000000043 from prev)
iter  291 val 24.303269120 (0.191628308 from ideal, 0.000000042 from prev)
iter  292 val 24.303269161 (0.191628267 from ideal, 0.000000041 from prev)
iter  293 val 24.303269199 (0.191628229 from ideal, 0.000000039 from prev)
iter  294 val 24.303269236 (0.191628191 from ideal, 0.000000037 from prev)
iter  295 val 24.303269272 (0.191628156 from ideal, 0.000000035 from prev)
iter  296 val 24.303269311 (0.191628117 from ideal, 0.000000039 from prev)
iter  297 val 24.303269338 (0.191628089 from ideal, 0.000000028 from prev)
iter  298 val 24.303269370 (0.191628058 from ideal, 0.000000031 from prev)
iter  299 val 24.303269400 (0.191628028 from ideal, 0.000000030 from prev)
iter  300 val 24.303269428 (0.191628000 from ideal, 0.000000029 from prev)
iter  301 val 24.303269456 (0.191627972 from ideal, 0.000000027 from prev)
iter  302 val 24.303269481 (0.191627947 from ideal, 0.000000025 from prev)
iter  303 val 24.303269507 (0.191627921 from ideal, 0.000000026 from prev)
iter  304 val 24.303269531 (0.191627897 from ideal, 0.000000024 from prev)
iter  305 val 24.303269554 (0.191627874 from ideal, 0.000000023 from prev)
iter  306 val 24.303269576 (0.191627852 from ideal, 0.000000022 from prev)
iter  307 val 24.303269597 (0.191627830 from ideal, 0.000000021 from prev)
iter  308 val 24.303269618 (0.191627810 from ideal, 0.000000020 from prev)
iter  309 val 24.303269637 (0.191627790 from ideal, 0.000000020 from prev)
iter  310 val 24.303269656 (0.191627772 from ideal, 0.000000018 from prev)
iter  311 val 24.303269674 (0.191627754 from ideal, 0.000000018 from prev)
iter  312 val 24.303269691 (0.191627737 from ideal, 0.000000017 from prev)
iter  313 val 24.303269707 (0.191627720 from ideal, 0.000000017 from prev)
iter  314 val 24.303269795 (0.191627633 from ideal, 0.000000088 from prev)
iter  315 val 24.303269738 (0.191627689 from ideal, 0.000000057 from prev)
iter  316 val 24.303269753 (0.191627675 from ideal, 0.000000015 from prev)
iter  317 val 24.303269767 (0.191627661 from ideal, 0.000000014 from prev)
iter  318 val 24.303269780 (0.191627647 from ideal, 0.000000013 from prev)
iter  319 val 24.303269793 (0.191627635 from ideal, 0.000000013 from prev)
iter  320 val 24.303269805 (0.191627622 from ideal, 0.000000012 from prev)
iter  321 val 24.303269817 (0.191627611 from ideal, 0.000000012 from prev)
iter  322 val 24.303269828 (0.191627599 from ideal, 0.000000011 from prev)
iter  323 val 24.303269839 (0.191627589 from ideal, 0.000000011 from prev)
iter  324 val 24.303269850 (0.191627578 from ideal, 0.000000010 from prev)
iter  325 val 24.303269859 (0.191627568 from ideal, 0.000000010 from prev)
iter  326 val 24.303269869 (0.191627559 from ideal, 0.000000009 from prev)
iter  327 val 24.303269878 (0.191627550 from ideal, 0.000000009 from prev)
iter  328 val 24.303269887 (0.191627541 from ideal, 0.000000009 from prev)
iter  329 val 24.303269895 (0.191627533 from ideal, 0.000000008 from prev)
iter  330 val 24.303269903 (0.191627525 from ideal, 0.000000008 from prev)
iter  331 val 24.303269911 (0.191627517 from ideal, 0.000000008 from prev)
iter  332 val 24.303269918 (0.191627510 from ideal, 0.000000007 from prev)
iter  333 val 24.303269925 (0.191627502 from ideal, 0.000000007 from prev)
iter  334 val 24.303269932 (0.191627496 from ideal, 0.000000007 from prev)
iter  335 val 24.303269939 (0.191627489 from ideal, 0.000000006 from prev)

A[0][0] =  |  0.47+0.00i -0.23+0.44i  0.02+0.06i |
           | -0.23-0.44i  0.52+0.00i  0.05-0.05i |
           |  0.02-0.06i  0.05+0.05i  0.01+0.00i |

A[0][1] =  |  0.04+0.00i  0.02-0.06i  0.10+0.16i |
           |  0.02+0.06i  0.10+0.00i -0.18+0.23i |
           |  0.10-0.16i -0.18-0.23i  0.86+0.00i |

A[0][2] =  |  0.49+0.00i  0.21-0.38i -0.11-0.22i |
           |  0.21+0.38i  0.38+0.00i  0.12-0.18i |
           | -0.11+0.22i  0.12+0.18i  0.13+0.00i |

A[1][0] =  |  0.25+0.00i -0.04+0.38i  0.21+0.07i |
           | -0.04-0.38i  0.56+0.00i  0.07-0.31i |
           |  0.21-0.07i  0.07+0.31i  0.18+0.00i |

A[1][1] =  |  0.64+0.00i -0.09-0.24i -0.27-0.30i |
           | -0.09+0.24i  0.10+0.00i  0.15-0.06i |
           | -0.27+0.30i  0.15+0.06i  0.26+0.00i |

A[1][2] =  |  0.11+0.00i  0.13-0.14i  0.07+0.23i |
           |  0.13+0.14i  0.33+0.00i -0.22+0.37i |
           |  0.07-0.23i -0.22-0.37i  0.56+0.00i |

A[2][0] =  |  0.74+0.00i -0.36+0.18i  0.09+0.15i |
           | -0.36-0.18i  0.22+0.00i -0.01-0.09i |
           |  0.09-0.15i -0.01+0.09i  0.04+0.00i |

A[2][1] =  |  0.24+0.00i  0.38-0.20i  0.00-0.06i |
           |  0.38+0.20i  0.74+0.00i  0.05-0.09i |
           |  0.00+0.06i  0.05+0.09i  0.02+0.00i |

A[2][2] =  |  0.02+0.00i -0.01+0.02i -0.09-0.09i |
           | -0.01-0.02i  0.04+0.00i -0.04+0.19i |
           | -0.09+0.09i -0.04-0.19i  0.94+0.00i |

A[3][0] =  |  0.44+0.00i  0.00-0.21i -0.26-0.37i |
           |  0.00+0.21i  0.10+0.00i  0.18-0.12i |
           | -0.26+0.37i  0.18+0.12i  0.45+0.00i |

A[3][1] =  |  0.33+0.00i -0.02-0.21i  0.25+0.34i |
           | -0.02+0.21i  0.13+0.00i -0.23+0.13i |
           |  0.25-0.34i -0.23-0.13i  0.54+0.00i |

A[3][2] =  |  0.23+0.00i  0.02+0.42i  0.01+0.03i |
           |  0.02-0.42i  0.77+0.00i  0.06-0.01i |
           |  0.01-0.03i  0.06+0.01i  0.00+0.00i |

A[4][0] =  |  0.03+0.00i  0.03+0.00i  0.05-0.16i |
           |  0.03-0.00i  0.04+0.00i  0.05-0.19i |
           |  0.05+0.16i  0.05+0.19i  0.93+0.00i |

A[4][1] =  |  0.84+0.00i -0.36+0.02i -0.03+0.07i |
           | -0.36-0.02i  0.15+0.00i  0.01-0.03i |
           | -0.03-0.07i  0.01+0.03i  0.01+0.00i |

A[4][2] =  |  0.13+0.00i  0.32-0.02i -0.02+0.09i |
           |  0.32+0.02i  0.81+0.00i -0.06+0.22i |
           | -0.02-0.09i -0.06-0.22i  0.06+0.00i |

A[5][0] =  |  0.18+0.00i -0.05-0.02i -0.23-0.30i |
           | -0.05+0.02i  0.01+0.00i  0.09+0.06i |
           | -0.23+0.30i  0.09-0.06i  0.81+0.00i |

A[5][1] =  |  0.12+0.00i  0.27+0.19i  0.02+0.00i |
           |  0.27-0.19i  0.88+0.00i  0.04-0.02i |
           |  0.02-0.00i  0.04+0.02i  0.00+0.00i |

A[5][2] =  |  0.70+0.00i -0.22-0.17i  0.21+0.29i |
           | -0.22+0.17i  0.11+0.00i -0.14-0.04i |
           |  0.21-0.29i -0.14+0.04i  0.19+0.00i |

A[6][0] =  |  0.35+0.00i  0.34-0.33i  0.00+0.03i |
           |  0.34+0.33i  0.65+0.00i -0.02+0.03i |
           |  0.00-0.03i -0.02-0.03i  0.00+0.00i |

A[6][1] =  |  0.03+0.00i -0.01+0.02i  0.17+0.01i |
           | -0.01-0.02i  0.02+0.00i -0.05-0.13i |
           |  0.17-0.01i -0.05+0.13i  0.95+0.00i |

A[6][2] =  |  0.62+0.00i -0.33+0.31i -0.17-0.04i |
           | -0.33-0.31i  0.33+0.00i  0.07+0.10i |
           | -0.17+0.04i  0.07-0.10i  0.05+0.00i |

A[7][0] =  |  0.21+0.00i  0.26-0.23i  0.04+0.21i |
           |  0.26+0.23i  0.57+0.00i -0.17+0.31i |
           |  0.04-0.21i -0.17-0.31i  0.22+0.00i |

A[7][1] =  |  0.69+0.00i -0.30+0.06i -0.29-0.18i |
           | -0.30-0.06i  0.14+0.00i  0.11+0.11i |
           | -0.29+0.18i  0.11-0.11i  0.17+0.00i |

A[7][2] =  |  0.10+0.00i  0.04+0.16i  0.24-0.02i |
           |  0.04-0.16i  0.29+0.00i  0.06-0.42i |
           |  0.24+0.02i  0.06+0.42i  0.61+0.00i |

A[8][0] =  |  0.42+0.00i  0.05-0.32i  0.19+0.32i |
           |  0.05+0.32i  0.25+0.00i -0.22+0.18i |
           |  0.19-0.32i -0.22-0.18i  0.33+0.00i |

A[8][1] =  |  0.15+0.00i  0.13+0.29i  0.16-0.02i |
           |  0.13-0.29i  0.68+0.00i  0.10-0.33i |
           |  0.16+0.02i  0.10+0.33i  0.17+0.00i |

A[8][2] =  |  0.43+0.00i -0.18+0.03i -0.35-0.30i |
           | -0.18-0.03i  0.07+0.00i  0.12+0.15i |
           | -0.35+0.30i  0.12-0.15i  0.49+0.00i |

A[9][0] =  |  0.64+0.00i -0.05+0.48i  0.05-0.00i |
           | -0.05-0.48i  0.36+0.00i -0.01-0.04i |
           |  0.05+0.00i -0.01+0.04i  0.00+0.00i |

A[9][1] =  |  0.26+0.00i  0.04-0.31i -0.29+0.09i |
           |  0.04+0.31i  0.38+0.00i -0.16-0.34i |
           | -0.29-0.09i -0.16+0.34i  0.37+0.00i |

A[9][2] =  |  0.11+0.00i  0.01-0.17i  0.24-0.09i |
           |  0.01+0.17i  0.26+0.00i  0.16+0.37i |
           |  0.24+0.09i  0.16-0.37i  0.63+0.00i |

A[10][0] =  |  0.47+0.00i -0.25+0.28i  0.27+0.20i |
            | -0.25-0.28i  0.29+0.00i -0.02-0.26i |
            |  0.27-0.20i -0.02+0.26i  0.24+0.00i |

A[10][1] =  |  0.04+0.00i  0.04+0.10i -0.15+0.02i |
            |  0.04-0.10i  0.32+0.00i -0.10+0.44i |
            | -0.15-0.02i -0.10-0.44i  0.64+0.00i |

A[10][2] =  |  0.49+0.00i  0.21-0.38i -0.11-0.22i |
            |  0.21+0.38i  0.38+0.00i  0.12-0.18i |
            | -0.11+0.22i  0.12+0.18i  0.13+0.00i |

A[11][0] =  |  0.31+0.00i -0.35+0.29i -0.03+0.10i |
            | -0.35-0.29i  0.66+0.00i  0.12-0.09i |
            | -0.03-0.10i  0.12+0.09i  0.03+0.00i |

A[11][1] =  |  0.53+0.00i  0.19-0.23i  0.32-0.24i |
            |  0.19+0.23i  0.17+0.00i  0.22+0.06i |
            |  0.32+0.24i  0.22-0.06i  0.30+0.00i |

A[11][2] =  |  0.16+0.00i  0.16-0.06i -0.30+0.14i |
            |  0.16+0.06i  0.17+0.00i -0.34+0.03i |
            | -0.30-0.14i -0.34-0.03i  0.66+0.00i |

A[12][0] =  |  0.24+0.00i -0.07-0.03i -0.03-0.42i |
            | -0.07+0.03i  0.03+0.00i  0.06+0.13i |
            | -0.03+0.42i  0.06-0.13i  0.73+0.00i |

A[12][1] =  |  0.25+0.00i -0.29-0.24i -0.01+0.22i |
            | -0.29+0.24i  0.56+0.00i -0.20-0.26i |
            | -0.01-0.22i -0.20+0.26i  0.18+0.00i |

A[12][2] =  |  0.51+0.00i  0.37+0.27i  0.03+0.20i |
            |  0.37-0.27i  0.41+0.00i  0.13+0.13i |
            |  0.03-0.20i  0.13-0.13i  0.08+0.00i |

A[13][0] =  |  0.17+0.00i  0.12-0.12i -0.08-0.33i |
            |  0.12+0.12i  0.17+0.00i  0.16-0.29i |
            | -0.08+0.33i  0.16+0.29i  0.66+0.00i |

A[13][1] =  |  0.13+0.00i  0.10+0.29i -0.13+0.03i |
            |  0.10-0.29i  0.72+0.00i -0.03+0.33i |
            | -0.13-0.03i -0.03-0.33i  0.15+0.00i |

A[13][2] =  |  0.70+0.00i -0.22-0.17i  0.21+0.29i |
            | -0.22+0.17i  0.11+0.00i -0.14-0.04i |
            |  0.21-0.29i -0.14+0.04i  0.19+0.00i |

A[14][0] =  |  0.18+0.00i -0.04-0.03i -0.37-0.10i |
            | -0.04+0.03i  0.01+0.00i  0.10-0.05i |
            | -0.37+0.10i  0.10+0.05i  0.80+0.00i |

A[14][1] =  |  0.79+0.00i  0.19+0.03i  0.34+0.11i |
            |  0.19-0.03i  0.05+0.00i  0.09+0.01i |
            |  0.34-0.11i  0.09-0.01i  0.16+0.00i |

A[14][2] =  |  0.02+0.00i -0.15+0.00i  0.03-0.01i |
            | -0.15-0.00i  0.94+0.00i -0.18+0.03i |
            |  0.03+0.01i -0.18-0.03i  0.04+0.00i |

A[15][0] =  |  0.28+0.00i  0.31-0.18i  0.16+0.21i |
            |  0.31+0.18i  0.47+0.00i  0.04+0.34i |
            |  0.16-0.21i  0.04-0.34i  0.25+0.00i |

A[15][1] =  |  0.11+0.00i -0.20-0.07i -0.14+0.19i |
            | -0.20+0.07i  0.40+0.00i  0.13-0.42i |
            | -0.14-0.19i  0.13+0.42i  0.49+0.00i |

A[15][2] =  |  0.61+0.00i -0.12+0.25i -0.02-0.40i |
            | -0.12-0.25i  0.13+0.00i -0.16+0.08i |
            | -0.02+0.40i -0.16-0.08i  0.26+0.00i |

A[16][0] =  |  0.57+0.00i  0.14-0.44i  0.06+0.16i |
            |  0.14+0.44i  0.38+0.00i -0.11+0.09i |
            |  0.06-0.16i -0.11-0.09i  0.05+0.00i |

A[16][1] =  |  0.34+0.00i -0.18+0.28i -0.30-0.14i |
            | -0.18-0.28i  0.33+0.00i  0.05+0.33i |
            | -0.30+0.14i  0.05-0.33i  0.33+0.00i |

A[16][2] =  |  0.10+0.00i  0.04+0.16i  0.24-0.02i |
            |  0.04-0.16i  0.29+0.00i  0.06-0.42i |
            |  0.24+0.02i  0.06+0.42i  0.61+0.00i |

A[17][0] =  |  0.14+0.00i  0.18-0.23i -0.04+0.17i |
            |  0.18+0.23i  0.63+0.00i -0.34+0.17i |
            | -0.04-0.17i -0.34-0.17i  0.23+0.00i |

A[17][1] =  |  0.56+0.00i  0.11+0.15i  0.36-0.28i |
            |  0.11-0.15i  0.06+0.00i -0.00-0.15i |
            |  0.36+0.28i -0.00+0.15i  0.38+0.00i |

A[17][2] =  |  0.30+0.00i -0.29+0.08i -0.33+0.11i |
            | -0.29-0.08i  0.30+0.00i  0.34-0.01i |
            | -0.33-0.11i  0.34+0.01i  0.39+0.00i |

A[18][0] =  |  0.41+0.00i -0.32+0.31i  0.11+0.17i |
            | -0.32-0.31i  0.49+0.00i  0.04-0.22i |
            |  0.11-0.17i  0.04+0.22i  0.10+0.00i |

A[18][1] =  |  0.49+0.00i  0.32-0.14i -0.35-0.08i |
            |  0.32+0.14i  0.24+0.00i -0.20-0.15i |
            | -0.35+0.08i -0.20+0.15i  0.27+0.00i |

A[18][2] =  |  0.11+0.00i  0.01-0.17i  0.24-0.09i |
            |  0.01+0.17i  0.26+0.00i  0.16+0.37i |
            |  0.24+0.09i  0.16-0.37i  0.63+0.00i |

A[19][0] =  |  0.58+0.00i -0.33+0.32i  0.14-0.12i |
            | -0.33-0.32i  0.37+0.00i -0.14-0.01i |
            |  0.14+0.12i -0.14+0.01i  0.06+0.00i |

A[19][1] =  |  0.01+0.00i  0.04-0.01i  0.08-0.01i |
            |  0.04+0.01i  0.21+0.00i  0.39+0.08i |
            |  0.08+0.01i  0.39-0.08i  0.79+0.00i |

A[19][2] =  |  0.41+0.00i  0.29-0.31i -0.22+0.13i |
            |  0.29+0.31i  0.43+0.00i -0.25-0.07i |
            | -0.22-0.13i -0.25+0.07i  0.16+0.00i |

A[20][0] =  |  0.43+0.00i  0.01+0.43i  0.09+0.22i |
            |  0.01-0.43i  0.43+0.00i  0.23-0.09i |
            |  0.09-0.22i  0.23+0.09i  0.13+0.00i |

A[20][1] =  |  0.24+0.00i -0.16-0.28i  0.28-0.03i |
            | -0.16+0.28i  0.43+0.00i -0.15+0.34i |
            |  0.28+0.03i -0.15-0.34i  0.33+0.00i |

A[20][2] =  |  0.33+0.00i  0.15-0.15i -0.37-0.19i |
            |  0.15+0.15i  0.13+0.00i -0.08-0.26i |
            | -0.37+0.19i -0.08+0.26i  0.54+0.00i |

A[21][0] =  |  0.04+0.00i -0.01-0.07i  0.02-0.19i |
            | -0.01+0.07i  0.11+0.00i  0.29+0.08i |
            |  0.02+0.19i  0.29-0.08i  0.85+0.00i |

A[21][1] =  |  0.57+0.00i  0.46-0.00i -0.17+0.09i |
            |  0.46+0.00i  0.36+0.00i -0.13+0.07i |
            | -0.17-0.09i -0.13-0.07i  0.06+0.00i |

A[21][2] =  |  0.38+0.00i -0.45+0.07i  0.15+0.10i |
            | -0.45-0.07i  0.53+0.00i -0.16-0.15i |
            |  0.15-0.10i -0.16+0.15i  0.09+0.00i |

A[22][0] =  |  0.43+0.00i  0.06+0.04i -0.23-0.43i |
            |  0.06-0.04i  0.01+0.00i -0.07-0.04i |
            | -0.23+0.43i -0.07+0.04i  0.56+0.00i |

A[22][1] =  |  0.29+0.00i  0.09+0.34i  0.11+0.27i |
            |  0.09-0.34i  0.42+0.00i  0.35-0.04i |
            |  0.11-0.27i  0.35+0.04i  0.29+0.00i |

A[22][2] =  |  0.28+0.00i -0.15-0.37i  0.13+0.16i |
            | -0.15+0.37i  0.57+0.00i -0.28+0.08i |
            |  0.13-0.16i -0.28-0.08i  0.15+0.00i |

A[23][0] =  |  0.15+0.00i  0.02-0.10i -0.25-0.24i |
            |  0.02+0.10i  0.07+0.00i  0.13-0.20i |
            | -0.25+0.24i  0.13+0.20i  0.78+0.00i |

A[23][1] =  |  0.34+0.00i -0.39-0.17i  0.22+0.03i |
            | -0.39+0.17i  0.52+0.00i -0.26+0.07i |
            |  0.22-0.03i -0.26-0.07i  0.14+0.00i |

A[23][2] =  |  0.51+0.00i  0.37+0.27i  0.03+0.20i |
            |  0.37-0.27i  0.41+0.00i  0.13+0.13i |
            |  0.03-0.20i  0.13-0.13i  0.08+0.00i |

A[24][0] =  |  0.23+0.00i  0.03-0.33i  0.24+0.09i |
            |  0.03+0.33i  0.47+0.00i -0.10+0.36i |
            |  0.24-0.09i -0.10-0.36i  0.30+0.00i |

A[24][1] =  |  0.56+0.00i  0.17+0.09i -0.29-0.36i |
            |  0.17-0.09i  0.07+0.00i -0.15-0.07i |
            | -0.29+0.36i -0.15+0.07i  0.37+0.00i |

A[24][2] =  |  0.21+0.00i -0.20+0.24i  0.04+0.26i |
            | -0.20-0.24i  0.46+0.00i  0.25-0.30i |
            |  0.04-0.26i  0.25+0.30i  0.33+0.00i |

A[25][0] =  |  0.33+0.00i  0.18-0.38i  0.01+0.21i |
            |  0.18+0.38i  0.54+0.00i -0.24+0.12i |
            |  0.01-0.21i -0.24-0.12i  0.13+0.00i |

A[25][1] =  |  0.06+0.00i -0.06+0.13i  0.01+0.19i |
            | -0.06-0.13i  0.34+0.00i  0.40-0.21i |
            |  0.01-0.19i  0.40+0.21i  0.60+0.00i |

A[25][2] =  |  0.61+0.00i -0.12+0.25i -0.02-0.40i |
            | -0.12-0.25i  0.13+0.00i -0.16+0.08i |
            | -0.02+0.40i -0.16-0.08i  0.26+0.00i |

A[26][0] =  |  0.47+0.00i  0.44-0.11i -0.05+0.19i |
            |  0.44+0.11i  0.45+0.00i -0.10+0.17i |
            | -0.05-0.19i -0.10-0.17i  0.08+0.00i |

A[26][1] =  |  0.51+0.00i -0.39+0.16i  0.19-0.19i |
            | -0.39-0.16i  0.35+0.00i -0.21+0.09i |
            |  0.19+0.19i -0.21-0.09i  0.14+0.00i |

A[26][2] =  |  0.02+0.00i -0.05-0.05i -0.14-0.00i |
            | -0.05+0.05i  0.20+0.00i  0.30-0.25i |
            | -0.14+0.00i  0.30+0.25i  0.77+0.00i |

A[27][0] =  |  0.59+0.00i -0.16+0.41i  0.20+0.09i |
            | -0.16-0.41i  0.33+0.00i  0.01-0.16i |
            |  0.20-0.09i  0.01+0.16i  0.08+0.00i |

A[27][1] =  |  0.25+0.00i  0.01-0.35i  0.10-0.23i |
            |  0.01+0.35i  0.50+0.00i  0.33+0.13i |
            |  0.10+0.23i  0.33-0.13i  0.25+0.00i |

A[27][2] =  |  0.16+0.00i  0.16-0.06i -0.30+0.14i |
            |  0.16+0.06i  0.17+0.00i -0.34+0.03i |
            | -0.30-0.14i -0.34-0.03i  0.66+0.00i |

A[28][0] =  |  0.55+0.00i -0.27+0.31i -0.10+0.27i |
            | -0.27-0.31i  0.30+0.00i  0.20-0.07i |
            | -0.10-0.27i  0.20+0.07i  0.15+0.00i |

A[28][1] =  |  0.08+0.00i  0.09+0.09i -0.11-0.22i |
            |  0.09-0.09i  0.20+0.00i -0.35-0.13i |
            | -0.11+0.22i -0.35+0.13i  0.72+0.00i |

A[28][2] =  |  0.37+0.00i  0.17-0.40i  0.21-0.05i |
            |  0.17+0.40i  0.50+0.00i  0.15+0.20i |
            |  0.21+0.05i  0.15-0.20i  0.13+0.00i |

A[29][0] =  |  0.24+0.00i -0.23+0.34i  0.13-0.03i |
            | -0.23-0.34i  0.69+0.00i -0.16-0.15i |
            |  0.13+0.03i -0.16+0.15i  0.07+0.00i |

A[29][1] =  |  0.48+0.00i  0.20-0.10i -0.19+0.41i |
            |  0.20+0.10i  0.10+0.00i -0.16+0.13i |
            | -0.19-0.41i -0.16-0.13i  0.42+0.00i |

A[29][2] =  |  0.28+0.00i  0.03-0.24i  0.06-0.38i |
            |  0.03+0.24i  0.21+0.00i  0.32+0.02i |
            |  0.06+0.38i  0.32-0.02i  0.51+0.00i |

A[30][0] =  |  0.12+0.00i  0.08+0.02i -0.21-0.23i |
            |  0.08-0.02i  0.06+0.00i -0.19-0.11i |
            | -0.21+0.23i -0.19+0.11i  0.83+0.00i |

A[30][1] =  |  0.11+0.00i -0.05-0.30i  0.06-0.04i |
            | -0.05+0.30i  0.84+0.00i  0.10+0.17i |
            |  0.06+0.04i  0.10-0.17i  0.05+0.00i |

A[30][2] =  |  0.77+0.00i -0.03+0.28i  0.15+0.27i |
            | -0.03-0.28i  0.10+0.00i  0.09-0.07i |
            |  0.15-0.27i  0.09+0.07i  0.13+0.00i |

A[31][0] =  |  0.18+0.00i -0.14-0.13i -0.26-0.22i |
            | -0.14+0.13i  0.20+0.00i  0.35-0.01i |
            | -0.26+0.22i  0.35+0.01i  0.62+0.00i |

A[31][1] =  |  0.15+0.00i -0.12+0.29i  0.13-0.11i |
            | -0.12-0.29i  0.66+0.00i -0.32-0.15i |
            |  0.13+0.11i -0.32+0.15i  0.19+0.00i |

A[31][2] =  |  0.67+0.00i  0.27-0.16i  0.13+0.33i |
            |  0.27+0.16i  0.14+0.00i -0.03+0.16i |
            |  0.13-0.33i -0.03-0.16i  0.19+0.00i |

A[32][0] =  |  0.22+0.00i  0.04-0.08i -0.05-0.40i |
            |  0.04+0.08i  0.04+0.00i  0.14-0.09i |
            | -0.05+0.40i  0.14+0.09i  0.74+0.00i |

A[32][1] =  |  0.75+0.00i  0.11+0.08i  0.02+0.41i |
            |  0.11-0.08i  0.02+0.00i  0.05+0.06i |
            |  0.02-0.41i  0.05-0.06i  0.22+0.00i |

A[32][2] =  |  0.02+0.00i -0.15+0.00i  0.03-0.01i |
            | -0.15-0.00i  0.94+0.00i -0.18+0.03i |
            |  0.03+0.01i -0.18-0.03i  0.04+0.00i |

A[33][0] =  |  0.37+0.00i  0.26-0.20i -0.11+0.34i |
            |  0.26+0.20i  0.28+0.00i -0.26+0.18i |
            | -0.11-0.34i -0.26-0.18i  0.35+0.00i |

A[33][1] =  |  0.17+0.00i -0.19-0.18i -0.18-0.20i |
            | -0.19+0.18i  0.40+0.00i  0.41+0.04i |
            | -0.18+0.20i  0.41-0.04i  0.43+0.00i |

A[33][2] =  |  0.46+0.00i -0.06+0.37i  0.29-0.14i |
            | -0.06-0.37i  0.32+0.00i -0.16-0.22i |
            |  0.29+0.14i -0.16+0.22i  0.23+0.00i |

A[34][0] =  |  0.44+0.00i  0.27-0.34i  0.15+0.19i |
            |  0.27+0.34i  0.43+0.00i -0.06+0.23i |
            |  0.15-0.19i -0.06-0.23i  0.13+0.00i |

A[34][1] =  |  0.25+0.00i  0.03+0.26i  0.18-0.30i |
            |  0.03-0.26i  0.27+0.00i -0.29-0.22i |
            |  0.18+0.30i -0.29+0.22i  0.48+0.00i |

A[34][2] =  |  0.30+0.00i -0.29+0.08i -0.33+0.11i |
            | -0.29-0.08i  0.30+0.00i  0.34-0.01i |
            | -0.33-0.11i  0.34+0.01i  0.39+0.00i |

A[35][0] =  |  0.13+0.00i  0.07-0.32i  0.07+0.05i |
            |  0.07+0.32i  0.81+0.00i -0.08+0.20i |
            |  0.07-0.05i -0.08-0.20i  0.06+0.00i |

A[35][1] =  |  0.60+0.00i -0.16+0.23i -0.18+0.36i |
            | -0.16-0.23i  0.13+0.00i  0.19-0.03i |
            | -0.18-0.36i  0.19+0.03i  0.27+0.00i |

A[35][2] =  |  0.27+0.00i  0.09+0.09i  0.11-0.41i |
            |  0.09-0.09i  0.06+0.00i -0.10-0.18i |
            |  0.11+0.41i -0.10+0.18i  0.67+0.00i |

A[36][0] =  |  0.09+0.00i  0.02-0.10i  0.26+0.06i |
            |  0.02+0.10i  0.11+0.00i -0.02+0.30i |
            |  0.26-0.06i -0.02-0.30i  0.80+0.00i |

A[36][1] =  |  0.21+0.00i -0.18-0.31i -0.18+0.04i |
            | -0.18+0.31i  0.62+0.00i  0.09-0.32i |
            | -0.18-0.04i  0.09+0.32i  0.18+0.00i |

A[36][2] =  |  0.71+0.00i  0.16+0.41i -0.07-0.10i |
            |  0.16-0.41i  0.27+0.00i -0.07+0.02i |
            | -0.07+0.10i -0.07-0.02i  0.02+0.00i |

A[37][0] =  |  0.22+0.00i -0.10-0.01i  0.31+0.25i |
            | -0.10+0.01i  0.05+0.00i -0.15-0.10i |
            |  0.31-0.25i -0.15+0.10i  0.73+0.00i |

A[37][1] =  |  0.29+0.00i -0.11+0.39i -0.20-0.03i |
            | -0.11-0.39i  0.57+0.00i  0.03+0.29i |
            | -0.20+0.03i  0.03-0.29i  0.14+0.00i |

A[37][2] =  |  0.49+0.00i  0.21-0.38i -0.11-0.22i |
            |  0.21+0.38i  0.38+0.00i  0.12-0.18i |
            | -0.11+0.22i  0.12+0.18i  0.13+0.00i |

A[38][0] =  |  0.06+0.00i  0.05-0.07i -0.08+0.21i |
            |  0.05+0.07i  0.11+0.00i -0.29+0.09i |
            | -0.08-0.21i -0.29-0.09i  0.83+0.00i |

A[38][1] =  |  0.77+0.00i  0.30-0.01i  0.18-0.23i |
            |  0.30+0.01i  0.12+0.00i  0.07-0.09i |
            |  0.18+0.23i  0.07+0.09i  0.11+0.00i |

A[38][2] =  |  0.17+0.00i -0.35+0.07i -0.10+0.02i |
            | -0.35-0.07i  0.77+0.00i  0.22+0.00i |
            | -0.10-0.02i  0.22-0.00i  0.06+0.00i |

A[39][0] =  |  0.76+0.00i -0.21+0.12i -0.14-0.32i |
            | -0.21-0.12i  0.08+0.00i -0.01+0.11i |
            | -0.14+0.32i -0.01-0.11i  0.16+0.00i |

A[39][1] =  |  0.03+0.00i -0.07-0.10i -0.05+0.11i |
            | -0.07+0.10i  0.52+0.00i -0.24-0.42i |
            | -0.05-0.11i -0.24+0.42i  0.45+0.00i |

A[39][2] =  |  0.21+0.00i  0.29-0.01i  0.19+0.21i |
            |  0.29+0.01i  0.41+0.00i  0.25+0.31i |
            |  0.19-0.21i  0.25-0.31i  0.39+0.00i |

A[40][0] =  |  0.85+0.00i -0.18-0.27i -0.13-0.07i |
            | -0.18+0.27i  0.13+0.00i  0.05-0.03i |
            | -0.13+0.07i  0.05+0.03i  0.02+0.00i |

A[40][1] =  |  0.06+0.00i  0.14+0.11i -0.11+0.09i |
            |  0.14-0.11i  0.58+0.00i -0.11+0.44i |
            | -0.11-0.09i -0.11-0.44i  0.36+0.00i |

A[40][2] =  |  0.10+0.00i  0.04+0.16i  0.24-0.02i |
            |  0.04-0.16i  0.29+0.00i  0.06-0.42i |
            |  0.24+0.02i  0.06+0.42i  0.61+0.00i |

A[41][0] =  |  0.56+0.00i -0.34+0.01i -0.36-0.03i |
            | -0.34-0.01i  0.21+0.00i  0.22+0.02i |
            | -0.36+0.03i  0.22-0.02i  0.23+0.00i |

A[41][1] =  |  0.42+0.00i  0.24+0.05i  0.43-0.03i |
            |  0.24-0.05i  0.15+0.00i  0.24-0.07i |
            |  0.43+0.03i  0.24+0.07i  0.43+0.00i |

A[41][2] =  |  0.02+0.00i  0.10-0.06i -0.07+0.05i |
            |  0.10+0.06i  0.64+0.00i -0.46+0.05i |
            | -0.07-0.05i -0.46-0.05i  0.34+0.00i |

A[42][0] =  |  0.31+0.00i  0.39+0.24i  0.07+0.05i |
            |  0.39-0.24i  0.67+0.00i  0.12+0.02i |
            |  0.07-0.05i  0.12-0.02i  0.02+0.00i |

A[42][1] =  |  0.38+0.00i -0.19-0.21i -0.20+0.34i |
            | -0.19+0.21i  0.21+0.00i -0.08-0.28i |
            | -0.20-0.34i -0.08+0.28i  0.41+0.00i |

A[42][2] =  |  0.31+0.00i -0.19-0.03i  0.14-0.39i |
            | -0.19+0.03i  0.13+0.00i -0.04+0.26i |
            |  0.14+0.39i -0.04-0.26i  0.57+0.00i |

A[43][0] =  |  0.14+0.00i  0.31+0.00i  0.06-0.15i |
            |  0.31-0.00i  0.67+0.00i  0.14-0.33i |
            |  0.06+0.15i  0.14+0.33i  0.19+0.00i |

A[43][1] =  |  0.16+0.00i -0.09+0.17i -0.28-0.14i |
            | -0.09-0.17i  0.22+0.00i  0.00+0.37i |
            | -0.28+0.14i  0.00-0.37i  0.62+0.00i |

A[43][2] =  |  0.70+0.00i -0.22-0.17i  0.21+0.29i |
            | -0.22+0.17i  0.11+0.00i -0.14-0.04i |
            |  0.21-0.29i -0.14+0.04i  0.19+0.00i |

A[44][0] =  |  0.01+0.00i  0.09+0.08i  0.00-0.01i |
            |  0.09-0.08i  0.98+0.00i -0.06-0.07i |
            |  0.00+0.01i -0.06+0.07i  0.01+0.00i |

A[44][1] =  |  0.68+0.00i -0.05-0.10i  0.43-0.15i |
            | -0.05+0.10i  0.02+0.00i -0.01+0.07i |
            |  0.43+0.15i -0.01-0.07i  0.30+0.00i |

A[44][2] =  |  0.30+0.00i -0.04+0.02i -0.43+0.16i |
            | -0.04-0.02i  0.01+0.00i  0.06+0.00i |
            | -0.43-0.16i  0.06-0.00i  0.69+0.00i |

A[45][0] =  |  0.16+0.00i -0.02-0.06i  0.32+0.16i |
            | -0.02+0.06i  0.03+0.00i -0.10+0.10i |
            |  0.32-0.16i -0.10-0.10i  0.81+0.00i |

A[45][1] =  |  0.67+0.00i  0.37-0.01i -0.22-0.18i |
            |  0.37+0.01i  0.20+0.00i -0.12-0.10i |
            | -0.22+0.18i -0.12+0.10i  0.12+0.00i |

A[45][2] =  |  0.17+0.00i -0.35+0.07i -0.10+0.02i |
            | -0.35-0.07i  0.77+0.00i  0.22+0.00i |
            | -0.10-0.02i  0.22-0.00i  0.06+0.00i |

A[46][0] =  |  0.07+0.00i -0.08-0.12i  0.17+0.12i |
            | -0.08+0.12i  0.30+0.00i -0.41+0.15i |
            |  0.17-0.12i -0.41-0.15i  0.63+0.00i |

A[46][1] =  |  0.05+0.00i -0.03+0.17i  0.01+0.11i |
            | -0.03-0.17i  0.68+0.00i  0.42-0.11i |
            |  0.01-0.11i  0.42+0.11i  0.27+0.00i |

A[46][2] =  |  0.88+0.00i  0.12-0.05i -0.18-0.23i |
            |  0.12+0.05i  0.02+0.00i -0.01-0.04i |
            | -0.18+0.23i -0.01+0.04i  0.10+0.00i |

A[47][0] =  |  0.08+0.00i  0.01+0.02i -0.04+0.26i |
            |  0.01-0.02i  0.00+0.00i  0.05+0.04i |
            | -0.04-0.26i  0.05-0.04i  0.92+0.00i |

A[47][1] =  |  0.43+0.00i -0.48-0.07i  0.04-0.10i |
            | -0.48+0.07i  0.54+0.00i -0.03+0.12i |
            |  0.04+0.10i -0.03-0.12i  0.03+0.00i |

A[47][2] =  |  0.49+0.00i  0.47+0.05i -0.00-0.16i |
            |  0.47-0.05i  0.46+0.00i -0.02-0.16i |
            | -0.00+0.16i -0.02+0.16i  0.05+0.00i |

A[48][0] =  |  0.56+0.00i -0.47-0.05i -0.10-0.11i |
            | -0.47+0.05i  0.40+0.00i  0.10+0.09i |
            | -0.10+0.11i  0.10-0.09i  0.04+0.00i |

A[48][1] =  |  0.28+0.00i  0.39+0.00i -0.21-0.06i |
            |  0.39-0.00i  0.55+0.00i -0.30-0.09i |
            | -0.21+0.06i -0.30+0.09i  0.18+0.00i |

A[48][2] =  |  0.17+0.00i  0.08+0.04i  0.32+0.17i |
            |  0.08-0.04i  0.05+0.00i  0.20+0.00i |
            |  0.32-0.17i  0.20-0.00i  0.78+0.00i |

A[49][0] =  |  0.87+0.00i -0.22-0.08i -0.13-0.21i |
            | -0.22+0.08i  0.06+0.00i  0.05+0.04i |
            | -0.13+0.21i  0.05-0.04i  0.07+0.00i |

A[49][1] =  |  0.11+0.00i  0.11+0.14i  0.20+0.16i |
            |  0.11-0.14i  0.30+0.00i  0.41-0.09i |
            |  0.20-0.16i  0.41+0.09i  0.59+0.00i |

A[49][2] =  |  0.02+0.00i  0.10-0.06i -0.07+0.05i |
            |  0.10+0.06i  0.64+0.00i -0.46+0.05i |
            | -0.07-0.05i -0.46-0.05i  0.34+0.00i |

A[50][0] =  |  0.69+0.00i -0.08-0.03i -0.45-0.07i |
            | -0.08+0.03i  0.01+0.00i  0.05-0.01i |
            | -0.45+0.07i  0.05+0.01i  0.30+0.00i |

A[50][1] =  |  0.12+0.00i -0.20-0.13i  0.22+0.04i |
            | -0.20+0.13i  0.47+0.00i -0.41+0.16i |
            |  0.22-0.04i -0.41-0.16i  0.42+0.00i |

A[50][2] =  |  0.19+0.00i  0.27+0.16i  0.23+0.03i |
            |  0.27-0.16i  0.53+0.00i  0.36-0.15i |
            |  0.23-0.03i  0.36+0.15i  0.29+0.00i |

A[51][0] =  |  0.03+0.00i  0.04+0.16i  0.04+0.05i |
            |  0.04-0.16i  0.86+0.00i  0.29-0.12i |
            |  0.04-0.05i  0.29+0.12i  0.11+0.00i |

A[51][1] =  |  0.63+0.00i  0.11-0.03i -0.46-0.06i |
            |  0.11+0.03i  0.02+0.00i -0.08-0.04i |
            | -0.46+0.06i -0.08+0.04i  0.35+0.00i |

A[51][2] =  |  0.34+0.00i -0.16-0.13i  0.43+0.01i |
            | -0.16+0.13i  0.12+0.00i -0.21+0.15i |
            |  0.43-0.01i -0.21-0.15i  0.54+0.00i |

A[52][0] =  |  0.16+0.00i  0.35+0.04i -0.10-0.06i |
            |  0.35-0.04i  0.76+0.00i -0.22-0.10i |
            | -0.10+0.06i -0.22+0.10i  0.08+0.00i |

A[52][1] =  |  0.09+0.00i -0.03+0.08i -0.07+0.26i |
            | -0.03-0.08i  0.08+0.00i  0.26-0.01i |
            | -0.07-0.26i  0.26+0.01i  0.83+0.00i |

A[52][2] =  |  0.75+0.00i -0.32-0.12i  0.17-0.20i |
            | -0.32+0.12i  0.16+0.00i -0.04+0.11i |
            |  0.17+0.20i -0.04-0.11i  0.09+0.00i |

A[53][0] =  |  0.23+0.00i  0.38+0.13i  0.11-0.07i |
            |  0.38-0.13i  0.70+0.00i  0.14-0.17i |
            |  0.11+0.07i  0.14+0.17i  0.07+0.00i |

A[53][1] =  |  0.47+0.00i -0.34-0.14i  0.32-0.10i |
            | -0.34+0.14i  0.29+0.00i -0.20+0.17i |
            |  0.32+0.10i -0.20-0.17i  0.24+0.00i |

A[53][2] =  |  0.30+0.00i -0.04+0.02i -0.43+0.16i |
            | -0.04-0.02i  0.01+0.00i  0.06+0.00i |
            | -0.43-0.16i  0.06-0.00i  0.69+0.00i |

A[54][0] =  |  0.10+0.00i -0.04-0.07i  0.13+0.26i |
            | -0.04+0.07i  0.07+0.00i -0.24-0.02i |
            |  0.13-0.26i -0.24+0.02i  0.83+0.00i |

A[54][1] =  |  0.19+0.00i -0.12-0.33i -0.06-0.16i |
            | -0.12+0.33i  0.66+0.00i  0.31+0.00i |
            | -0.06+0.16i  0.31-0.00i  0.15+0.00i |

A[54][2] =  |  0.71+0.00i  0.16+0.41i -0.07-0.10i |
            |  0.16-0.41i  0.27+0.00i -0.08+0.02i |
            | -0.07+0.10i -0.08-0.02i  0.02+0.00i |

A[55][0] =  |  0.23+0.00i  0.13-0.04i  0.16+0.37i |
            |  0.13+0.04i  0.08+0.00i  0.02+0.23i |
            |  0.16-0.37i  0.02-0.23i  0.69+0.00i |

A[55][1] =  |  0.32+0.00i  0.17+0.36i  0.04-0.23i |
            |  0.17-0.36i  0.51+0.00i -0.25-0.17i |
            |  0.04+0.23i -0.25+0.17i  0.18+0.00i |

A[55][2] =  |  0.45+0.00i -0.30-0.32i -0.20-0.13i |
            | -0.30+0.32i  0.42+0.00i  0.23-0.06i |
            | -0.20+0.13i  0.23+0.06i  0.13+0.00i |

A[56][0] =  |  0.08+0.00i -0.09+0.01i  0.22-0.13i |
            | -0.09-0.01i  0.09+0.00i -0.25+0.12i |
            |  0.22+0.13i -0.25-0.12i  0.82+0.00i |

A[56][1] =  |  0.86+0.00i  0.03+0.20i -0.20+0.19i |
            |  0.03-0.20i  0.05+0.00i  0.04+0.05i |
            | -0.20-0.19i  0.04-0.05i  0.09+0.00i |

A[56][2] =  |  0.06+0.00i  0.06-0.21i -0.03-0.06i |
            |  0.06+0.21i  0.86+0.00i  0.22-0.17i |
            | -0.03+0.06i  0.22+0.17i  0.09+0.00i |

A[57][0] =  |  0.90+0.00i -0.10+0.17i -0.23-0.00i |
            | -0.10-0.17i  0.04+0.00i  0.03+0.04i |
            | -0.23+0.00i  0.03-0.04i  0.06+0.00i |

A[57][1] =  |  0.08+0.00i  0.17-0.18i  0.12-0.05i |
            |  0.17+0.18i  0.72+0.00i  0.34+0.16i |
            |  0.12+0.05i  0.34-0.16i  0.20+0.00i |

A[57][2] =  |  0.02+0.00i -0.07+0.01i  0.11+0.05i |
            | -0.07-0.01i  0.24+0.00i -0.37-0.21i |
            |  0.11-0.05i -0.37+0.21i  0.74+0.00i |

A[58][0] =  |  0.73+0.00i -0.31-0.15i -0.28-0.06i |
            | -0.31+0.15i  0.16+0.00i  0.13-0.03i |
            | -0.28+0.06i  0.13+0.03i  0.11+0.00i |

A[58][1] =  |  0.06+0.00i  0.02+0.16i  0.09-0.15i |
            |  0.02-0.16i  0.44+0.00i -0.38-0.28i |
            |  0.09+0.15i -0.38+0.28i  0.50+0.00i |

A[58][2] =  |  0.21+0.00i  0.29-0.01i  0.19+0.21i |
            |  0.29+0.01i  0.41+0.00i  0.25+0.31i |
            |  0.19-0.21i  0.25-0.31i  0.39+0.00i |

A[59][0] =  |  0.55+0.00i -0.30-0.15i -0.09-0.35i |
            | -0.30+0.15i  0.21+0.00i  0.15+0.17i |
            | -0.09+0.35i  0.15-0.17i  0.24+0.00i |

A[59][1] =  |  0.41+0.00i  0.18+0.03i  0.07+0.45i |
            |  0.18-0.03i  0.08+0.00i  0.07+0.19i |
            |  0.07-0.45i  0.07-0.19i  0.51+0.00i |

A[59][2] =  |  0.04+0.00i  0.12+0.12i  0.02-0.10i |
            |  0.12-0.12i  0.71+0.00i -0.21-0.36i |
            |  0.02+0.10i -0.21+0.36i  0.25+0.00i |

A[60][0] =  |  0.30+0.00i  0.28+0.34i  0.03-0.13i |
            |  0.28-0.34i  0.64+0.00i -0.11-0.16i |
            |  0.03+0.13i -0.11+0.16i  0.06+0.00i |

A[60][1] =  |  0.37+0.00i -0.24-0.25i -0.01-0.33i |
            | -0.24+0.25i  0.33+0.00i  0.23+0.21i |
            | -0.01+0.33i  0.23-0.21i  0.30+0.00i |

A[60][2] =  |  0.33+0.00i -0.04-0.09i -0.03+0.46i |
            | -0.04+0.09i  0.03+0.00i -0.12-0.06i |
            | -0.03-0.46i -0.12+0.06i  0.64+0.00i |

A[61][0] =  |  0.11+0.00i  0.29-0.03i  0.11+0.02i |
            |  0.29+0.03i  0.78+0.00i  0.28+0.08i |
            |  0.11-0.02i  0.28-0.08i  0.11+0.00i |

A[61][1] =  |  0.14+0.00i -0.09+0.12i  0.18-0.26i |
            | -0.09-0.12i  0.16+0.00i -0.33+0.02i |
            |  0.18+0.26i -0.33-0.02i  0.70+0.00i |

A[61][2] =  |  0.75+0.00i -0.20-0.08i -0.28+0.25i |
            | -0.20+0.08i  0.06+0.00i  0.05-0.10i |
            | -0.28-0.25i  0.05+0.10i  0.19+0.00i |

A[62][0] =  |  0.06+0.00i  0.22+0.04i  0.02-0.06i |
            |  0.22-0.04i  0.87+0.00i  0.04-0.24i |
            |  0.02+0.06i  0.04+0.24i  0.07+0.00i |

A[62][1] =  |  0.64+0.00i -0.03-0.01i -0.16+0.45i |
            | -0.03+0.01i  0.00+0.00i  0.00-0.02i |
            | -0.16-0.45i  0.00+0.02i  0.36+0.00i |

A[62][2] =  |  0.31+0.00i -0.19-0.03i  0.14-0.39i |
            | -0.19+0.03i  0.13+0.00i -0.04+0.26i |
            |  0.14+0.39i -0.04-0.26i  0.57+0.00i |

A[63][0] =  |  0.21+0.00i -0.33-0.05i -0.03+0.24i |
            | -0.33+0.05i  0.52+0.00i -0.02-0.37i |
            | -0.03-0.24i -0.02+0.37i  0.27+0.00i |

A[63][1] =  |  0.68+0.00i  0.32+0.22i -0.22-0.15i |
            |  0.32-0.22i  0.22+0.00i -0.15-0.00i |
            | -0.22+0.15i -0.15+0.00i  0.10+0.00i |

A[63][2] =  |  0.11+0.00i  0.01-0.17i  0.24-0.09i |
            |  0.01+0.17i  0.26+0.00i  0.16+0.37i |
            |  0.24+0.09i  0.16-0.37i  0.63+0.00i |

A[64][0] =  |  0.27+0.00i -0.06-0.37i -0.14+0.20i |
            | -0.06+0.37i  0.52+0.00i -0.24-0.23i |
            | -0.14-0.20i -0.24+0.23i  0.22+0.00i |

A[64][1] =  |  0.13+0.00i  0.18+0.11i  0.16+0.20i |
            |  0.18-0.11i  0.35+0.00i  0.40+0.15i |
            |  0.16-0.20i  0.40-0.15i  0.52+0.00i |

A[64][2] =  |  0.61+0.00i -0.12+0.25i -0.02-0.40i |
            | -0.12-0.25i  0.13+0.00i -0.16+0.08i |
            | -0.02+0.40i -0.16-0.08i  0.26+0.00i |

A[65][0] =  |  0.14+0.00i -0.06-0.20i -0.28+0.06i |
            | -0.06+0.20i  0.31+0.00i  0.03-0.41i |
            | -0.28-0.06i  0.03+0.41i  0.55+0.00i |

A[65][1] =  |  0.35+0.00i -0.31-0.07i  0.24-0.26i |
            | -0.31+0.07i  0.29+0.00i -0.16+0.28i |
            |  0.24+0.26i -0.16-0.28i  0.37+0.00i |

A[65][2] =  |  0.51+0.00i  0.37+0.27i  0.03+0.20i |
            |  0.37-0.27i  0.41+0.00i  0.13+0.13i |
            |  0.03-0.20i  0.13-0.13i  0.08+0.00i |

A[66][0] =  |  0.05+0.00i -0.13+0.11i -0.11-0.07i |
            | -0.13-0.11i  0.59+0.00i  0.15+0.44i |
            | -0.11+0.07i  0.15-0.44i  0.36+0.00i |

A[66][1] =  |  0.58+0.00i  0.32-0.23i -0.23-0.18i |
            |  0.32+0.23i  0.27+0.00i -0.05-0.19i |
            | -0.23+0.18i -0.05+0.19i  0.15+0.00i |

A[66][2] =  |  0.37+0.00i -0.19+0.12i  0.34+0.25i |
            | -0.19-0.12i  0.14+0.00i -0.09-0.24i |
            |  0.34-0.25i -0.09+0.24i  0.49+0.00i |

A[67][0] =  |  0.16+0.00i -0.01+0.28i -0.18-0.17i |
            | -0.01-0.28i  0.47+0.00i -0.27+0.32i |
            | -0.18+0.17i -0.27-0.32i  0.37+0.00i |

A[67][1] =  |  0.08+0.00i  0.04+0.15i  0.19+0.11i |
            |  0.04-0.15i  0.29+0.00i  0.30-0.31i |
            |  0.19-0.11i  0.30+0.31i  0.63+0.00i |

A[67][2] =  |  0.76+0.00i -0.02-0.42i -0.01+0.06i |
            | -0.02+0.42i  0.23+0.00i -0.03-0.01i |
            | -0.01-0.06i -0.03+0.01i  0.00+0.00i |

A[68][0] =  |  0.29+0.00i  0.10+0.28i -0.30+0.15i |
            |  0.10-0.28i  0.31+0.00i  0.05+0.35i |
            | -0.30-0.15i  0.05-0.35i  0.40+0.00i |

A[68][1] =  |  0.55+0.00i -0.34-0.19i  0.29+0.11i |
            | -0.34+0.19i  0.28+0.00i -0.21+0.04i |
            |  0.29-0.11i -0.21-0.04i  0.17+0.00i |

A[68][2] =  |  0.16+0.00i  0.24-0.09i  0.01-0.26i |
            |  0.24+0.09i  0.41+0.00i  0.17-0.39i |
            |  0.01+0.26i  0.17+0.39i  0.43+0.00i |

A[69][0] =  |  0.48+0.00i  0.08-0.04i  0.49-0.03i |
            |  0.08+0.04i  0.01+0.00i  0.08+0.03i |
            |  0.49+0.03i  0.08-0.03i  0.51+0.00i |

A[69][1] =  |  0.36+0.00i  0.27-0.04i -0.39+0.01i |
            |  0.27+0.04i  0.21+0.00i -0.30-0.03i |
            | -0.39-0.01i -0.30+0.03i  0.43+0.00i |

A[69][2] =  |  0.17+0.00i -0.35+0.07i -0.10+0.02i |
            | -0.35-0.07i  0.77+0.00i  0.22+0.00i |
            | -0.10-0.02i  0.22-0.00i  0.06+0.00i |

A[70][0] =  |  0.86+0.00i  0.05-0.07i  0.24-0.24i |
            |  0.05+0.07i  0.01+0.00i  0.04+0.01i |
            |  0.24+0.24i  0.04-0.01i  0.13+0.00i |

A[70][1] =  |  0.12+0.00i -0.15+0.14i -0.17+0.19i |
            | -0.15-0.14i  0.35+0.00i  0.43-0.05i |
            | -0.17-0.19i  0.43+0.05i  0.53+0.00i |

A[70][2] =  |  0.02+0.00i  0.10-0.06i -0.07+0.05i |
            |  0.10+0.06i  0.64+0.00i -0.46+0.05i |
            | -0.07-0.05i -0.46-0.05i  0.34+0.00i |

A[71][0] =  |  0.54+0.00i  0.37+0.06i  0.30-0.13i |
            |  0.37-0.06i  0.26+0.00i  0.19-0.12i |
            |  0.30+0.13i  0.19+0.12i  0.20+0.00i |

A[71][1] =  |  0.15+0.00i -0.33-0.08i  0.13-0.03i |
            | -0.33+0.08i  0.74+0.00i -0.25+0.12i |
            |  0.13+0.03i -0.25-0.12i  0.11+0.00i |

A[71][2] =  |  0.30+0.00i -0.04+0.02i -0.43+0.16i |
            | -0.04-0.02i  0.01+0.00i  0.06+0.00i |
            | -0.43-0.16i  0.06-0.00i  0.69+0.00i |

A[72][0] =  |  0.15+0.00i -0.13-0.16i -0.08+0.29i |
            | -0.13+0.16i  0.28+0.00i -0.22-0.33i |
            | -0.08-0.29i -0.22+0.33i  0.57+0.00i |

A[72][1] =  |  0.14+0.00i -0.03-0.25i  0.15-0.18i |
            | -0.03+0.25i  0.45+0.00i  0.30+0.31i |
            |  0.15+0.18i  0.30-0.31i  0.41+0.00i |

A[72][2] =  |  0.71+0.00i  0.16+0.41i -0.07-0.10i |
            |  0.16-0.41i  0.27+0.00i -0.07+0.02i |
            | -0.07+0.10i -0.07-0.02i  0.02+0.00i |

A[73][0] =  |  0.42+0.00i -0.26-0.28i -0.26+0.16i |
            | -0.26+0.28i  0.35+0.00i  0.05-0.28i |
            | -0.26-0.16i  0.05+0.28i  0.23+0.00i |

A[73][1] =  |  0.38+0.00i -0.03+0.30i  0.07-0.37i |
            | -0.03-0.30i  0.24+0.00i -0.30-0.03i |
            |  0.07+0.37i -0.30+0.03i  0.39+0.00i |

A[73][2] =  |  0.21+0.00i  0.29-0.01i  0.19+0.21i |
            |  0.29+0.01i  0.41+0.00i  0.25+0.31i |
            |  0.19-0.21i  0.25-0.31i  0.39+0.00i |

A[74][0] =  |  0.05+0.00i -0.05-0.18i -0.10+0.04i |
            | -0.05+0.18i  0.71+0.00i -0.05-0.41i |
            | -0.10-0.04i -0.05+0.41i  0.24+0.00i |

A[74][1] =  |  0.65+0.00i  0.25+0.21i -0.04+0.35i |
            |  0.25-0.21i  0.16+0.00i  0.10+0.15i |
            | -0.04-0.35i  0.10-0.15i  0.19+0.00i |

A[74][2] =  |  0.31+0.00i -0.19-0.03i  0.14-0.39i |
            | -0.19+0.03i  0.13+0.00i -0.04+0.26i |
            |  0.14+0.39i -0.04-0.26i  0.57+0.00i |

A[75][0] =  |  0.29+0.00i  0.14+0.29i -0.32-0.03i |
            |  0.14-0.29i  0.35+0.00i -0.18+0.30i |
            | -0.32+0.03i -0.18-0.30i  0.36+0.00i |

A[75][1] =  |  0.34+0.00i  0.05-0.41i -0.02-0.22i |
            |  0.05+0.41i  0.51+0.00i  0.27-0.06i |
            | -0.02+0.22i  0.27+0.06i  0.15+0.00i |

A[75][2] =  |  0.37+0.00i -0.19+0.12i  0.34+0.25i |
            | -0.19-0.12i  0.14+0.00i -0.09-0.24i |
            |  0.34-0.25i -0.09+0.24i  0.49+0.00i |

A[76][0] =  |  0.11+0.00i -0.01+0.22i -0.20+0.10i |
            | -0.01-0.22i  0.45+0.00i  0.23+0.38i |
            | -0.20-0.10i  0.23-0.38i  0.44+0.00i |

A[76][1] =  |  0.13+0.00i  0.03+0.20i  0.21-0.16i |
            |  0.03-0.20i  0.32+0.00i -0.20-0.37i |
            |  0.21+0.16i -0.20+0.37i  0.56+0.00i |

A[76][2] =  |  0.76+0.00i -0.02-0.42i -0.01+0.06i |
            | -0.02+0.42i  0.23+0.00i -0.03-0.01i |
            | -0.01-0.06i -0.03+0.01i  0.00+0.00i |

A[77][0] =  |  0.09+0.00i -0.17+0.15i -0.07-0.16i |
            | -0.17-0.15i  0.58+0.00i -0.13+0.42i |
            | -0.07+0.16i -0.13-0.42i  0.33+0.00i |

A[77][1] =  |  0.75+0.00i -0.07-0.06i  0.06+0.42i |
            | -0.07+0.06i  0.01+0.00i -0.04-0.03i |
            |  0.06-0.42i -0.04+0.03i  0.24+0.00i |

A[77][2] =  |  0.16+0.00i  0.24-0.09i  0.01-0.26i |
            |  0.24+0.09i  0.41+0.00i  0.17-0.39i |
            |  0.01+0.26i  0.17+0.39i  0.43+0.00i |

A[78][0] =  |  0.72+0.00i  0.09+0.21i  0.38-0.05i |
            |  0.09-0.21i  0.07+0.00i  0.04-0.12i |
            |  0.38+0.05i  0.04+0.12i  0.20+0.00i |

A[78][1] =  |  0.11+0.00i -0.25-0.15i -0.08-0.09i |
            | -0.25+0.15i  0.75+0.00i  0.30+0.08i |
            | -0.08+0.09i  0.30-0.08i  0.13+0.00i |

A[78][2] =  |  0.16+0.00i  0.16-0.06i -0.30+0.14i |
            |  0.16+0.06i  0.17+0.00i -0.34+0.03i |
            | -0.30-0.14i -0.34-0.03i  0.66+0.00i |

A[79][0] =  |  0.67+0.00i  0.25-0.20i  0.35+0.00i |
            |  0.25+0.20i  0.15+0.00i  0.13+0.10i |
            |  0.35-0.00i  0.13-0.10i  0.18+0.00i |

A[79][1] =  |  0.03+0.00i  0.04+0.12i -0.02-0.11i |
            |  0.04-0.12i  0.54+0.00i -0.47-0.09i |
            | -0.02+0.11i -0.47+0.09i  0.43+0.00i |

A[79][2] =  |  0.30+0.00i -0.29+0.08i -0.33+0.11i |
            | -0.29-0.08i  0.30+0.00i  0.34-0.01i |
            | -0.33-0.11i  0.34+0.01i  0.39+0.00i |

A[80][0] =  |  0.49+0.00i  0.15-0.06i  0.30-0.36i |
            |  0.15+0.06i  0.05+0.00i  0.14-0.07i |
            |  0.30+0.36i  0.14+0.07i  0.46+0.00i |

A[80][1] =  |  0.49+0.00i  0.00+0.06i -0.33+0.37i |
            |  0.00-0.06i  0.01+0.00i  0.04+0.04i |
            | -0.33-0.37i  0.04-0.04i  0.50+0.00i |

A[80][2] =  |  0.02+0.00i -0.15+0.00i  0.03-0.01i |
            | -0.15-0.00i  0.94+0.00i -0.18+0.03i |
            |  0.03+0.01i -0.18-0.03i  0.04+0.00i |

A[81][0] =  |  0.53+0.00i  0.33+0.09i -0.35-0.09i |
            |  0.33-0.09i  0.22+0.00i -0.24+0.01i |
            | -0.35+0.09i -0.24-0.01i  0.25+0.00i |

A[81][1] =  |  0.10+0.00i -0.14-0.22i  0.01-0.16i |
            | -0.14+0.22i  0.64+0.00i  0.33+0.24i |
            |  0.01+0.16i  0.33-0.24i  0.26+0.00i |

A[81][2] =  |  0.37+0.00i -0.19+0.12i  0.34+0.25i |
            | -0.19-0.12i  0.14+0.00i -0.09-0.24i |
            |  0.34-0.25i -0.09+0.24i  0.49+0.00i |

A[82][0] =  |  0.78+0.00i  0.25-0.18i -0.27+0.09i |
            |  0.25+0.18i  0.12+0.00i -0.10-0.03i |
            | -0.27-0.09i -0.10+0.03i  0.10+0.00i |

A[82][1] =  |  0.21+0.00i -0.20+0.17i  0.30-0.08i |
            | -0.20-0.17i  0.32+0.00i -0.35-0.17i |
            |  0.30+0.08i -0.35+0.17i  0.46+0.00i |

A[82][2] =  |  0.00+0.00i -0.05+0.01i -0.04-0.01i |
            | -0.05-0.01i  0.56+0.00i  0.45+0.20i |
            | -0.04+0.01i  0.45-0.20i  0.44+0.00i |

A[83][0] =  |  0.35+0.00i  0.33+0.02i -0.17-0.29i |
            |  0.33-0.02i  0.32+0.00i -0.18-0.27i |
            | -0.17+0.29i -0.18+0.27i  0.33+0.00i |

A[83][1] =  |  0.48+0.00i -0.05+0.15i  0.10+0.46i |
            | -0.05-0.15i  0.05+0.00i  0.13-0.08i |
            |  0.10-0.46i  0.13+0.08i  0.47+0.00i |

A[83][2] =  |  0.17+0.00i -0.29-0.16i  0.07-0.17i |
            | -0.29+0.16i  0.63+0.00i  0.04+0.35i |
            |  0.07+0.17i  0.04-0.35i  0.20+0.00i |

A[84][0] =  |  0.28+0.00i -0.03+0.20i  0.15+0.38i |
            | -0.03-0.20i  0.14+0.00i  0.24-0.14i |
            |  0.15-0.38i  0.24+0.14i  0.58+0.00i |

A[84][1] =  |  0.42+0.00i -0.18-0.43i  0.08-0.14i |
            | -0.18+0.43i  0.51+0.00i  0.11+0.14i |
            |  0.08+0.14i  0.11-0.14i  0.06+0.00i |

A[84][2] =  |  0.29+0.00i  0.22+0.23i -0.22-0.24i |
            |  0.22-0.23i  0.35+0.00i -0.35+0.00i |
            | -0.22+0.24i -0.35-0.00i  0.36+0.00i |

A[85][0] =  |  0.08+0.00i  0.01+0.17i -0.01+0.21i |
            |  0.01-0.17i  0.36+0.00i  0.45+0.06i |
            | -0.01-0.21i  0.45-0.06i  0.56+0.00i |

A[85][1] =  |  0.16+0.00i  0.01+0.25i  0.02-0.26i |
            |  0.01-0.25i  0.40+0.00i -0.42-0.05i |
            |  0.02+0.26i -0.42+0.05i  0.43+0.00i |

A[85][2] =  |  0.76+0.00i -0.02-0.42i -0.01+0.06i |
            | -0.02+0.42i  0.23+0.00i -0.03-0.01i |
            | -0.01-0.06i -0.03+0.01i  0.00+0.00i |

A[86][0] =  |  0.02+0.00i  0.08-0.03i  0.07-0.06i |
            |  0.08+0.03i  0.47+0.00i  0.46-0.17i |
            |  0.07+0.06i  0.46+0.17i  0.51+0.00i |

A[86][1] =  |  0.82+0.00i  0.14-0.13i -0.19+0.27i |
            |  0.14+0.13i  0.05+0.00i -0.08+0.02i |
            | -0.19-0.27i -0.08-0.02i  0.13+0.00i |

A[86][2] =  |  0.16+0.00i -0.22+0.17i  0.12-0.20i |
            | -0.22-0.17i  0.48+0.00i -0.38+0.16i |
            |  0.12+0.20i -0.38-0.16i  0.36+0.00i |

A[87][0] =  |  0.32+0.00i -0.32+0.05i  0.34-0.01i |
            | -0.32-0.05i  0.32+0.00i -0.34-0.05i |
            |  0.34+0.01i -0.34+0.05i  0.36+0.00i |

A[87][1] =  |  0.08+0.00i  0.07-0.19i  0.02-0.17i |
            |  0.07+0.19i  0.54+0.00i  0.44-0.10i |
            |  0.02+0.17i  0.44+0.10i  0.38+0.00i |

A[87][2] =  |  0.60+0.00i  0.25+0.14i -0.36+0.18i |
            |  0.25-0.14i  0.13+0.00i -0.11+0.15i |
            | -0.36-0.18i -0.11-0.15i  0.26+0.00i |

A[88][0] =  |  0.49+0.00i -0.29-0.37i  0.16-0.06i |
            | -0.29+0.37i  0.45+0.00i -0.05+0.16i |
            |  0.16+0.06i -0.05-0.16i  0.06+0.00i |

A[88][1] =  |  0.21+0.00i  0.24+0.13i -0.04-0.30i |
            |  0.24-0.13i  0.35+0.00i -0.23-0.32i |
            | -0.04+0.30i -0.23+0.32i  0.44+0.00i |

A[88][2] =  |  0.30+0.00i  0.05+0.24i -0.12+0.37i |
            |  0.05-0.24i  0.20+0.00i  0.27+0.16i |
            | -0.12-0.37i  0.27-0.16i  0.50+0.00i |

A[89][0] =  |  0.25+0.00i -0.36-0.07i  0.19-0.14i |
            | -0.36+0.07i  0.52+0.00i -0.23+0.25i |
            |  0.19+0.14i -0.23-0.25i  0.22+0.00i |

A[89][1] =  |  0.59+0.00i  0.12+0.16i -0.21+0.40i |
            |  0.12-0.16i  0.06+0.00i  0.07+0.13i |
            | -0.21-0.40i  0.07-0.13i  0.35+0.00i |

A[89][2] =  |  0.16+0.00i  0.24-0.09i  0.01-0.26i |
            |  0.24+0.09i  0.41+0.00i  0.17-0.39i |
            |  0.01+0.26i  0.17+0.39i  0.43+0.00i |

B[0][0] =  |  0.50+0.00i -0.25-0.40i  0.11-0.12i |
           | -0.25+0.40i  0.45+0.00i  0.04+0.15i |
           |  0.11+0.12i  0.04-0.15i  0.05+0.00i |

B[0][1] =  |  0.18+0.00i  0.00+0.07i -0.18+0.33i |
           |  0.00-0.07i  0.03+0.00i  0.13+0.08i |
           | -0.18-0.33i  0.13-0.08i  0.79+0.00i |

B[0][2] =  |  0.33+0.00i  0.25+0.33i  0.07-0.21i |
           |  0.25-0.33i  0.52+0.00i -0.16-0.23i |
           |  0.07+0.21i -0.16+0.23i  0.15+0.00i |

B[1][0] =  |  0.09+0.00i -0.01+0.07i  0.19-0.20i |
           | -0.01-0.07i  0.05+0.00i -0.18-0.11i |
           |  0.19+0.20i -0.18+0.11i  0.86+0.00i |

B[1][1] =  |  0.78+0.00i -0.29+0.06i -0.24+0.16i |
           | -0.29-0.06i  0.11+0.00i  0.10-0.04i |
           | -0.24-0.16i  0.10+0.04i  0.11+0.00i |

B[1][2] =  |  0.13+0.00i  0.30-0.12i  0.05+0.04i |
           |  0.30+0.12i  0.84+0.00i  0.08+0.15i |
           |  0.05-0.04i  0.08-0.15i  0.03+0.00i |

B[2][0] =  |  0.19+0.00i -0.17+0.24i -0.17-0.19i |
           | -0.17-0.24i  0.47+0.00i -0.09+0.39i |
           | -0.17+0.19i -0.09-0.39i  0.35+0.00i |

B[2][1] =  |  0.14+0.00i -0.02-0.26i -0.23+0.03i |
           | -0.02+0.26i  0.48+0.00i -0.03-0.43i |
           | -0.23-0.03i -0.03+0.43i  0.38+0.00i |

B[2][2] =  |  0.67+0.00i  0.19+0.02i  0.40+0.16i |
           |  0.19-0.02i  0.05+0.00i  0.12+0.03i |
           |  0.40-0.16i  0.12-0.03i  0.27+0.00i |

B[3][0] =  |  0.57+0.00i  0.35+0.02i -0.32+0.12i |
           |  0.35-0.02i  0.22+0.00i -0.19+0.09i |
           | -0.32-0.12i -0.19-0.09i  0.21+0.00i |

B[3][1] =  |  0.07+0.00i  0.02-0.15i  0.07-0.19i |
           |  0.02+0.15i  0.33+0.00i  0.44+0.08i |
           |  0.07+0.19i  0.44-0.08i  0.60+0.00i |

B[3][2] =  |  0.35+0.00i -0.38+0.13i  0.25+0.07i |
           | -0.38-0.13i  0.45+0.00i -0.24-0.17i |
           |  0.25-0.07i -0.24+0.17i  0.20+0.00i |

B[4][0] =  |  0.18+0.00i -0.09+0.32i  0.02+0.19i |
           | -0.09-0.32i  0.61+0.00i  0.34-0.13i |
           |  0.02-0.19i  0.34+0.13i  0.21+0.00i |

B[4][1] =  |  0.15+0.00i  0.02-0.24i  0.10+0.25i |
           |  0.02+0.24i  0.37+0.00i -0.38+0.19i |
           |  0.10-0.25i -0.38-0.19i  0.48+0.00i |

B[4][2] =  |  0.67+0.00i  0.07-0.08i -0.12-0.44i |
           |  0.07+0.08i  0.02+0.00i  0.04-0.06i |
           | -0.12+0.44i  0.04+0.06i  0.31+0.00i |

moments 0 1 =  | (0.1111,0.0000) (0.4444,0.0000) (0.4445,0.0000) |
               | (0.4443,0.0000) (0.4445,0.0000) (0.1111,0.0000) |
               | (0.4445,0.0000) (0.1111,-0.0000) (0.4444,0.0000) |

moments 0 2 =  | (0.3333,0.0000) (0.3333,-0.0000) (0.3334,0.0000) |
               | (0.3334,-0.0000) (0.3333,0.0000) (0.3332,-0.0000) |
               | (0.3333,0.0000) (0.3334,0.0000) (0.3334,0.0000) |

moments 0 3 =  | (0.1111,-0.0000) (0.4440,0.0000) (0.4448,-0.0000) |
               | (0.4441,-0.0000) (0.4449,0.0000) (0.1111,0.0000) |
               | (0.4448,-0.0000) (0.1111,0.0000) (0.4441,-0.0000) |

moments 0 4 =  | (0.1111,0.0000) (0.4441,0.0000) (0.4448,0.0000) |
               | (0.4440,0.0000) (0.4448,0.0000) (0.1112,-0.0000) |
               | (0.4449,0.0000) (0.1111,0.0000) (0.4440,0.0000) |

moments 1 2 =  | (0.3333,0.0000) (0.3333,0.0000) (0.3333,-0.0000) |
               | (0.3333,0.0000) (0.3334,0.0000) (0.3333,-0.0000) |
               | (0.3333,0.0000) (0.3333,0.0000) (0.3334,0.0000) |

moments 1 3 =  | (0.1111,0.0000) (0.4441,0.0000) (0.4448,0.0000) |
               | (0.4447,-0.0000) (0.1112,0.0000) (0.4441,0.0000) |
               | (0.4443,0.0000) (0.4447,0.0000) (0.1111,0.0000) |

moments 1 4 =  | (0.1111,-0.0000) (0.4442,0.0000) (0.4447,-0.0000) |
               | (0.4447,-0.0000) (0.1111,-0.0000) (0.4442,-0.0000) |
               | (0.4441,0.0000) (0.4447,0.0000) (0.1111,-0.0000) |

moments 2 3 =  | (0.3333,-0.0000) (0.3334,0.0000) (0.3333,-0.0000) |
               | (0.3333,0.0000) (0.3333,0.0000) (0.3334,0.0000) |
               | (0.3334,0.0000) (0.3333,-0.0000) (0.3333,0.0000) |

moments 2 4 =  | (0.3333,0.0000) (0.3334,0.0000) (0.3333,0.0000) |
               | (0.3334,0.0000) (0.3333,0.0000) (0.3334,-0.0000) |
               | (0.3333,0.0000) (0.3334,0.0000) (0.3333,-0.0000) |

moments 3 4 =  | (0.1111,-0.0000) (0.4443,0.0000) (0.4445,0.0000) |
               | (0.4445,-0.0000) (0.1112,-0.0000) (0.4444,0.0000) |
               | (0.4444,0.0000) (0.4445,-0.0000) (0.1111,0.0000) |
final result = 24.30327 <= 24.49490 (0.19163 away)
